#
# There is insufficient memory for the Java Runtime Environment to continue.
# Native memory allocation (malloc) failed to allocate 1048576 bytes for AllocateHeap
# Possible reasons:
#   The system is out of physical RAM or swap space
#   The process is running with CompressedOops enabled, and the Java Heap may be blocking the growth of the native heap
# Possible solutions:
#   Reduce memory load on the system
#   Increase physical memory or swap space
#   Check if swap backing store is full
#   Decrease Java heap size (-Xmx/-Xms)
#   Decrease number of Java threads
#   Decrease Java thread stack sizes (-Xss)
#   Set larger code cache with -XX:ReservedCodeCacheSize=
#   JVM is running with Unscaled Compressed Oops mode in which the Java heap is
#     placed in the first 4GB address space. The Java Heap base address is the
#     maximum limit for the native heap growth. Please use -XX:HeapBaseMinAddress
#     to set the Java Heap base and to place the Java Heap above 4GB virtual address.
# This output file may be truncated or incomplete.
#
#  Out of Memory Error (./src/hotspot/share/memory/allocation.cpp:46), pid=26620, tid=8588
#
# JRE version: OpenJDK Runtime Environment JBR-11.0.10.8-1145.96-jcef (11.0.10+8) (build 11.0.10+8-b1145.96)
# Java VM: OpenJDK 64-Bit Server VM JBR-11.0.10.8-1145.96-jcef (11.0.10+8-b1145.96, mixed mode, tiered, compressed oops, g1 gc, windows-amd64)
# No core dump will be written. Minidumps are not enabled by default on client versions of Windows
#

---------------  S U M M A R Y ------------

Command Line: -Djava.rmi.server.hostname=127.0.0.1 -Duser.timezone=UTC -Djava.library.path=C:\Users\Administrator\AppData\Local\JetBrains\IntelliJIdea2020.3\jdbc-native-deps\SQL Server\9.2.0\sqlserver-win-auth\x64 -Xmx1523m -Xms128m -Dfile.encoding=UTF-8 com.intellij.database.remote.RemoteJdbcServer com.microsoft.sqlserver.jdbc.SQLServerDriver

Host: Intel(R) Core(TM) i5-7200U CPU @ 2.50GHz, 4 cores, 11G,  Windows 10 , 64 bit Build 19041 (10.0.19041.1023)
Time: Tue Jul  6 00:28:38 2021 中国标准时间 elapsed time: 0.545172 seconds (0d 0h 0m 0s)

---------------  T H R E A D  ---------------

Current thread (0x000002a791185800):  VMThread "VM Thread" [stack: 0x000000c609a00000,0x000000c609b00000] [id=8588]

Stack: [0x000000c609a00000,0x000000c609b00000]
[error occurred during error reporting (printing stack bounds), id 0xc0000005, EXCEPTION_ACCESS_VIOLATION (0xc0000005) at pc=0x000002a780000f2d]

Native frames: (J=compiled Java code, j=interpreted, Vv=VM code, C=native code)
V  [jvm.dll+0x5ece6a]
V  [jvm.dll+0x722cd5]
V  [jvm.dll+0x72422d]
V  [jvm.dll+0x724845]
V  [jvm.dll+0x7247fb]
V  [jvm.dll+0x5ec208]
V  [jvm.dll+0x5ec998]
C  [ntdll.dll+0xa217f]
C  [ntdll.dll+0x51454]
C  [ntdll.dll+0xa0cae]
C  0x000002a780000f2d

VM_Operation (0x000000c60a1fe570): CollectForMetadataAllocation, mode: safepoint, requested by thread 0x000002a7911e7800


---------------  P R O C E S S  ---------------

Threads class SMR info:
_java_thread_list=0x000002a791b81120, length=10, elements={
0x000002a7f6797800, 0x000002a791189800, 0x000002a7911b3000, 0x000002a791a42800,
0x000002a7911da000, 0x000002a7911dc800, 0x000002a7911e3800, 0x000002a7911e7800,
0x000002a7911e9800, 0x000002a791bb3800
}

Java Threads: ( => current thread )
  0x000002a7f6797800 JavaThread "main" [_thread_blocked, id=5172, stack(0x000000c609400000,0x000000c609500000)]
  0x000002a791189800 JavaThread "Reference Handler" daemon [_thread_blocked, id=26504, stack(0x000000c609b00000,0x000000c609c00000)]
  0x000002a7911b3000 JavaThread "Finalizer" daemon [_thread_blocked, id=25804, stack(0x000000c609c00000,0x000000c609d00000)]
  0x000002a791a42800 JavaThread "Signal Dispatcher" daemon [_thread_blocked, id=25640, stack(0x000000c609d00000,0x000000c609e00000)]
  0x000002a7911da000 JavaThread "Attach Listener" daemon [_thread_blocked, id=23708, stack(0x000000c609e00000,0x000000c609f00000)]
  0x000002a7911dc800 JavaThread "Service Thread" daemon [_thread_blocked, id=12444, stack(0x000000c609f00000,0x000000c60a000000)]
  0x000002a7911e3800 JavaThread "C2 CompilerThread0" daemon [_thread_blocked, id=1724, stack(0x000000c60a000000,0x000000c60a100000)]
  0x000002a7911e7800 JavaThread "C1 CompilerThread0" daemon [_thread_blocked, id=17296, stack(0x000000c60a100000,0x000000c60a200000)]
  0x000002a7911e9800 JavaThread "Sweeper thread" daemon [_thread_blocked, id=13140, stack(0x000000c60a200000,0x000000c60a300000)]
  0x000002a791bb3800 JavaThread "Common-Cleaner" daemon [_thread_blocked, id=28580, stack(0x000000c60a400000,0x000000c60a500000)]

Other Threads:
=>0x000002a791185800 VMThread "VM Thread" [stack: 0x000000c609a00000,0x000000c609b00000] [id=8588]
  0x000002a791baf000 WatcherThread [stack: 0x000000c60a300000,0x000000c60a400000] [id=27432]
  0x000002a7f67b0800 GCTaskThread "GC Thread#0" [stack: 0x000000c609500000,0x000000c609600000] [id=16084]
  0x000002a791c6b800 GCTaskThread "GC Thread#1" [stack: 0x000000c60a500000,0x000000c60a600000] [id=28064]
  0x000002a791bb2000 GCTaskThread "GC Thread#2" [stack: 0x000000c60a600000,0x000000c60a700000] [id=6452]
  0x000002a7f67d7000 ConcurrentGCThread "G1 Main Marker" [stack: 0x000000c609600000,0x000000c609700000] [id=26972]
  0x000002a7f67da800 ConcurrentGCThread "G1 Conc#0" [stack: 0x000000c609700000,0x000000c609800000] [id=6824]
  0x000002a7f686c000 ConcurrentGCThread "G1 Refine#0" [stack: 0x000000c609800000,0x000000c609900000] [id=9612]
  0x000002a7f686d000 ConcurrentGCThread "G1 Young RemSet Sampling" [stack: 0x000000c609900000,0x000000c609a00000] [id=10800]

Threads with active compile tasks:
C1 CompilerThread0    560  356       3       sun.security.provider.SHA2::implCompress (13 bytes)

VM state:at safepoint (normal execution)

VM Mutex/Monitor currently owned by a thread:  ([mutex/lock_event])
[0x000002a7f67975f0] Threads_lock - owner thread: 0x000002a791185800
[0x000002a7f6796750] Heap_lock - owner thread: 0x000002a7911e7800
[0x000002a7f6795dc0] MethodData_lock - owner thread: 0x000002a7911e7800

Heap address: 0x00000000a0c00000, size: 1524 MB, Compressed Oops mode: 32-bit
Narrow klass base: 0x0000000000000000, Narrow klass shift: 3
Compressed class space size: 1073741824 Address: 0x0000000100000000

Heap:
 garbage-first heap   total 131072K, used 2942K [0x00000000a0c00000, 0x0000000100000000)
  region size 1024K, 3 young (3072K), 3 survivors (3072K)
 Metaspace       used 8049K, capacity 8126K, committed 8192K, reserved 1083392K
  class space    used 707K, capacity 725K, committed 768K, reserved 1048576K
Heap Regions: E=young(eden), S=young(survivor), O=old, HS=humongous(starts), HC=humongous(continues), CS=collection set, F=free, A=archive, TAMS=top-at-mark-start (previous, next)
|   0|0x00000000a0c00000, 0x00000000a0c2a800, 0x00000000a0d00000| 16%| O|  |TAMS 0x00000000a0c2a800, 0x00000000a0c2a800| Untracked 
|   1|0x00000000a0d00000, 0x00000000a0d00000, 0x00000000a0e00000|  0%| F|  |TAMS 0x00000000a0d00000, 0x00000000a0d00000| Untracked 
|   2|0x00000000a0e00000, 0x00000000a0e00000, 0x00000000a0f00000|  0%| F|  |TAMS 0x00000000a0e00000, 0x00000000a0e00000| Untracked 
|   3|0x00000000a0f00000, 0x00000000a0f00000, 0x00000000a1000000|  0%| F|  |TAMS 0x00000000a0f00000, 0x00000000a0f00000| Untracked 
|   4|0x00000000a1000000, 0x00000000a1000000, 0x00000000a1100000|  0%| F|  |TAMS 0x00000000a1000000, 0x00000000a1000000| Untracked 
|   5|0x00000000a1100000, 0x00000000a1100000, 0x00000000a1200000|  0%| F|  |TAMS 0x00000000a1100000, 0x00000000a1100000| Untracked 
|   6|0x00000000a1200000, 0x00000000a1200000, 0x00000000a1300000|  0%| F|  |TAMS 0x00000000a1200000, 0x00000000a1200000| Untracked 
|   7|0x00000000a1300000, 0x00000000a1300000, 0x00000000a1400000|  0%| F|  |TAMS 0x00000000a1300000, 0x00000000a1300000| Untracked 
|   8|0x00000000a1400000, 0x00000000a1400000, 0x00000000a1500000|  0%| F|  |TAMS 0x00000000a1400000, 0x00000000a1400000| Untracked 
|   9|0x00000000a1500000, 0x00000000a1500000, 0x00000000a1600000|  0%| F|  |TAMS 0x00000000a1500000, 0x00000000a1500000| Untracked 
|  10|0x00000000a1600000, 0x00000000a1600000, 0x00000000a1700000|  0%| F|  |TAMS 0x00000000a1600000, 0x00000000a1600000| Untracked 
|  11|0x00000000a1700000, 0x00000000a1700000, 0x00000000a1800000|  0%| F|  |TAMS 0x00000000a1700000, 0x00000000a1700000| Untracked 
|  12|0x00000000a1800000, 0x00000000a1800000, 0x00000000a1900000|  0%| F|  |TAMS 0x00000000a1800000, 0x00000000a1800000| Untracked 
|  13|0x00000000a1900000, 0x00000000a1900000, 0x00000000a1a00000|  0%| F|  |TAMS 0x00000000a1900000, 0x00000000a1900000| Untracked 
|  14|0x00000000a1a00000, 0x00000000a1a00000, 0x00000000a1b00000|  0%| F|  |TAMS 0x00000000a1a00000, 0x00000000a1a00000| Untracked 
|  15|0x00000000a1b00000, 0x00000000a1b00000, 0x00000000a1c00000|  0%| F|  |TAMS 0x00000000a1b00000, 0x00000000a1b00000| Untracked 
|  16|0x00000000a1c00000, 0x00000000a1c00000, 0x00000000a1d00000|  0%| F|  |TAMS 0x00000000a1c00000, 0x00000000a1c00000| Untracked 
|  17|0x00000000a1d00000, 0x00000000a1d00000, 0x00000000a1e00000|  0%| F|  |TAMS 0x00000000a1d00000, 0x00000000a1d00000| Untracked 
|  18|0x00000000a1e00000, 0x00000000a1e00000, 0x00000000a1f00000|  0%| F|  |TAMS 0x00000000a1e00000, 0x00000000a1e00000| Untracked 
|  19|0x00000000a1f00000, 0x00000000a1f00000, 0x00000000a2000000|  0%| F|  |TAMS 0x00000000a1f00000, 0x00000000a1f00000| Untracked 
|  20|0x00000000a2000000, 0x00000000a2000000, 0x00000000a2100000|  0%| F|  |TAMS 0x00000000a2000000, 0x00000000a2000000| Untracked 
|  21|0x00000000a2100000, 0x00000000a2100000, 0x00000000a2200000|  0%| F|  |TAMS 0x00000000a2100000, 0x00000000a2100000| Untracked 
|  22|0x00000000a2200000, 0x00000000a2200000, 0x00000000a2300000|  0%| F|  |TAMS 0x00000000a2200000, 0x00000000a2200000| Untracked 
|  23|0x00000000a2300000, 0x00000000a2300000, 0x00000000a2400000|  0%| F|  |TAMS 0x00000000a2300000, 0x00000000a2300000| Untracked 
|  24|0x00000000a2400000, 0x00000000a2400000, 0x00000000a2500000|  0%| F|  |TAMS 0x00000000a2400000, 0x00000000a2400000| Untracked 
|  25|0x00000000a2500000, 0x00000000a2500000, 0x00000000a2600000|  0%| F|  |TAMS 0x00000000a2500000, 0x00000000a2500000| Untracked 
|  26|0x00000000a2600000, 0x00000000a2600000, 0x00000000a2700000|  0%| F|  |TAMS 0x00000000a2600000, 0x00000000a2600000| Untracked 
|  27|0x00000000a2700000, 0x00000000a2700000, 0x00000000a2800000|  0%| F|  |TAMS 0x00000000a2700000, 0x00000000a2700000| Untracked 
|  28|0x00000000a2800000, 0x00000000a2800000, 0x00000000a2900000|  0%| F|  |TAMS 0x00000000a2800000, 0x00000000a2800000| Untracked 
|  29|0x00000000a2900000, 0x00000000a2900000, 0x00000000a2a00000|  0%| F|  |TAMS 0x00000000a2900000, 0x00000000a2900000| Untracked 
|  30|0x00000000a2a00000, 0x00000000a2a00000, 0x00000000a2b00000|  0%| F|  |TAMS 0x00000000a2a00000, 0x00000000a2a00000| Untracked 
|  31|0x00000000a2b00000, 0x00000000a2b00000, 0x00000000a2c00000|  0%| F|  |TAMS 0x00000000a2b00000, 0x00000000a2b00000| Untracked 
|  32|0x00000000a2c00000, 0x00000000a2c00000, 0x00000000a2d00000|  0%| F|  |TAMS 0x00000000a2c00000, 0x00000000a2c00000| Untracked 
|  33|0x00000000a2d00000, 0x00000000a2d00000, 0x00000000a2e00000|  0%| F|  |TAMS 0x00000000a2d00000, 0x00000000a2d00000| Untracked 
|  34|0x00000000a2e00000, 0x00000000a2e00000, 0x00000000a2f00000|  0%| F|  |TAMS 0x00000000a2e00000, 0x00000000a2e00000| Untracked 
|  35|0x00000000a2f00000, 0x00000000a2f00000, 0x00000000a3000000|  0%| F|  |TAMS 0x00000000a2f00000, 0x00000000a2f00000| Untracked 
|  36|0x00000000a3000000, 0x00000000a3000000, 0x00000000a3100000|  0%| F|  |TAMS 0x00000000a3000000, 0x00000000a3000000| Untracked 
|  37|0x00000000a3100000, 0x00000000a3100000, 0x00000000a3200000|  0%| F|  |TAMS 0x00000000a3100000, 0x00000000a3100000| Untracked 
|  38|0x00000000a3200000, 0x00000000a3200000, 0x00000000a3300000|  0%| F|  |TAMS 0x00000000a3200000, 0x00000000a3200000| Untracked 
|  39|0x00000000a3300000, 0x00000000a3300000, 0x00000000a3400000|  0%| F|  |TAMS 0x00000000a3300000, 0x00000000a3300000| Untracked 
|  40|0x00000000a3400000, 0x00000000a3400000, 0x00000000a3500000|  0%| F|  |TAMS 0x00000000a3400000, 0x00000000a3400000| Untracked 
|  41|0x00000000a3500000, 0x00000000a3500000, 0x00000000a3600000|  0%| F|  |TAMS 0x00000000a3500000, 0x00000000a3500000| Untracked 
|  42|0x00000000a3600000, 0x00000000a3600000, 0x00000000a3700000|  0%| F|  |TAMS 0x00000000a3600000, 0x00000000a3600000| Untracked 
|  43|0x00000000a3700000, 0x00000000a3700000, 0x00000000a3800000|  0%| F|  |TAMS 0x00000000a3700000, 0x00000000a3700000| Untracked 
|  44|0x00000000a3800000, 0x00000000a3800000, 0x00000000a3900000|  0%| F|  |TAMS 0x00000000a3800000, 0x00000000a3800000| Untracked 
|  45|0x00000000a3900000, 0x00000000a3900000, 0x00000000a3a00000|  0%| F|  |TAMS 0x00000000a3900000, 0x00000000a3900000| Untracked 
|  46|0x00000000a3a00000, 0x00000000a3a00000, 0x00000000a3b00000|  0%| F|  |TAMS 0x00000000a3a00000, 0x00000000a3a00000| Untracked 
|  47|0x00000000a3b00000, 0x00000000a3b00000, 0x00000000a3c00000|  0%| F|  |TAMS 0x00000000a3b00000, 0x00000000a3b00000| Untracked 
|  48|0x00000000a3c00000, 0x00000000a3c00000, 0x00000000a3d00000|  0%| F|  |TAMS 0x00000000a3c00000, 0x00000000a3c00000| Untracked 
|  49|0x00000000a3d00000, 0x00000000a3d00000, 0x00000000a3e00000|  0%| F|  |TAMS 0x00000000a3d00000, 0x00000000a3d00000| Untracked 
|  50|0x00000000a3e00000, 0x00000000a3e00000, 0x00000000a3f00000|  0%| F|  |TAMS 0x00000000a3e00000, 0x00000000a3e00000| Untracked 
|  51|0x00000000a3f00000, 0x00000000a3f00000, 0x00000000a4000000|  0%| F|  |TAMS 0x00000000a3f00000, 0x00000000a3f00000| Untracked 
|  52|0x00000000a4000000, 0x00000000a4000000, 0x00000000a4100000|  0%| F|  |TAMS 0x00000000a4000000, 0x00000000a4000000| Untracked 
|  53|0x00000000a4100000, 0x00000000a4100000, 0x00000000a4200000|  0%| F|  |TAMS 0x00000000a4100000, 0x00000000a4100000| Untracked 
|  54|0x00000000a4200000, 0x00000000a4200000, 0x00000000a4300000|  0%| F|  |TAMS 0x00000000a4200000, 0x00000000a4200000| Untracked 
|  55|0x00000000a4300000, 0x00000000a4300000, 0x00000000a4400000|  0%| F|  |TAMS 0x00000000a4300000, 0x00000000a4300000| Untracked 
|  56|0x00000000a4400000, 0x00000000a4400000, 0x00000000a4500000|  0%| F|  |TAMS 0x00000000a4400000, 0x00000000a4400000| Untracked 
|  57|0x00000000a4500000, 0x00000000a4500000, 0x00000000a4600000|  0%| F|  |TAMS 0x00000000a4500000, 0x00000000a4500000| Untracked 
|  58|0x00000000a4600000, 0x00000000a4600000, 0x00000000a4700000|  0%| F|  |TAMS 0x00000000a4600000, 0x00000000a4600000| Untracked 
|  59|0x00000000a4700000, 0x00000000a4700000, 0x00000000a4800000|  0%| F|  |TAMS 0x00000000a4700000, 0x00000000a4700000| Untracked 
|  60|0x00000000a4800000, 0x00000000a4800000, 0x00000000a4900000|  0%| F|  |TAMS 0x00000000a4800000, 0x00000000a4800000| Untracked 
|  61|0x00000000a4900000, 0x00000000a4900000, 0x00000000a4a00000|  0%| F|  |TAMS 0x00000000a4900000, 0x00000000a4900000| Untracked 
|  62|0x00000000a4a00000, 0x00000000a4a00000, 0x00000000a4b00000|  0%| F|  |TAMS 0x00000000a4a00000, 0x00000000a4a00000| Untracked 
|  63|0x00000000a4b00000, 0x00000000a4b00000, 0x00000000a4c00000|  0%| F|  |TAMS 0x00000000a4b00000, 0x00000000a4b00000| Untracked 
|  64|0x00000000a4c00000, 0x00000000a4c00000, 0x00000000a4d00000|  0%| F|  |TAMS 0x00000000a4c00000, 0x00000000a4c00000| Untracked 
|  65|0x00000000a4d00000, 0x00000000a4d00000, 0x00000000a4e00000|  0%| F|  |TAMS 0x00000000a4d00000, 0x00000000a4d00000| Untracked 
|  66|0x00000000a4e00000, 0x00000000a4e00000, 0x00000000a4f00000|  0%| F|  |TAMS 0x00000000a4e00000, 0x00000000a4e00000| Untracked 
|  67|0x00000000a4f00000, 0x00000000a4f00000, 0x00000000a5000000|  0%| F|  |TAMS 0x00000000a4f00000, 0x00000000a4f00000| Untracked 
|  68|0x00000000a5000000, 0x00000000a5000000, 0x00000000a5100000|  0%| F|  |TAMS 0x00000000a5000000, 0x00000000a5000000| Untracked 
|  69|0x00000000a5100000, 0x00000000a5100000, 0x00000000a5200000|  0%| F|  |TAMS 0x00000000a5100000, 0x00000000a5100000| Untracked 
|  70|0x00000000a5200000, 0x00000000a5200000, 0x00000000a5300000|  0%| F|  |TAMS 0x00000000a5200000, 0x00000000a5200000| Untracked 
|  71|0x00000000a5300000, 0x00000000a5300000, 0x00000000a5400000|  0%| F|  |TAMS 0x00000000a5300000, 0x00000000a5300000| Untracked 
|  72|0x00000000a5400000, 0x00000000a5400000, 0x00000000a5500000|  0%| F|  |TAMS 0x00000000a5400000, 0x00000000a5400000| Untracked 
|  73|0x00000000a5500000, 0x00000000a5500000, 0x00000000a5600000|  0%| F|  |TAMS 0x00000000a5500000, 0x00000000a5500000| Untracked 
|  74|0x00000000a5600000, 0x00000000a5600000, 0x00000000a5700000|  0%| F|  |TAMS 0x00000000a5600000, 0x00000000a5600000| Untracked 
|  75|0x00000000a5700000, 0x00000000a5700000, 0x00000000a5800000|  0%| F|  |TAMS 0x00000000a5700000, 0x00000000a5700000| Untracked 
|  76|0x00000000a5800000, 0x00000000a5800000, 0x00000000a5900000|  0%| F|  |TAMS 0x00000000a5800000, 0x00000000a5800000| Untracked 
|  77|0x00000000a5900000, 0x00000000a5900000, 0x00000000a5a00000|  0%| F|  |TAMS 0x00000000a5900000, 0x00000000a5900000| Untracked 
|  78|0x00000000a5a00000, 0x00000000a5a00000, 0x00000000a5b00000|  0%| F|  |TAMS 0x00000000a5a00000, 0x00000000a5a00000| Untracked 
|  79|0x00000000a5b00000, 0x00000000a5b00000, 0x00000000a5c00000|  0%| F|  |TAMS 0x00000000a5b00000, 0x00000000a5b00000| Untracked 
|  80|0x00000000a5c00000, 0x00000000a5c00000, 0x00000000a5d00000|  0%| F|  |TAMS 0x00000000a5c00000, 0x00000000a5c00000| Untracked 
|  81|0x00000000a5d00000, 0x00000000a5d00000, 0x00000000a5e00000|  0%| F|  |TAMS 0x00000000a5d00000, 0x00000000a5d00000| Untracked 
|  82|0x00000000a5e00000, 0x00000000a5e00000, 0x00000000a5f00000|  0%| F|  |TAMS 0x00000000a5e00000, 0x00000000a5e00000| Untracked 
|  83|0x00000000a5f00000, 0x00000000a5f00000, 0x00000000a6000000|  0%| F|  |TAMS 0x00000000a5f00000, 0x00000000a5f00000| Untracked 
|  84|0x00000000a6000000, 0x00000000a6000000, 0x00000000a6100000|  0%| F|  |TAMS 0x00000000a6000000, 0x00000000a6000000| Untracked 
|  85|0x00000000a6100000, 0x00000000a6100000, 0x00000000a6200000|  0%| F|  |TAMS 0x00000000a6100000, 0x00000000a6100000| Untracked 
|  86|0x00000000a6200000, 0x00000000a6200000, 0x00000000a6300000|  0%| F|  |TAMS 0x00000000a6200000, 0x00000000a6200000| Untracked 
|  87|0x00000000a6300000, 0x00000000a6300000, 0x00000000a6400000|  0%| F|  |TAMS 0x00000000a6300000, 0x00000000a6300000| Untracked 
|  88|0x00000000a6400000, 0x00000000a6400000, 0x00000000a6500000|  0%| F|  |TAMS 0x00000000a6400000, 0x00000000a6400000| Untracked 
|  89|0x00000000a6500000, 0x00000000a6500000, 0x00000000a6600000|  0%| F|  |TAMS 0x00000000a6500000, 0x00000000a6500000| Untracked 
|  90|0x00000000a6600000, 0x00000000a6600000, 0x00000000a6700000|  0%| F|  |TAMS 0x00000000a6600000, 0x00000000a6600000| Untracked 
|  91|0x00000000a6700000, 0x00000000a6700000, 0x00000000a6800000|  0%| F|  |TAMS 0x00000000a6700000, 0x00000000a6700000| Untracked 
|  92|0x00000000a6800000, 0x00000000a6800000, 0x00000000a6900000|  0%| F|  |TAMS 0x00000000a6800000, 0x00000000a6800000| Untracked 
|  93|0x00000000a6900000, 0x00000000a6900000, 0x00000000a6a00000|  0%| F|  |TAMS 0x00000000a6900000, 0x00000000a6900000| Untracked 
|  94|0x00000000a6a00000, 0x00000000a6a00000, 0x00000000a6b00000|  0%| F|  |TAMS 0x00000000a6a00000, 0x00000000a6a00000| Untracked 
|  95|0x00000000a6b00000, 0x00000000a6b00000, 0x00000000a6c00000|  0%| F|  |TAMS 0x00000000a6b00000, 0x00000000a6b00000| Untracked 
|  96|0x00000000a6c00000, 0x00000000a6c00000, 0x00000000a6d00000|  0%| F|  |TAMS 0x00000000a6c00000, 0x00000000a6c00000| Untracked 
|  97|0x00000000a6d00000, 0x00000000a6d00000, 0x00000000a6e00000|  0%| F|  |TAMS 0x00000000a6d00000, 0x00000000a6d00000| Untracked 
|  98|0x00000000a6e00000, 0x00000000a6e00000, 0x00000000a6f00000|  0%| F|  |TAMS 0x00000000a6e00000, 0x00000000a6e00000| Untracked 
|  99|0x00000000a6f00000, 0x00000000a6f00000, 0x00000000a7000000|  0%| F|  |TAMS 0x00000000a6f00000, 0x00000000a6f00000| Untracked 
| 100|0x00000000a7000000, 0x00000000a7000000, 0x00000000a7100000|  0%| F|  |TAMS 0x00000000a7000000, 0x00000000a7000000| Untracked 
| 101|0x00000000a7100000, 0x00000000a7100000, 0x00000000a7200000|  0%| F|  |TAMS 0x00000000a7100000, 0x00000000a7100000| Untracked 
| 102|0x00000000a7200000, 0x00000000a7200000, 0x00000000a7300000|  0%| F|  |TAMS 0x00000000a7200000, 0x00000000a7200000| Untracked 
| 103|0x00000000a7300000, 0x00000000a7300000, 0x00000000a7400000|  0%| F|  |TAMS 0x00000000a7300000, 0x00000000a7300000| Untracked 
| 104|0x00000000a7400000, 0x00000000a7400000, 0x00000000a7500000|  0%| F|  |TAMS 0x00000000a7400000, 0x00000000a7400000| Untracked 
| 105|0x00000000a7500000, 0x00000000a7500000, 0x00000000a7600000|  0%| F|  |TAMS 0x00000000a7500000, 0x00000000a7500000| Untracked 
| 106|0x00000000a7600000, 0x00000000a7600000, 0x00000000a7700000|  0%| F|  |TAMS 0x00000000a7600000, 0x00000000a7600000| Untracked 
| 107|0x00000000a7700000, 0x00000000a7700000, 0x00000000a7800000|  0%| F|  |TAMS 0x00000000a7700000, 0x00000000a7700000| Untracked 
| 108|0x00000000a7800000, 0x00000000a7800000, 0x00000000a7900000|  0%| F|  |TAMS 0x00000000a7800000, 0x00000000a7800000| Untracked 
| 109|0x00000000a7900000, 0x00000000a7900000, 0x00000000a7a00000|  0%| F|  |TAMS 0x00000000a7900000, 0x00000000a7900000| Untracked 
| 110|0x00000000a7a00000, 0x00000000a7a00000, 0x00000000a7b00000|  0%| F|  |TAMS 0x00000000a7a00000, 0x00000000a7a00000| Untracked 
| 111|0x00000000a7b00000, 0x00000000a7b00000, 0x00000000a7c00000|  0%| F|  |TAMS 0x00000000a7b00000, 0x00000000a7b00000| Untracked 
| 112|0x00000000a7c00000, 0x00000000a7c00000, 0x00000000a7d00000|  0%| F|  |TAMS 0x00000000a7c00000, 0x00000000a7c00000| Untracked 
| 113|0x00000000a7d00000, 0x00000000a7d00000, 0x00000000a7e00000|  0%| F|  |TAMS 0x00000000a7d00000, 0x00000000a7d00000| Untracked 
| 114|0x00000000a7e00000, 0x00000000a7e00000, 0x00000000a7f00000|  0%| F|  |TAMS 0x00000000a7e00000, 0x00000000a7e00000| Untracked 
| 115|0x00000000a7f00000, 0x00000000a7f00000, 0x00000000a8000000|  0%| F|  |TAMS 0x00000000a7f00000, 0x00000000a7f00000| Untracked 
| 116|0x00000000a8000000, 0x00000000a8000000, 0x00000000a8100000|  0%| F|  |TAMS 0x00000000a8000000, 0x00000000a8000000| Untracked 
| 117|0x00000000a8100000, 0x00000000a8100000, 0x00000000a8200000|  0%| F|  |TAMS 0x00000000a8100000, 0x00000000a8100000| Untracked 
| 118|0x00000000a8200000, 0x00000000a8200000, 0x00000000a8300000|  0%| F|  |TAMS 0x00000000a8200000, 0x00000000a8200000| Untracked 
| 119|0x00000000a8300000, 0x00000000a8300000, 0x00000000a8400000|  0%| F|  |TAMS 0x00000000a8300000, 0x00000000a8300000| Untracked 
| 120|0x00000000a8400000, 0x00000000a84b5130, 0x00000000a8500000| 70%| S|CS|TAMS 0x00000000a8400000, 0x00000000a8400000| Complete 
| 121|0x00000000a8500000, 0x00000000a8600000, 0x00000000a8600000|100%| S|CS|TAMS 0x00000000a8500000, 0x00000000a8500000| Complete 
| 122|0x00000000a8600000, 0x00000000a8600000, 0x00000000a8700000|  0%| F|  |TAMS 0x00000000a8600000, 0x00000000a8600000| Untracked 
| 123|0x00000000a8700000, 0x00000000a8700000, 0x00000000a8800000|  0%| F|  |TAMS 0x00000000a8700000, 0x00000000a8700000| Untracked 
| 124|0x00000000a8800000, 0x00000000a8900000, 0x00000000a8900000|100%| S|CS|TAMS 0x00000000a8800000, 0x00000000a8800000| Complete 
| 125|0x00000000a8900000, 0x00000000a8900000, 0x00000000a8a00000|  0%| F|  |TAMS 0x00000000a8900000, 0x00000000a8900000| Untracked 
| 126|0x00000000a8a00000, 0x00000000a8a00000, 0x00000000a8b00000|  0%| F|  |TAMS 0x00000000a8a00000, 0x00000000a8a00000| Untracked 
| 127|0x00000000a8b00000, 0x00000000a8b00000, 0x00000000a8c00000|  0%| F|  |TAMS 0x00000000a8b00000, 0x00000000a8b00000| Untracked 

Card table byte_map: [0x000002a7fc4b0000,0x000002a7fc7b0000] _byte_map_base: 0x000002a7fbfaa000

Marking Bits (Prev, Next): (CMBitMap*) 0x000002a7f67d0460, (CMBitMap*) 0x000002a7f67d0428
 Prev Bits: [0x000002a7fe280000, 0x000002a7ffa50000)
 Next Bits: [0x000002a7fcab0000, 0x000002a7fe280000)

Polling page: 0x000002a7fbb60000

Metaspace:

Usage:
  Non-class:      7.23 MB capacity,     7.17 MB (>99%) used,    54.89 KB ( <1%) free+waste,     4.31 KB ( <1%) overhead. 
      Class:    725.00 KB capacity,   707.47 KB ( 98%) used,    16.03 KB (  2%) free+waste,     1.50 KB ( <1%) overhead. 
       Both:      7.94 MB capacity,     7.86 MB (>99%) used,    70.92 KB ( <1%) free+waste,     5.81 KB ( <1%) overhead. 

Virtual space:
  Non-class space:       34.00 MB reserved,       7.25 MB ( 21%) committed 
      Class space:        1.00 GB reserved,     768.00 KB ( <1%) committed 
             Both:        1.03 GB reserved,       8.00 MB ( <1%) committed 

Chunk freelists:
   Non-Class:  23.00 KB
       Class:  11.00 KB
        Both:  34.00 KB

MaxMetaspaceSize: 17179869184.00 GB
CompressedClassSpaceSize: 1.00 GB

CodeHeap 'non-profiled nmethods': size=120064Kb used=85Kb max_used=85Kb free=119978Kb
 bounds [0x000002a787ac0000, 0x000002a787d30000, 0x000002a78f000000]
CodeHeap 'profiled nmethods': size=120000Kb used=525Kb max_used=525Kb free=119474Kb
 bounds [0x000002a780590000, 0x000002a780800000, 0x000002a787ac0000]
CodeHeap 'non-nmethods': size=5696Kb used=1062Kb max_used=1074Kb free=4633Kb
 bounds [0x000002a780000000, 0x000002a780270000, 0x000002a780590000]
 total_blobs=711 nmethods=355 adapters=268
 compilation: enabled
              stopped_count=0, restarted_count=0
 full_count=0

Compilation events (20 events):
Event: 0.534 Thread 0x000002a7911e3800 nmethod 340 0x000002a787ad4110 code [0x000002a787ad42a0, 0x000002a787ad44d8]
Event: 0.534 Thread 0x000002a7911e7800  347       3       java.lang.Integer::reverseBytes (26 bytes)
Event: 0.534 Thread 0x000002a7911e7800 nmethod 347 0x000002a780611110 code [0x000002a7806112c0, 0x000002a7806113d8]
Event: 0.535 Thread 0x000002a7911e7800  348       3       java.lang.CharacterDataLatin1::isWhitespace (23 bytes)
Event: 0.535 Thread 0x000002a7911e7800 nmethod 348 0x000002a780611490 code [0x000002a780611660, 0x000002a780611878]
Event: 0.535 Thread 0x000002a7911e7800  349       3       java.util.HashMap$KeyIterator::next (8 bytes)
Event: 0.535 Thread 0x000002a7911e7800 nmethod 349 0x000002a780611990 code [0x000002a780611b40, 0x000002a780611c68]
Event: 0.535 Thread 0x000002a7911e3800  350       4       sun.security.provider.SHA2::lf_ch (10 bytes)
Event: 0.536 Thread 0x000002a7911e3800 nmethod 350 0x000002a787ad4a90 code [0x000002a787ad4c20, 0x000002a787ad4c78]
Event: 0.536 Thread 0x000002a7911e3800  351       4       sun.security.provider.SHA2::lf_maj (12 bytes)
Event: 0.536 Thread 0x000002a7911e3800 nmethod 351 0x000002a787ad4d10 code [0x000002a787ad4ea0, 0x000002a787ad4ef8]
Event: 0.536 Thread 0x000002a7911e3800  352       4       java.lang.Integer::reverseBytes (26 bytes)
Event: 0.536 Thread 0x000002a7911e7800  354       3       sun.security.provider.SHA2::implCompress0 (322 bytes)
Event: 0.536 Thread 0x000002a7911e3800 nmethod 352 0x000002a787ad4f90 code [0x000002a787ad5120, 0x000002a787ad5198]
Event: 0.536 Thread 0x000002a7911e3800  353       4       sun.security.provider.SHA2::lf_sigma1 (21 bytes)
Event: 0.537 Thread 0x000002a7911e3800 nmethod 353 0x000002a787ad5210 code [0x000002a787ad53a0, 0x000002a787ad53f8]
Event: 0.537 Thread 0x000002a7911e3800  355       4       sun.security.provider.SHA2::lf_sigma0 (20 bytes)
Event: 0.537 Thread 0x000002a7911e3800 nmethod 355 0x000002a787ad5490 code [0x000002a787ad5620, 0x000002a787ad5678]
Event: 0.537 Thread 0x000002a7911e7800 nmethod 354 0x000002a780611d10 code [0x000002a780611fa0, 0x000002a780612d78]
Event: 0.538 Thread 0x000002a7911e7800  356       3       sun.security.provider.SHA2::implCompress (13 bytes)

GC Heap History (4 events):
Event: 0.415 GC heap before
{Heap before GC invocations=0 (full 0):
 garbage-first heap   total 131072K, used 2048K [0x00000000a0c00000, 0x0000000100000000)
  region size 1024K, 4 young (4096K), 0 survivors (0K)
 Metaspace       used 6065K, capacity 6133K, committed 6272K, reserved 1069056K
  class space    used 516K, capacity 530K, committed 640K, reserved 1048576K
}
Event: 0.418 GC heap after
{Heap after GC invocations=1 (full 0):
 garbage-first heap   total 131072K, used 2218K [0x00000000a0c00000, 0x0000000100000000)
  region size 1024K, 2 young (2048K), 2 survivors (2048K)
 Metaspace       used 6065K, capacity 6133K, committed 6272K, reserved 1069056K
  class space    used 516K, capacity 530K, committed 640K, reserved 1048576K
}
Event: 0.539 GC heap before
{Heap before GC invocations=2 (full 0):
 garbage-first heap   total 131072K, used 4266K [0x00000000a0c00000, 0x0000000100000000)
  region size 1024K, 5 young (5120K), 2 survivors (2048K)
 Metaspace       used 8049K, capacity 8126K, committed 8192K, reserved 1081344K
  class space    used 707K, capacity 725K, committed 768K, reserved 1048576K
}
Event: 0.542 GC heap after
{Heap after GC invocations=3 (full 0):
 garbage-first heap   total 131072K, used 2942K [0x00000000a0c00000, 0x0000000100000000)
  region size 1024K, 3 young (3072K), 3 survivors (3072K)
 Metaspace       used 8049K, capacity 8126K, committed 8192K, reserved 1081344K
  class space    used 707K, capacity 725K, committed 768K, reserved 1048576K
}

Deoptimization events (10 events):
Event: 0.252 Thread 0x000002a7f6797800 Uncommon trap: trap_request=0xffffff4d fr.pc=0x000002a787ac3f1c relative=0x00000000000001fc
Event: 0.252 Thread 0x000002a7f6797800 Uncommon trap: reason=unstable_if action=reinterpret pc=0x000002a787ac3f1c method=java.lang.String.hashCode()I @ 14 c2
Event: 0.252 Thread 0x000002a7f6797800 DEOPT PACKING pc=0x000002a787ac3f1c sp=0x000000c6094fd7f0
Event: 0.252 Thread 0x000002a7f6797800 DEOPT UNPACKING pc=0x000002a7800278af sp=0x000000c6094fd788 mode 2
Event: 0.389 Thread 0x000002a7f6797800 DEOPT PACKING pc=0x000002a7805c6f45 sp=0x000000c6094fdf80
Event: 0.389 Thread 0x000002a7f6797800 DEOPT UNPACKING pc=0x000002a7800276ce sp=0x000000c6094fd3e0 mode 0
Event: 0.392 Thread 0x000002a7f6797800 DEOPT PACKING pc=0x000002a7805b9250 sp=0x000000c6094fdf50
Event: 0.392 Thread 0x000002a7f6797800 DEOPT UNPACKING pc=0x000002a7800276ce sp=0x000000c6094fd3d8 mode 0
Event: 0.393 Thread 0x000002a7f6797800 DEOPT PACKING pc=0x000002a7805b9250 sp=0x000000c6094fdf50
Event: 0.393 Thread 0x000002a7f6797800 DEOPT UNPACKING pc=0x000002a7800276ce sp=0x000000c6094fd3d8 mode 0

Classes redefined (0 events):
No events

Internal exceptions (0 events):
No events

Events (20 events):
Event: 0.524 loading class sun/security/rsa/RSAPadding done
Event: 0.525 loading class java/math/MutableBigInteger
Event: 0.526 loading class java/math/MutableBigInteger done
Event: 0.530 loading class javax/crypto/BadPaddingException
Event: 0.530 loading class java/security/GeneralSecurityException
Event: 0.530 loading class java/security/GeneralSecurityException done
Event: 0.530 loading class javax/crypto/BadPaddingException done
Event: 0.531 loading class sun/security/provider/certpath/X509CertPath
Event: 0.531 loading class java/security/cert/CertPath
Event: 0.532 loading class java/security/cert/CertPath done
Event: 0.532 loading class sun/security/provider/certpath/X509CertPath done
Event: 0.532 loading class java/util/Collections$UnmodifiableRandomAccessList
Event: 0.532 loading class java/util/Collections$UnmodifiableList
Event: 0.532 loading class java/util/Collections$UnmodifiableList done
Event: 0.532 loading class java/util/Collections$UnmodifiableRandomAccessList done
Event: 0.532 loading class sun/security/timestamp/TimestampToken
Event: 0.532 loading class sun/security/timestamp/TimestampToken done
Event: 0.534 loading class java/security/Timestamp
Event: 0.534 loading class java/security/Timestamp done
Event: 0.538 Executing VM operation: CollectForMetadataAllocation


Dynamic libraries:
0x00007ff6f3720000 - 0x00007ff6f372a000 	F:\IntelliJ IDEA 2020.3.3\jbr\bin\java.exe
0x00007ffe5ff70000 - 0x00007ffe60165000 	C:\Windows\SYSTEM32\ntdll.dll
0x00007ffe5dff0000 - 0x00007ffe5e0ad000 	C:\Windows\System32\KERNEL32.DLL
0x00007ffe5d920000 - 0x00007ffe5dbe8000 	C:\Windows\System32\KERNELBASE.dll
0x00007ffe5d7c0000 - 0x00007ffe5d8c0000 	C:\Windows\System32\ucrtbase.dll
0x00007ffe53410000 - 0x00007ffe53429000 	F:\IntelliJ IDEA 2020.3.3\jbr\bin\jli.dll
0x00007ffe52d60000 - 0x00007ffe52d77000 	F:\IntelliJ IDEA 2020.3.3\jbr\bin\VCRUNTIME140.dll
0x00007ffe5ee10000 - 0x00007ffe5efb0000 	C:\Windows\System32\USER32.dll
0x00007ffe5dd00000 - 0x00007ffe5dd22000 	C:\Windows\System32\win32u.dll
0x00007ffe51440000 - 0x00007ffe516da000 	C:\Windows\WinSxS\amd64_microsoft.windows.common-controls_6595b64144ccf1df_6.0.19041.1052_none_60b8f8fd71f5e8cb\COMCTL32.dll
0x00007ffe5e5c0000 - 0x00007ffe5e5ea000 	C:\Windows\System32\GDI32.dll
0x00007ffe5dbf0000 - 0x00007ffe5dcfb000 	C:\Windows\System32\gdi32full.dll
0x00007ffe5dd30000 - 0x00007ffe5ddcd000 	C:\Windows\System32\msvcp_win.dll
0x00007ffe5fd50000 - 0x00007ffe5fdee000 	C:\Windows\System32\msvcrt.dll
0x00007ffe5e900000 - 0x00007ffe5e930000 	C:\Windows\System32\IMM32.DLL
0x00007ffe244e0000 - 0x00007ffe2457d000 	F:\IntelliJ IDEA 2020.3.3\jbr\bin\msvcp140.dll
0x00007ffdfb380000 - 0x00007ffdfbe50000 	F:\IntelliJ IDEA 2020.3.3\jbr\bin\server\jvm.dll
0x00007ffe5f0e0000 - 0x00007ffe5f18c000 	C:\Windows\System32\ADVAPI32.dll
0x00007ffe5efb0000 - 0x00007ffe5f04b000 	C:\Windows\System32\sechost.dll
0x00007ffe5e7d0000 - 0x00007ffe5e8fb000 	C:\Windows\System32\RPCRT4.dll
0x00007ffe5dfe0000 - 0x00007ffe5dfe8000 	C:\Windows\System32\PSAPI.DLL
0x00007ffe57740000 - 0x00007ffe57749000 	C:\Windows\SYSTEM32\WSOCK32.dll
0x00007ffe55fd0000 - 0x00007ffe55fda000 	C:\Windows\SYSTEM32\VERSION.dll
0x00007ffe53de0000 - 0x00007ffe53e07000 	C:\Windows\SYSTEM32\WINMM.dll
0x00007ffe5e930000 - 0x00007ffe5e99b000 	C:\Windows\System32\WS2_32.dll
0x00007ffe5bfd0000 - 0x00007ffe5bfe2000 	C:\Windows\SYSTEM32\kernel.appcore.dll
0x00007ffe53780000 - 0x00007ffe53791000 	F:\IntelliJ IDEA 2020.3.3\jbr\bin\verify.dll
0x00007ffe59620000 - 0x00007ffe59804000 	C:\Windows\SYSTEM32\DBGHELP.DLL
0x00007ffe4fb00000 - 0x00007ffe4fb2c000 	C:\Windows\SYSTEM32\dbgcore.DLL
0x00007ffe5d6e0000 - 0x00007ffe5d763000 	C:\Windows\System32\bcryptPrimitives.dll
0x00007ffe53060000 - 0x00007ffe53089000 	F:\IntelliJ IDEA 2020.3.3\jbr\bin\java.dll
0x00007ffe53800000 - 0x00007ffe5380b000 	F:\IntelliJ IDEA 2020.3.3\jbr\bin\jimage.dll
0x00007ffe53040000 - 0x00007ffe53058000 	F:\IntelliJ IDEA 2020.3.3\jbr\bin\zip.dll
0x00007ffe5f500000 - 0x00007ffe5fc3f000 	C:\Windows\System32\SHELL32.dll
0x00007ffe5b390000 - 0x00007ffe5bb20000 	C:\Windows\SYSTEM32\windows.storage.dll
0x00007ffe5f190000 - 0x00007ffe5f4e5000 	C:\Windows\System32\combase.dll
0x00007ffe5d050000 - 0x00007ffe5d07c000 	C:\Windows\SYSTEM32\Wldp.dll
0x00007ffe5fc40000 - 0x00007ffe5fcee000 	C:\Windows\System32\SHCORE.dll
0x00007ffe5fcf0000 - 0x00007ffe5fd45000 	C:\Windows\System32\shlwapi.dll
0x00007ffe5d5f0000 - 0x00007ffe5d60f000 	C:\Windows\SYSTEM32\profapi.dll
0x00007ffe3da70000 - 0x00007ffe3da8a000 	F:\IntelliJ IDEA 2020.3.3\jbr\bin\net.dll
0x00007ffe54e50000 - 0x00007ffe54f5b000 	C:\Windows\SYSTEM32\WINHTTP.dll
0x00007ffe5cdc0000 - 0x00007ffe5ce2a000 	C:\Windows\system32\mswsock.dll
0x00007ffe35190000 - 0x00007ffe351a4000 	F:\IntelliJ IDEA 2020.3.3\jbr\bin\nio.dll

dbghelp: loaded successfully - version: 4.0.5 - missing functions: none
symbol engine: initialized successfully - sym options: 0x614 - pdb path: .;F:\IntelliJ IDEA 2020.3.3\jbr\bin;C:\Windows\SYSTEM32;C:\Windows\WinSxS\amd64_microsoft.windows.common-controls_6595b64144ccf1df_6.0.19041.1052_none_60b8f8fd71f5e8cb;F:\IntelliJ IDEA 2020.3.3\jbr\bin\server

VM Arguments:
jvm_args: -Djava.rmi.server.hostname=127.0.0.1 -Duser.timezone=UTC -Djava.library.path=C:\Users\Administrator\AppData\Local\JetBrains\IntelliJIdea2020.3\jdbc-native-deps\SQL Server\9.2.0\sqlserver-win-auth\x64 -Xmx1523m -Xms128m -Dfile.encoding=UTF-8 
java_command: com.intellij.database.remote.RemoteJdbcServer com.microsoft.sqlserver.jdbc.SQLServerDriver
java_class_path (initial): F:\IntelliJ IDEA 2020.3.3\lib\util.jar;F:\IntelliJ IDEA 2020.3.3\lib\trove4j.jar;F:\IntelliJ IDEA 2020.3.3\lib\groovy-2.5.11.jar;F:\IntelliJ IDEA 2020.3.3\plugins\DatabaseTools\lib\jdbc-console.jar;C:\Users\Administrator\AppData\Roaming\JetBrains\IntelliJIdea2020.3\jdbc-drivers\SQL Server\9.2.0\mssql-jdbc-9.2.0.jre8.jar
Launcher Type: SUN_STANDARD

[Global flags]
     intx CICompilerCount                          = 3                                         {product} {ergonomic}
     uint ConcGCThreads                            = 1                                         {product} {ergonomic}
     uint G1ConcRefinementThreads                  = 4                                         {product} {ergonomic}
   size_t G1HeapRegionSize                         = 1048576                                   {product} {ergonomic}
    uintx GCDrainStackTargetSize                   = 64                                        {product} {ergonomic}
   size_t InitialHeapSize                          = 134217728                                 {product} {command line}
   size_t MarkStackSize                            = 4194304                                   {product} {ergonomic}
   size_t MaxHeapSize                              = 1598029824                                {product} {command line, ergonomic}
   size_t MaxNewSize                               = 958398464                                 {product} {ergonomic}
   size_t MinHeapDeltaBytes                        = 1048576                                   {product} {ergonomic}
    uintx NonNMethodCodeHeapSize                   = 5830732                                {pd product} {ergonomic}
    uintx NonProfiledCodeHeapSize                  = 122913754                              {pd product} {ergonomic}
    uintx ProfiledCodeHeapSize                     = 122913754                              {pd product} {ergonomic}
    uintx ReservedCodeCacheSize                    = 251658240                              {pd product} {ergonomic}
     bool SegmentedCodeCache                       = true                                      {product} {ergonomic}
     bool UseCompressedClassPointers               = true                                 {lp64_product} {ergonomic}
     bool UseCompressedOops                        = true                                 {lp64_product} {ergonomic}
     bool UseG1GC                                  = true                                      {product} {ergonomic}
     bool UseLargePagesIndividualAllocation        = false                                  {pd product} {ergonomic}

Logging:
Log output configuration:
 #0: stdout all=warning uptime,level,tags
 #1: stderr all=off uptime,level,tags

Environment Variables:
JAVA_HOME=C:\Environment\Java\jdk1.8.0_77\
CLASSPATH=.;C:\Environment\Java\jdk1.8.0_77\\bin;C:\Environment\Java\jdk1.8.0_77\\jre\bin
PATH=C:\Windows\system32;C:\Windows;C:\Windows\System32\Wbem;C:\Windows\System32\WindowsPowerShell\v1.0\;C:\Windows\System32\OpenSSH\;C:\Environment\Java\jdk1.8.0_77\\bin;C:\Environment\Java\jdk1.8.0_77\\jre\bin;C:\Environment\Maven\apache-maven-3.8.1\bin;C:\Environment\MinGW\MinGW\bin;C:\Environment\Java\jdk-14.0.2\\bin;C:\Environment\Java\jdk-14.0.2\\jre\bin;C:\Program Files\Microsoft SQL Server\Client SDK\ODBC\170\Tools\Binn\;C:\Program Files (x86)\Microsoft SQL Server\150\Tools\Binn\;C:\Program Files\Microsoft SQL Server\150\Tools\Binn\;C:\Program Files\Microsoft SQL Server\150\DTS\Binn\;C:\Program Files (x86)\Microsoft SQL Server\150\DTS\Binn\;C:\Program Files\Azure Data Studio\bin;G:\AndroidSDK\platform-tools;F:\MySQL\mysql-5.7.19\bin;F:\Pythonlwt\Scripts\;F:\Pythonlwt\;C:\Users\Administrator\AppData\Local\Microsoft\WindowsApps;C:\Program Files\Azure Data Studio\bin;C:\Users\Administrator\AppData\Local\Programs\Microsoft VS Code\bin;F:\Microsoft VS Code\bin;C:\Users\Administrator\AppData\Local\JetBrains\IntelliJIdea2020.3\jdbc-native-deps\SQL Server\9.2.0\sqlserver-win-auth\x64
USERNAME=Administrator
OS=Windows_NT
PROCESSOR_IDENTIFIER=Intel64 Family 6 Model 142 Stepping 9, GenuineIntel



---------------  S Y S T E M  ---------------

OS: Windows 10 , 64 bit Build 19041 (10.0.19041.1023)
OS uptime: 1 days 6:16 hours

CPU:total 4 (initial active 4) (2 cores per cpu, 2 threads per core) family 6 model 142 stepping 9 microcode 0xde, cmov, cx8, fxsr, mmx, sse, sse2, sse3, ssse3, sse4.1, sse4.2, popcnt, avx, avx2, aes, clmul, erms, 3dnowpref, lzcnt, ht, tsc, tscinvbit, bmi1, bmi2, adx, fma

Memory: 4k page, system-wide physical 12186M (3000M free)
TotalPageFile size 30782M (AvailPageFile size 2M)
current process WorkingSet (physical memory assigned to process): 49M, peak: 49M
current process commit charge ("private bytes"): 200M, peak: 201M

vm_info: OpenJDK 64-Bit Server VM (11.0.10+8-b1145.96) for windows-amd64 JRE (11.0.10+8-b1145.96), built on Feb 18 2021 01:38:16 by "" with MS VC++ 14.0 (VS2015)

END.
