#
# There is insufficient memory for the Java Runtime Environment to continue.
# Native memory allocation (malloc) failed to allocate 32744 bytes for ChunkPool::allocate
# Possible reasons:
#   The system is out of physical RAM or swap space
#   The process is running with CompressedOops enabled, and the Java Heap may be blocking the growth of the native heap
# Possible solutions:
#   Reduce memory load on the system
#   Increase physical memory or swap space
#   Check if swap backing store is full
#   Decrease Java heap size (-Xmx/-Xms)
#   Decrease number of Java threads
#   Decrease Java thread stack sizes (-Xss)
#   Set larger code cache with -XX:ReservedCodeCacheSize=
#   JVM is running with Zero Based Compressed Oops mode in which the Java heap is
#     placed in the first 32GB address space. The Java Heap base address is the
#     maximum limit for the native heap growth. Please use -XX:HeapBaseMinAddress
#     to set the Java Heap base and to place the Java Heap above 32GB virtual address.
# This output file may be truncated or incomplete.
#
#  Out of Memory Error (./open/src/hotspot/share/memory/arena.cpp:79), pid=23844, tid=21508
#
# JRE version: Java(TM) SE Runtime Environment (14.0.2+12) (build 14.0.2+12-46)
# Java VM: Java HotSpot(TM) 64-Bit Server VM (14.0.2+12-46, mixed mode, sharing, tiered, compressed oops, g1 gc, windows-amd64)
# No core dump will be written. Minidumps are not enabled by default on client versions of Windows
#

---------------  S U M M A R Y ------------

Command Line: -javaagent:F:\IntelliJ IDEA 2020.3.3\lib\idea_rt.jar=56970:F:\IntelliJ IDEA 2020.3.3\bin -Dfile.encoding=UTF-8 view.panel.SourceInfoJPanel

Host: Intel(R) Core(TM) i5-7200U CPU @ 2.50GHz, 4 cores, 11G,  Windows 10 , 64 bit Build 19041 (10.0.19041.1023)
Time: Thu Jul  8 11:21:53 2021 中国标准时间 elapsed time: 51 seconds (0d 0h 0m 51s)

---------------  T H R E A D  ---------------

Current thread (0x00000221d2891800):  JavaThread "C2 CompilerThread0" daemon [_thread_in_native, id=21508, stack(0x000000395eb00000,0x000000395ec00000)]


Current CompileTask:
C2:  51339 2580   !   4       jdk.internal.logger.LazyLoggers$LazyLoggerAccessor::platform (103 bytes)

Stack: [0x000000395eb00000,0x000000395ec00000]
Native frames: (J=compiled Java code, j=interpreted, Vv=VM code, C=native code)
V  [jvm.dll+0x5f8a9a]
V  [jvm.dll+0x74247a]
V  [jvm.dll+0x743c2f]
V  [jvm.dll+0x744273]
V  [jvm.dll+0x20d288]
V  [jvm.dll+0xabea6]
V  [jvm.dll+0xac1fc]
V  [jvm.dll+0x26c2c6]
V  [jvm.dll+0x26c084]
V  [jvm.dll+0x716e7b]
V  [jvm.dll+0x61f59c]
V  [jvm.dll+0x61e24e]
V  [jvm.dll+0x1e7033]
V  [jvm.dll+0x1e4f98]
V  [jvm.dll+0x1779cc]
V  [jvm.dll+0x1f4105]
V  [jvm.dll+0x1f22eb]
V  [jvm.dll+0x7070cd]
V  [jvm.dll+0x6ffeda]
V  [jvm.dll+0x5f78f6]
C  [ucrtbase.dll+0x21bb2]
C  [KERNEL32.DLL+0x17034]
C  [ntdll.dll+0x52651]


---------------  P R O C E S S  ---------------

Threads class SMR info:
_java_thread_list=0x00000221d4647a60, length=17, elements={
0x00000221d2006000, 0x00000221d2007800, 0x00000221d288d800, 0x00000221d288e800,
0x00000221d2890800, 0x00000221d2891800, 0x00000221d28a7800, 0x00000221d28f3000,
0x00000221d29ae800, 0x00000221d2ab7800, 0x00000221d2a8a000, 0x00000221d2c6b800,
0x00000221d2c73000, 0x00000221d3494800, 0x00000221d349c000, 0x00000221b11fd000,
0x00000221d497e800
}

Java Threads: ( => current thread )
  0x00000221d2006000 JavaThread "Reference Handler" daemon [_thread_blocked, id=18260, stack(0x000000395e600000,0x000000395e700000)]
  0x00000221d2007800 JavaThread "Finalizer" daemon [_thread_blocked, id=23444, stack(0x000000395e700000,0x000000395e800000)]
  0x00000221d288d800 JavaThread "Signal Dispatcher" daemon [_thread_blocked, id=14548, stack(0x000000395e800000,0x000000395e900000)]
  0x00000221d288e800 JavaThread "Attach Listener" daemon [_thread_blocked, id=23908, stack(0x000000395e900000,0x000000395ea00000)]
  0x00000221d2890800 JavaThread "Service Thread" daemon [_thread_blocked, id=25736, stack(0x000000395ea00000,0x000000395eb00000)]
=>0x00000221d2891800 JavaThread "C2 CompilerThread0" daemon [_thread_in_native, id=21508, stack(0x000000395eb00000,0x000000395ec00000)]
  0x00000221d28a7800 JavaThread "C1 CompilerThread0" daemon [_thread_blocked, id=5960, stack(0x000000395ec00000,0x000000395ed00000)]
  0x00000221d28f3000 JavaThread "Sweeper thread" daemon [_thread_blocked, id=17248, stack(0x000000395ed00000,0x000000395ee00000)]
  0x00000221d29ae800 JavaThread "Common-Cleaner" daemon [_thread_blocked, id=20868, stack(0x000000395ee00000,0x000000395ef00000)]
  0x00000221d2ab7800 JavaThread "Monitor Ctrl-Break" daemon [_thread_in_native, id=11800, stack(0x000000395f000000,0x000000395f100000)]
  0x00000221d2a8a000 JavaThread "Notification Thread" daemon [_thread_blocked, id=22840, stack(0x000000395f100000,0x000000395f200000)]
  0x00000221d2c6b800 JavaThread "Java2D Disposer" daemon [_thread_blocked, id=13836, stack(0x000000395ef00000,0x000000395f000000)]
  0x00000221d2c73000 JavaThread "AWT-Windows" daemon [_thread_in_native, id=22484, stack(0x000000395f400000,0x000000395f500000)]
  0x00000221d3494800 JavaThread "AWT-Shutdown" [_thread_blocked, id=23920, stack(0x000000395f300000,0x000000395f400000)]
  0x00000221d349c000 JavaThread "AWT-EventQueue-0" [_thread_in_vm, id=24220, stack(0x000000395fa00000,0x000000395fb00000)]
  0x00000221b11fd000 JavaThread "DestroyJavaVM" [_thread_blocked, id=20172, stack(0x000000395df00000,0x000000395e000000)]
  0x00000221d497e800 JavaThread "TimerQueue" daemon [_thread_blocked, id=26616, stack(0x000000395ff00000,0x0000003960000000)]

Other Threads:
  0x00000221d2000800 VMThread "VM Thread" [stack: 0x000000395e500000,0x000000395e600000] [id=1948]
  0x00000221d2a8a800 WatcherThread [stack: 0x000000395f200000,0x000000395f300000] [id=18616]
  0x00000221b124f800 GCTaskThread "GC Thread#0" [stack: 0x000000395e000000,0x000000395e100000] [id=10660]
  0x00000221d2e0b000 GCTaskThread "GC Thread#1" [stack: 0x000000395f500000,0x000000395f600000] [id=13244]
  0x00000221d2ecb800 GCTaskThread "GC Thread#2" [stack: 0x000000395f700000,0x000000395f800000] [id=21512]
  0x00000221d2efe800 GCTaskThread "GC Thread#3" [stack: 0x000000395f800000,0x000000395f900000] [id=15100]
  0x00000221b1268800 ConcurrentGCThread "G1 Main Marker" [stack: 0x000000395e100000,0x000000395e200000] [id=2436]
  0x00000221b126c800 ConcurrentGCThread "G1 Conc#0" [stack: 0x000000395e200000,0x000000395e300000] [id=26292]
  0x00000221d1e74800 ConcurrentGCThread "G1 Refine#0" [stack: 0x000000395e300000,0x000000395e400000] [id=24860]
  0x00000221d2b24000 ConcurrentGCThread "G1 Refine#1" [stack: 0x000000395f900000,0x000000395fa00000] [id=25188]
  0x00000221d1e75800 ConcurrentGCThread "G1 Young RemSet Sampling" [stack: 0x000000395e400000,0x000000395e500000] [id=25584]

Threads with active compile tasks:
C2 CompilerThread0    51391 2580   !   4       jdk.internal.logger.LazyLoggers$LazyLoggerAccessor::platform (103 bytes)

VM state:not at safepoint (normal execution)

VM Mutex/Monitor currently owned by a thread: None

Heap address: 0x0000000741800000, size: 3048 MB, Compressed Oops mode: Zero based, Oop shift amount: 3
Narrow klass base: 0x0000000800000000, Narrow klass shift: 3
Compressed class space size: 1073741824 Address: 0x0000000800b30000

Heap:
 garbage-first heap   total 196608K, used 23399K [0x0000000741800000, 0x0000000800000000)
  region size 1024K, 12 young (12288K), 3 survivors (3072K)
 Metaspace       used 18832K, capacity 19268K, committed 19456K, reserved 1067008K
  class space    used 2039K, capacity 2214K, committed 2304K, reserved 1048576K
Heap Regions: E=young(eden), S=young(survivor), O=old, HS=humongous(starts), HC=humongous(continues), CS=collection set, F=free, OA=open archive, CA=closed archive, TAMS=top-at-mark-start (previous, next)
|   0|0x0000000741800000, 0x0000000741900000, 0x0000000741900000|100%| O|  |TAMS 0x0000000741800000, 0x0000000741800000| Untracked 
|   1|0x0000000741900000, 0x0000000741a00000, 0x0000000741a00000|100%| O|  |TAMS 0x0000000741900000, 0x0000000741900000| Untracked 
|   2|0x0000000741a00000, 0x0000000741a00000, 0x0000000741b00000|  0%| F|  |TAMS 0x0000000741a00000, 0x0000000741a00000| Untracked 
|   3|0x0000000741b00000, 0x0000000741c00000, 0x0000000741c00000|100%|HS|  |TAMS 0x0000000741b00000, 0x0000000741b00000| Complete 
|   4|0x0000000741c00000, 0x0000000741d00000, 0x0000000741d00000|100%|HC|  |TAMS 0x0000000741c00000, 0x0000000741c00000| Complete 
|   5|0x0000000741d00000, 0x0000000741e00000, 0x0000000741e00000|100%| O|  |TAMS 0x0000000741d00000, 0x0000000741d00000| Untracked 
|   6|0x0000000741e00000, 0x0000000741ed9c00, 0x0000000741f00000| 85%| O|  |TAMS 0x0000000741e00000, 0x0000000741e00000| Untracked 
|   7|0x0000000741f00000, 0x0000000742000000, 0x0000000742000000|100%|HS|  |TAMS 0x0000000741f00000, 0x0000000741f00000| Complete 
|   8|0x0000000742000000, 0x0000000742100000, 0x0000000742100000|100%|HC|  |TAMS 0x0000000742000000, 0x0000000742000000| Complete 
|   9|0x0000000742100000, 0x0000000742200000, 0x0000000742200000|100%|HC|  |TAMS 0x0000000742100000, 0x0000000742100000| Complete 
|  10|0x0000000742200000, 0x0000000742300000, 0x0000000742300000|100%|HC|  |TAMS 0x0000000742200000, 0x0000000742200000| Complete 
|  11|0x0000000742300000, 0x0000000742400000, 0x0000000742400000|100%|HC|  |TAMS 0x0000000742300000, 0x0000000742300000| Complete 
|  12|0x0000000742400000, 0x0000000742500000, 0x0000000742500000|100%|HC|  |TAMS 0x0000000742400000, 0x0000000742400000| Complete 
|  13|0x0000000742500000, 0x0000000742500000, 0x0000000742600000|  0%| F|  |TAMS 0x0000000742500000, 0x0000000742500000| Untracked 
|  14|0x0000000742600000, 0x0000000742600000, 0x0000000742700000|  0%| F|  |TAMS 0x0000000742600000, 0x0000000742600000| Untracked 
|  15|0x0000000742700000, 0x0000000742700000, 0x0000000742800000|  0%| F|  |TAMS 0x0000000742700000, 0x0000000742700000| Untracked 
|  16|0x0000000742800000, 0x0000000742800000, 0x0000000742900000|  0%| F|  |TAMS 0x0000000742800000, 0x0000000742800000| Untracked 
|  17|0x0000000742900000, 0x0000000742900000, 0x0000000742a00000|  0%| F|  |TAMS 0x0000000742900000, 0x0000000742900000| Untracked 
|  18|0x0000000742a00000, 0x0000000742a00000, 0x0000000742b00000|  0%| F|  |TAMS 0x0000000742a00000, 0x0000000742a00000| Untracked 
|  19|0x0000000742b00000, 0x0000000742b00000, 0x0000000742c00000|  0%| F|  |TAMS 0x0000000742b00000, 0x0000000742b00000| Untracked 
|  20|0x0000000742c00000, 0x0000000742c00000, 0x0000000742d00000|  0%| F|  |TAMS 0x0000000742c00000, 0x0000000742c00000| Untracked 
|  21|0x0000000742d00000, 0x0000000742d00000, 0x0000000742e00000|  0%| F|  |TAMS 0x0000000742d00000, 0x0000000742d00000| Untracked 
|  22|0x0000000742e00000, 0x0000000742e00000, 0x0000000742f00000|  0%| F|  |TAMS 0x0000000742e00000, 0x0000000742e00000| Untracked 
|  23|0x0000000742f00000, 0x0000000742f00000, 0x0000000743000000|  0%| F|  |TAMS 0x0000000742f00000, 0x0000000742f00000| Untracked 
|  24|0x0000000743000000, 0x0000000743000000, 0x0000000743100000|  0%| F|  |TAMS 0x0000000743000000, 0x0000000743000000| Untracked 
|  25|0x0000000743100000, 0x0000000743100000, 0x0000000743200000|  0%| F|  |TAMS 0x0000000743100000, 0x0000000743100000| Untracked 
|  26|0x0000000743200000, 0x0000000743200000, 0x0000000743300000|  0%| F|  |TAMS 0x0000000743200000, 0x0000000743200000| Untracked 
|  27|0x0000000743300000, 0x0000000743300000, 0x0000000743400000|  0%| F|  |TAMS 0x0000000743300000, 0x0000000743300000| Untracked 
|  28|0x0000000743400000, 0x0000000743400000, 0x0000000743500000|  0%| F|  |TAMS 0x0000000743400000, 0x0000000743400000| Untracked 
|  29|0x0000000743500000, 0x0000000743500000, 0x0000000743600000|  0%| F|  |TAMS 0x0000000743500000, 0x0000000743500000| Untracked 
|  30|0x0000000743600000, 0x0000000743600000, 0x0000000743700000|  0%| F|  |TAMS 0x0000000743600000, 0x0000000743600000| Untracked 
|  31|0x0000000743700000, 0x0000000743700000, 0x0000000743800000|  0%| F|  |TAMS 0x0000000743700000, 0x0000000743700000| Untracked 
|  32|0x0000000743800000, 0x0000000743800000, 0x0000000743900000|  0%| F|  |TAMS 0x0000000743800000, 0x0000000743800000| Untracked 
|  33|0x0000000743900000, 0x0000000743900000, 0x0000000743a00000|  0%| F|  |TAMS 0x0000000743900000, 0x0000000743900000| Untracked 
|  34|0x0000000743a00000, 0x0000000743a00000, 0x0000000743b00000|  0%| F|  |TAMS 0x0000000743a00000, 0x0000000743a00000| Untracked 
|  35|0x0000000743b00000, 0x0000000743b00000, 0x0000000743c00000|  0%| F|  |TAMS 0x0000000743b00000, 0x0000000743b00000| Untracked 
|  36|0x0000000743c00000, 0x0000000743c00000, 0x0000000743d00000|  0%| F|  |TAMS 0x0000000743c00000, 0x0000000743c00000| Untracked 
|  37|0x0000000743d00000, 0x0000000743d00000, 0x0000000743e00000|  0%| F|  |TAMS 0x0000000743d00000, 0x0000000743d00000| Untracked 
|  38|0x0000000743e00000, 0x0000000743e00000, 0x0000000743f00000|  0%| F|  |TAMS 0x0000000743e00000, 0x0000000743e00000| Untracked 
|  39|0x0000000743f00000, 0x0000000743f00000, 0x0000000744000000|  0%| F|  |TAMS 0x0000000743f00000, 0x0000000743f00000| Untracked 
|  40|0x0000000744000000, 0x0000000744000000, 0x0000000744100000|  0%| F|  |TAMS 0x0000000744000000, 0x0000000744000000| Untracked 
|  41|0x0000000744100000, 0x0000000744100000, 0x0000000744200000|  0%| F|  |TAMS 0x0000000744100000, 0x0000000744100000| Untracked 
|  42|0x0000000744200000, 0x0000000744200000, 0x0000000744300000|  0%| F|  |TAMS 0x0000000744200000, 0x0000000744200000| Untracked 
|  43|0x0000000744300000, 0x0000000744300000, 0x0000000744400000|  0%| F|  |TAMS 0x0000000744300000, 0x0000000744300000| Untracked 
|  44|0x0000000744400000, 0x0000000744400000, 0x0000000744500000|  0%| F|  |TAMS 0x0000000744400000, 0x0000000744400000| Untracked 
|  45|0x0000000744500000, 0x0000000744500000, 0x0000000744600000|  0%| F|  |TAMS 0x0000000744500000, 0x0000000744500000| Untracked 
|  46|0x0000000744600000, 0x0000000744600000, 0x0000000744700000|  0%| F|  |TAMS 0x0000000744600000, 0x0000000744600000| Untracked 
|  47|0x0000000744700000, 0x0000000744700000, 0x0000000744800000|  0%| F|  |TAMS 0x0000000744700000, 0x0000000744700000| Untracked 
|  48|0x0000000744800000, 0x0000000744800000, 0x0000000744900000|  0%| F|  |TAMS 0x0000000744800000, 0x0000000744800000| Untracked 
|  49|0x0000000744900000, 0x0000000744900000, 0x0000000744a00000|  0%| F|  |TAMS 0x0000000744900000, 0x0000000744900000| Untracked 
|  50|0x0000000744a00000, 0x0000000744a00000, 0x0000000744b00000|  0%| F|  |TAMS 0x0000000744a00000, 0x0000000744a00000| Untracked 
|  51|0x0000000744b00000, 0x0000000744b00000, 0x0000000744c00000|  0%| F|  |TAMS 0x0000000744b00000, 0x0000000744b00000| Untracked 
|  52|0x0000000744c00000, 0x0000000744c00000, 0x0000000744d00000|  0%| F|  |TAMS 0x0000000744c00000, 0x0000000744c00000| Untracked 
|  53|0x0000000744d00000, 0x0000000744d00000, 0x0000000744e00000|  0%| F|  |TAMS 0x0000000744d00000, 0x0000000744d00000| Untracked 
|  54|0x0000000744e00000, 0x0000000744e00000, 0x0000000744f00000|  0%| F|  |TAMS 0x0000000744e00000, 0x0000000744e00000| Untracked 
|  55|0x0000000744f00000, 0x0000000744f00000, 0x0000000745000000|  0%| F|  |TAMS 0x0000000744f00000, 0x0000000744f00000| Untracked 
|  56|0x0000000745000000, 0x0000000745000000, 0x0000000745100000|  0%| F|  |TAMS 0x0000000745000000, 0x0000000745000000| Untracked 
|  57|0x0000000745100000, 0x0000000745100000, 0x0000000745200000|  0%| F|  |TAMS 0x0000000745100000, 0x0000000745100000| Untracked 
|  58|0x0000000745200000, 0x0000000745200000, 0x0000000745300000|  0%| F|  |TAMS 0x0000000745200000, 0x0000000745200000| Untracked 
|  59|0x0000000745300000, 0x0000000745300000, 0x0000000745400000|  0%| F|  |TAMS 0x0000000745300000, 0x0000000745300000| Untracked 
|  60|0x0000000745400000, 0x0000000745400000, 0x0000000745500000|  0%| F|  |TAMS 0x0000000745400000, 0x0000000745400000| Untracked 
|  61|0x0000000745500000, 0x0000000745500000, 0x0000000745600000|  0%| F|  |TAMS 0x0000000745500000, 0x0000000745500000| Untracked 
|  62|0x0000000745600000, 0x0000000745600000, 0x0000000745700000|  0%| F|  |TAMS 0x0000000745600000, 0x0000000745600000| Untracked 
|  63|0x0000000745700000, 0x0000000745700000, 0x0000000745800000|  0%| F|  |TAMS 0x0000000745700000, 0x0000000745700000| Untracked 
|  64|0x0000000745800000, 0x0000000745800000, 0x0000000745900000|  0%| F|  |TAMS 0x0000000745800000, 0x0000000745800000| Untracked 
|  65|0x0000000745900000, 0x0000000745900000, 0x0000000745a00000|  0%| F|  |TAMS 0x0000000745900000, 0x0000000745900000| Untracked 
|  66|0x0000000745a00000, 0x0000000745a00000, 0x0000000745b00000|  0%| F|  |TAMS 0x0000000745a00000, 0x0000000745a00000| Untracked 
|  67|0x0000000745b00000, 0x0000000745b00000, 0x0000000745c00000|  0%| F|  |TAMS 0x0000000745b00000, 0x0000000745b00000| Untracked 
|  68|0x0000000745c00000, 0x0000000745c00000, 0x0000000745d00000|  0%| F|  |TAMS 0x0000000745c00000, 0x0000000745c00000| Untracked 
|  69|0x0000000745d00000, 0x0000000745d00000, 0x0000000745e00000|  0%| F|  |TAMS 0x0000000745d00000, 0x0000000745d00000| Untracked 
|  70|0x0000000745e00000, 0x0000000745e00000, 0x0000000745f00000|  0%| F|  |TAMS 0x0000000745e00000, 0x0000000745e00000| Untracked 
|  71|0x0000000745f00000, 0x0000000745f00000, 0x0000000746000000|  0%| F|  |TAMS 0x0000000745f00000, 0x0000000745f00000| Untracked 
|  72|0x0000000746000000, 0x0000000746000000, 0x0000000746100000|  0%| F|  |TAMS 0x0000000746000000, 0x0000000746000000| Untracked 
|  73|0x0000000746100000, 0x0000000746100000, 0x0000000746200000|  0%| F|  |TAMS 0x0000000746100000, 0x0000000746100000| Untracked 
|  74|0x0000000746200000, 0x0000000746200000, 0x0000000746300000|  0%| F|  |TAMS 0x0000000746200000, 0x0000000746200000| Untracked 
|  75|0x0000000746300000, 0x0000000746300000, 0x0000000746400000|  0%| F|  |TAMS 0x0000000746300000, 0x0000000746300000| Untracked 
|  76|0x0000000746400000, 0x0000000746400000, 0x0000000746500000|  0%| F|  |TAMS 0x0000000746400000, 0x0000000746400000| Untracked 
|  77|0x0000000746500000, 0x0000000746500000, 0x0000000746600000|  0%| F|  |TAMS 0x0000000746500000, 0x0000000746500000| Untracked 
|  78|0x0000000746600000, 0x0000000746600000, 0x0000000746700000|  0%| F|  |TAMS 0x0000000746600000, 0x0000000746600000| Untracked 
|  79|0x0000000746700000, 0x0000000746700000, 0x0000000746800000|  0%| F|  |TAMS 0x0000000746700000, 0x0000000746700000| Untracked 
|  80|0x0000000746800000, 0x0000000746800000, 0x0000000746900000|  0%| F|  |TAMS 0x0000000746800000, 0x0000000746800000| Untracked 
|  81|0x0000000746900000, 0x0000000746900000, 0x0000000746a00000|  0%| F|  |TAMS 0x0000000746900000, 0x0000000746900000| Untracked 
|  82|0x0000000746a00000, 0x0000000746a00000, 0x0000000746b00000|  0%| F|  |TAMS 0x0000000746a00000, 0x0000000746a00000| Untracked 
|  83|0x0000000746b00000, 0x0000000746b00000, 0x0000000746c00000|  0%| F|  |TAMS 0x0000000746b00000, 0x0000000746b00000| Untracked 
|  84|0x0000000746c00000, 0x0000000746c00000, 0x0000000746d00000|  0%| F|  |TAMS 0x0000000746c00000, 0x0000000746c00000| Untracked 
|  85|0x0000000746d00000, 0x0000000746d00000, 0x0000000746e00000|  0%| F|  |TAMS 0x0000000746d00000, 0x0000000746d00000| Untracked 
|  86|0x0000000746e00000, 0x0000000746e00000, 0x0000000746f00000|  0%| F|  |TAMS 0x0000000746e00000, 0x0000000746e00000| Untracked 
|  87|0x0000000746f00000, 0x0000000746f00000, 0x0000000747000000|  0%| F|  |TAMS 0x0000000746f00000, 0x0000000746f00000| Untracked 
|  88|0x0000000747000000, 0x0000000747000000, 0x0000000747100000|  0%| F|  |TAMS 0x0000000747000000, 0x0000000747000000| Untracked 
|  89|0x0000000747100000, 0x0000000747100000, 0x0000000747200000|  0%| F|  |TAMS 0x0000000747100000, 0x0000000747100000| Untracked 
|  90|0x0000000747200000, 0x0000000747200000, 0x0000000747300000|  0%| F|  |TAMS 0x0000000747200000, 0x0000000747200000| Untracked 
|  91|0x0000000747300000, 0x0000000747300000, 0x0000000747400000|  0%| F|  |TAMS 0x0000000747300000, 0x0000000747300000| Untracked 
|  92|0x0000000747400000, 0x0000000747400000, 0x0000000747500000|  0%| F|  |TAMS 0x0000000747400000, 0x0000000747400000| Untracked 
|  93|0x0000000747500000, 0x0000000747500000, 0x0000000747600000|  0%| F|  |TAMS 0x0000000747500000, 0x0000000747500000| Untracked 
|  94|0x0000000747600000, 0x0000000747600000, 0x0000000747700000|  0%| F|  |TAMS 0x0000000747600000, 0x0000000747600000| Untracked 
|  95|0x0000000747700000, 0x0000000747700000, 0x0000000747800000|  0%| F|  |TAMS 0x0000000747700000, 0x0000000747700000| Untracked 
|  96|0x0000000747800000, 0x0000000747800000, 0x0000000747900000|  0%| F|  |TAMS 0x0000000747800000, 0x0000000747800000| Untracked 
|  97|0x0000000747900000, 0x0000000747900000, 0x0000000747a00000|  0%| F|  |TAMS 0x0000000747900000, 0x0000000747900000| Untracked 
|  98|0x0000000747a00000, 0x0000000747a00000, 0x0000000747b00000|  0%| F|  |TAMS 0x0000000747a00000, 0x0000000747a00000| Untracked 
|  99|0x0000000747b00000, 0x0000000747b00000, 0x0000000747c00000|  0%| F|  |TAMS 0x0000000747b00000, 0x0000000747b00000| Untracked 
| 100|0x0000000747c00000, 0x0000000747c00000, 0x0000000747d00000|  0%| F|  |TAMS 0x0000000747c00000, 0x0000000747c00000| Untracked 
| 101|0x0000000747d00000, 0x0000000747d00000, 0x0000000747e00000|  0%| F|  |TAMS 0x0000000747d00000, 0x0000000747d00000| Untracked 
| 102|0x0000000747e00000, 0x0000000747e00000, 0x0000000747f00000|  0%| F|  |TAMS 0x0000000747e00000, 0x0000000747e00000| Untracked 
| 103|0x0000000747f00000, 0x0000000747f00000, 0x0000000748000000|  0%| F|  |TAMS 0x0000000747f00000, 0x0000000747f00000| Untracked 
| 104|0x0000000748000000, 0x0000000748000000, 0x0000000748100000|  0%| F|  |TAMS 0x0000000748000000, 0x0000000748000000| Untracked 
| 105|0x0000000748100000, 0x0000000748100000, 0x0000000748200000|  0%| F|  |TAMS 0x0000000748100000, 0x0000000748100000| Untracked 
| 106|0x0000000748200000, 0x0000000748200000, 0x0000000748300000|  0%| F|  |TAMS 0x0000000748200000, 0x0000000748200000| Untracked 
| 107|0x0000000748300000, 0x0000000748300000, 0x0000000748400000|  0%| F|  |TAMS 0x0000000748300000, 0x0000000748300000| Untracked 
| 108|0x0000000748400000, 0x0000000748400000, 0x0000000748500000|  0%| F|  |TAMS 0x0000000748400000, 0x0000000748400000| Untracked 
| 109|0x0000000748500000, 0x0000000748500000, 0x0000000748600000|  0%| F|  |TAMS 0x0000000748500000, 0x0000000748500000| Untracked 
| 110|0x0000000748600000, 0x0000000748600000, 0x0000000748700000|  0%| F|  |TAMS 0x0000000748600000, 0x0000000748600000| Untracked 
| 111|0x0000000748700000, 0x0000000748700000, 0x0000000748800000|  0%| F|  |TAMS 0x0000000748700000, 0x0000000748700000| Untracked 
| 112|0x0000000748800000, 0x0000000748800000, 0x0000000748900000|  0%| F|  |TAMS 0x0000000748800000, 0x0000000748800000| Untracked 
| 113|0x0000000748900000, 0x0000000748900000, 0x0000000748a00000|  0%| F|  |TAMS 0x0000000748900000, 0x0000000748900000| Untracked 
| 114|0x0000000748a00000, 0x0000000748a00000, 0x0000000748b00000|  0%| F|  |TAMS 0x0000000748a00000, 0x0000000748a00000| Untracked 
| 115|0x0000000748b00000, 0x0000000748b00000, 0x0000000748c00000|  0%| F|  |TAMS 0x0000000748b00000, 0x0000000748b00000| Untracked 
| 116|0x0000000748c00000, 0x0000000748c00000, 0x0000000748d00000|  0%| F|  |TAMS 0x0000000748c00000, 0x0000000748c00000| Untracked 
| 117|0x0000000748d00000, 0x0000000748d00000, 0x0000000748e00000|  0%| F|  |TAMS 0x0000000748d00000, 0x0000000748d00000| Untracked 
| 118|0x0000000748e00000, 0x0000000748e00000, 0x0000000748f00000|  0%| F|  |TAMS 0x0000000748e00000, 0x0000000748e00000| Untracked 
| 119|0x0000000748f00000, 0x0000000748f00000, 0x0000000749000000|  0%| F|  |TAMS 0x0000000748f00000, 0x0000000748f00000| Untracked 
| 120|0x0000000749000000, 0x0000000749000000, 0x0000000749100000|  0%| F|  |TAMS 0x0000000749000000, 0x0000000749000000| Untracked 
| 121|0x0000000749100000, 0x0000000749100000, 0x0000000749200000|  0%| F|  |TAMS 0x0000000749100000, 0x0000000749100000| Untracked 
| 122|0x0000000749200000, 0x0000000749200000, 0x0000000749300000|  0%| F|  |TAMS 0x0000000749200000, 0x0000000749200000| Untracked 
| 123|0x0000000749300000, 0x0000000749300000, 0x0000000749400000|  0%| F|  |TAMS 0x0000000749300000, 0x0000000749300000| Untracked 
| 124|0x0000000749400000, 0x0000000749400000, 0x0000000749500000|  0%| F|  |TAMS 0x0000000749400000, 0x0000000749400000| Untracked 
| 125|0x0000000749500000, 0x0000000749500000, 0x0000000749600000|  0%| F|  |TAMS 0x0000000749500000, 0x0000000749500000| Untracked 
| 126|0x0000000749600000, 0x0000000749600000, 0x0000000749700000|  0%| F|  |TAMS 0x0000000749600000, 0x0000000749600000| Untracked 
| 127|0x0000000749700000, 0x0000000749700000, 0x0000000749800000|  0%| F|  |TAMS 0x0000000749700000, 0x0000000749700000| Untracked 
| 128|0x0000000749800000, 0x0000000749800000, 0x0000000749900000|  0%| F|  |TAMS 0x0000000749800000, 0x0000000749800000| Untracked 
| 129|0x0000000749900000, 0x0000000749900000, 0x0000000749a00000|  0%| F|  |TAMS 0x0000000749900000, 0x0000000749900000| Untracked 
| 130|0x0000000749a00000, 0x0000000749a00000, 0x0000000749b00000|  0%| F|  |TAMS 0x0000000749a00000, 0x0000000749a00000| Untracked 
| 131|0x0000000749b00000, 0x0000000749b00000, 0x0000000749c00000|  0%| F|  |TAMS 0x0000000749b00000, 0x0000000749b00000| Untracked 
| 132|0x0000000749c00000, 0x0000000749c00000, 0x0000000749d00000|  0%| F|  |TAMS 0x0000000749c00000, 0x0000000749c00000| Untracked 
| 133|0x0000000749d00000, 0x0000000749d00000, 0x0000000749e00000|  0%| F|  |TAMS 0x0000000749d00000, 0x0000000749d00000| Untracked 
| 134|0x0000000749e00000, 0x0000000749e00000, 0x0000000749f00000|  0%| F|  |TAMS 0x0000000749e00000, 0x0000000749e00000| Untracked 
| 135|0x0000000749f00000, 0x0000000749f00000, 0x000000074a000000|  0%| F|  |TAMS 0x0000000749f00000, 0x0000000749f00000| Untracked 
| 136|0x000000074a000000, 0x000000074a000000, 0x000000074a100000|  0%| F|  |TAMS 0x000000074a000000, 0x000000074a000000| Untracked 
| 137|0x000000074a100000, 0x000000074a100000, 0x000000074a200000|  0%| F|  |TAMS 0x000000074a100000, 0x000000074a100000| Untracked 
| 138|0x000000074a200000, 0x000000074a200000, 0x000000074a300000|  0%| F|  |TAMS 0x000000074a200000, 0x000000074a200000| Untracked 
| 139|0x000000074a300000, 0x000000074a300000, 0x000000074a400000|  0%| F|  |TAMS 0x000000074a300000, 0x000000074a300000| Untracked 
| 140|0x000000074a400000, 0x000000074a400000, 0x000000074a500000|  0%| F|  |TAMS 0x000000074a400000, 0x000000074a400000| Untracked 
| 141|0x000000074a500000, 0x000000074a500000, 0x000000074a600000|  0%| F|  |TAMS 0x000000074a500000, 0x000000074a500000| Untracked 
| 142|0x000000074a600000, 0x000000074a600000, 0x000000074a700000|  0%| F|  |TAMS 0x000000074a600000, 0x000000074a600000| Untracked 
| 143|0x000000074a700000, 0x000000074a700000, 0x000000074a800000|  0%| F|  |TAMS 0x000000074a700000, 0x000000074a700000| Untracked 
| 144|0x000000074a800000, 0x000000074a800000, 0x000000074a900000|  0%| F|  |TAMS 0x000000074a800000, 0x000000074a800000| Untracked 
| 145|0x000000074a900000, 0x000000074a900000, 0x000000074aa00000|  0%| F|  |TAMS 0x000000074a900000, 0x000000074a900000| Untracked 
| 146|0x000000074aa00000, 0x000000074aa00000, 0x000000074ab00000|  0%| F|  |TAMS 0x000000074aa00000, 0x000000074aa00000| Untracked 
| 147|0x000000074ab00000, 0x000000074ab00000, 0x000000074ac00000|  0%| F|  |TAMS 0x000000074ab00000, 0x000000074ab00000| Untracked 
| 148|0x000000074ac00000, 0x000000074ac00000, 0x000000074ad00000|  0%| F|  |TAMS 0x000000074ac00000, 0x000000074ac00000| Untracked 
| 149|0x000000074ad00000, 0x000000074ad00000, 0x000000074ae00000|  0%| F|  |TAMS 0x000000074ad00000, 0x000000074ad00000| Untracked 
| 150|0x000000074ae00000, 0x000000074ae00000, 0x000000074af00000|  0%| F|  |TAMS 0x000000074ae00000, 0x000000074ae00000| Untracked 
| 151|0x000000074af00000, 0x000000074af00000, 0x000000074b000000|  0%| F|  |TAMS 0x000000074af00000, 0x000000074af00000| Untracked 
| 152|0x000000074b000000, 0x000000074b000000, 0x000000074b100000|  0%| F|  |TAMS 0x000000074b000000, 0x000000074b000000| Untracked 
| 153|0x000000074b100000, 0x000000074b100000, 0x000000074b200000|  0%| F|  |TAMS 0x000000074b100000, 0x000000074b100000| Untracked 
| 154|0x000000074b200000, 0x000000074b200000, 0x000000074b300000|  0%| F|  |TAMS 0x000000074b200000, 0x000000074b200000| Untracked 
| 155|0x000000074b300000, 0x000000074b300000, 0x000000074b400000|  0%| F|  |TAMS 0x000000074b300000, 0x000000074b300000| Untracked 
| 156|0x000000074b400000, 0x000000074b400000, 0x000000074b500000|  0%| F|  |TAMS 0x000000074b400000, 0x000000074b400000| Untracked 
| 157|0x000000074b500000, 0x000000074b500000, 0x000000074b600000|  0%| F|  |TAMS 0x000000074b500000, 0x000000074b500000| Untracked 
| 158|0x000000074b600000, 0x000000074b600000, 0x000000074b700000|  0%| F|  |TAMS 0x000000074b600000, 0x000000074b600000| Untracked 
| 159|0x000000074b700000, 0x000000074b700000, 0x000000074b800000|  0%| F|  |TAMS 0x000000074b700000, 0x000000074b700000| Untracked 
| 160|0x000000074b800000, 0x000000074b800000, 0x000000074b900000|  0%| F|  |TAMS 0x000000074b800000, 0x000000074b800000| Untracked 
| 161|0x000000074b900000, 0x000000074b900000, 0x000000074ba00000|  0%| F|  |TAMS 0x000000074b900000, 0x000000074b900000| Untracked 
| 162|0x000000074ba00000, 0x000000074ba00000, 0x000000074bb00000|  0%| F|  |TAMS 0x000000074ba00000, 0x000000074ba00000| Untracked 
| 163|0x000000074bb00000, 0x000000074bb00000, 0x000000074bc00000|  0%| F|  |TAMS 0x000000074bb00000, 0x000000074bb00000| Untracked 
| 164|0x000000074bc00000, 0x000000074bc00000, 0x000000074bd00000|  0%| F|  |TAMS 0x000000074bc00000, 0x000000074bc00000| Untracked 
| 165|0x000000074bd00000, 0x000000074be00000, 0x000000074be00000|100%| S|CS|TAMS 0x000000074bd00000, 0x000000074bd00000| Complete 
| 166|0x000000074be00000, 0x000000074bf00000, 0x000000074bf00000|100%| S|CS|TAMS 0x000000074be00000, 0x000000074be00000| Complete 
| 167|0x000000074bf00000, 0x000000074c000000, 0x000000074c000000|100%| S|CS|TAMS 0x000000074bf00000, 0x000000074bf00000| Complete 
| 168|0x000000074c000000, 0x000000074c000000, 0x000000074c100000|  0%| F|  |TAMS 0x000000074c000000, 0x000000074c000000| Untracked 
| 169|0x000000074c100000, 0x000000074c100000, 0x000000074c200000|  0%| F|  |TAMS 0x000000074c100000, 0x000000074c100000| Untracked 
| 170|0x000000074c200000, 0x000000074c200000, 0x000000074c300000|  0%| F|  |TAMS 0x000000074c200000, 0x000000074c200000| Untracked 
| 171|0x000000074c300000, 0x000000074c300000, 0x000000074c400000|  0%| F|  |TAMS 0x000000074c300000, 0x000000074c300000| Untracked 
| 172|0x000000074c400000, 0x000000074c400000, 0x000000074c500000|  0%| F|  |TAMS 0x000000074c400000, 0x000000074c400000| Untracked 
| 173|0x000000074c500000, 0x000000074c500000, 0x000000074c600000|  0%| F|  |TAMS 0x000000074c500000, 0x000000074c500000| Untracked 
| 174|0x000000074c600000, 0x000000074c600000, 0x000000074c700000|  0%| F|  |TAMS 0x000000074c600000, 0x000000074c600000| Untracked 
| 175|0x000000074c700000, 0x000000074c700000, 0x000000074c800000|  0%| F|  |TAMS 0x000000074c700000, 0x000000074c700000| Untracked 
| 176|0x000000074c800000, 0x000000074c800000, 0x000000074c900000|  0%| F|  |TAMS 0x000000074c800000, 0x000000074c800000| Untracked 
| 177|0x000000074c900000, 0x000000074c900000, 0x000000074ca00000|  0%| F|  |TAMS 0x000000074c900000, 0x000000074c900000| Untracked 
| 178|0x000000074ca00000, 0x000000074ca00000, 0x000000074cb00000|  0%| F|  |TAMS 0x000000074ca00000, 0x000000074ca00000| Untracked 
| 179|0x000000074cb00000, 0x000000074cb00000, 0x000000074cc00000|  0%| F|  |TAMS 0x000000074cb00000, 0x000000074cb00000| Untracked 
| 180|0x000000074cc00000, 0x000000074cc00000, 0x000000074cd00000|  0%| F|  |TAMS 0x000000074cc00000, 0x000000074cc00000| Untracked 
| 181|0x000000074cd00000, 0x000000074cd00000, 0x000000074ce00000|  0%| F|  |TAMS 0x000000074cd00000, 0x000000074cd00000| Untracked 
| 182|0x000000074ce00000, 0x000000074ce00000, 0x000000074cf00000|  0%| F|  |TAMS 0x000000074ce00000, 0x000000074ce00000| Untracked 
| 183|0x000000074cf00000, 0x000000074d000000, 0x000000074d000000|100%| E|  |TAMS 0x000000074cf00000, 0x000000074cf00000| Complete 
| 184|0x000000074d000000, 0x000000074d100000, 0x000000074d100000|100%| E|CS|TAMS 0x000000074d000000, 0x000000074d000000| Complete 
| 185|0x000000074d100000, 0x000000074d200000, 0x000000074d200000|100%| E|CS|TAMS 0x000000074d100000, 0x000000074d100000| Complete 
| 186|0x000000074d200000, 0x000000074d300000, 0x000000074d300000|100%| E|CS|TAMS 0x000000074d200000, 0x000000074d200000| Complete 
| 187|0x000000074d300000, 0x000000074d400000, 0x000000074d400000|100%| E|CS|TAMS 0x000000074d300000, 0x000000074d300000| Complete 
| 188|0x000000074d400000, 0x000000074d500000, 0x000000074d500000|100%| E|CS|TAMS 0x000000074d400000, 0x000000074d400000| Complete 
| 189|0x000000074d500000, 0x000000074d600000, 0x000000074d600000|100%| E|CS|TAMS 0x000000074d500000, 0x000000074d500000| Complete 
| 190|0x000000074d600000, 0x000000074d700000, 0x000000074d700000|100%| E|CS|TAMS 0x000000074d600000, 0x000000074d600000| Complete 
| 191|0x000000074d700000, 0x000000074d800000, 0x000000074d800000|100%| E|CS|TAMS 0x000000074d700000, 0x000000074d700000| Complete 

Card table byte_map: [0x00000221c8fb0000,0x00000221c95b0000] _byte_map_base: 0x00000221c55a4000

Marking Bits (Prev, Next): (CMBitMap*) 0x00000221b12501e8, (CMBitMap*) 0x00000221b1250228
 Prev Bits: [0x00000221c9bb0000, 0x00000221ccb50000)
 Next Bits: [0x00000221ccb50000, 0x00000221cfaf0000)

Polling page: 0x00000221b09e0000

Metaspace:

Usage:
  Non-class:     16.65 MB capacity,    16.40 MB ( 98%) used,   222.14 KB (  1%) free+waste,    38.94 KB ( <1%) overhead. 
      Class:      2.16 MB capacity,     1.99 MB ( 92%) used,   153.25 KB (  7%) free+waste,    20.88 KB ( <1%) overhead. 
       Both:     18.82 MB capacity,    18.39 MB ( 98%) used,   375.39 KB (  2%) free+waste,    59.81 KB ( <1%) overhead. 

Virtual space:
  Non-class space:       18.00 MB reserved,      16.75 MB ( 93%) committed 
      Class space:        1.00 GB reserved,       2.25 MB ( <1%) committed 
             Both:        1.02 GB reserved,      19.00 MB (  2%) committed 

Chunk freelists:
   Non-Class:  34.00 KB
       Class:  0 bytes
        Both:  34.00 KB

MaxMetaspaceSize: 17179869184.00 GB
CompressedClassSpaceSize: 1.00 GB

CodeHeap 'non-profiled nmethods': size=120000Kb used=1058Kb max_used=1058Kb free=118941Kb
 bounds [0x00000221c1480000, 0x00000221c16f0000, 0x00000221c89b0000]
CodeHeap 'profiled nmethods': size=120000Kb used=5307Kb max_used=5307Kb free=114692Kb
 bounds [0x00000221b9f50000, 0x00000221ba480000, 0x00000221c1480000]
CodeHeap 'non-nmethods': size=5760Kb used=1387Kb max_used=1432Kb free=4372Kb
 bounds [0x00000221b99b0000, 0x00000221b9c20000, 0x00000221b9f50000]
 total_blobs=3269 nmethods=2578 adapters=603
 compilation: enabled
              stopped_count=0, restarted_count=0
 full_count=0

Compilation events (20 events):
Event: 23.592 Thread 0x00000221d28a7800 nmethod 2569 0x00000221ba478b10 code [0x00000221ba478d40, 0x00000221ba479808]
Event: 23.639 Thread 0x00000221d28a7800 2570       3       java.util.concurrent.TimeUnit::convert (77 bytes)
Event: 23.640 Thread 0x00000221d28a7800 nmethod 2570 0x00000221ba479a90 code [0x00000221ba479c80, 0x00000221ba479fe8]
Event: 23.647 Thread 0x00000221d28a7800 2571       3       javax.swing.TimerQueue$DelayedTimer::getDelay (16 bytes)
Event: 23.647 Thread 0x00000221d28a7800 nmethod 2571 0x00000221ba47a190 code [0x00000221ba47a340, 0x00000221ba47a548]
Event: 23.647 Thread 0x00000221d28a7800 2572       3       java.util.concurrent.locks.AbstractQueuedSynchronizer$ConditionObject::awaitNanos (200 bytes)
Event: 23.649 Thread 0x00000221d28a7800 nmethod 2572 0x00000221ba47a610 code [0x00000221ba47a940, 0x00000221ba47c128]
Event: 23.695 Thread 0x00000221d28a7800 2573       3       java.util.concurrent.locks.AbstractQueuedSynchronizer$ConditionObject::signal (34 bytes)
Event: 23.695 Thread 0x00000221d28a7800 nmethod 2573 0x00000221ba47ca10 code [0x00000221ba47cbe0, 0x00000221ba47cf68]
Event: 23.841 Thread 0x00000221d28a7800 2574   !   3       java.awt.KeyboardFocusManager::getGlobalFocusOwner (20 bytes)
Event: 23.842 Thread 0x00000221d28a7800 nmethod 2574 0x00000221ba47d090 code [0x00000221ba47d260, 0x00000221ba47d6e8]
Event: 26.135 Thread 0x00000221d28a7800 2575       3       javax.swing.JTable::getRowCount (24 bytes)
Event: 26.136 Thread 0x00000221d28a7800 nmethod 2575 0x00000221ba47d890 code [0x00000221ba47da60, 0x00000221ba47ddf8]
Event: 50.057 Thread 0x00000221d28a7800 2577       3       java.awt.Component::updateGraphicsData (34 bytes)
Event: 50.058 Thread 0x00000221d28a7800 nmethod 2577 0x00000221ba47df90 code [0x00000221ba47e160, 0x00000221ba47e4c8]
Event: 50.058 Thread 0x00000221d28a7800 2578       3       java.awt.Component::updateSelfGraphicsData (38 bytes)
Event: 50.058 Thread 0x00000221d28a7800 nmethod 2578 0x00000221ba47e590 code [0x00000221ba47e780, 0x00000221ba47eca8]
Event: 51.143 Thread 0x00000221d28a7800 2579       1       sun.awt.NullComponentPeer::updateGraphicsData (2 bytes)
Event: 51.143 Thread 0x00000221d28a7800 nmethod 2579 0x00000221c1588810 code [0x00000221c15889a0, 0x00000221c1588a78]
Event: 51.335 Thread 0x00000221d2891800 2580   !   4       jdk.internal.logger.LazyLoggers$LazyLoggerAccessor::platform (103 bytes)

GC Heap History (6 events):
Event: 1.111 GC heap before
{Heap before GC invocations=0 (full 0):
 garbage-first heap   total 196608K, used 12288K [0x0000000741800000, 0x0000000800000000)
  region size 1024K, 13 young (13312K), 0 survivors (0K)
 Metaspace       used 9366K, capacity 9700K, committed 9856K, reserved 1058816K
  class space    used 997K, capacity 1136K, committed 1152K, reserved 1048576K
}
Event: 1.119 GC heap after
{Heap after GC invocations=1 (full 0):
 garbage-first heap   total 196608K, used 3578K [0x0000000741800000, 0x0000000800000000)
  region size 1024K, 2 young (2048K), 2 survivors (2048K)
 Metaspace       used 9366K, capacity 9700K, committed 9856K, reserved 1058816K
  class space    used 997K, capacity 1136K, committed 1152K, reserved 1048576K
}
Event: 1.936 GC heap before
{Heap before GC invocations=1 (full 0):
 garbage-first heap   total 196608K, used 17914K [0x0000000741800000, 0x0000000800000000)
  region size 1024K, 13 young (13312K), 2 survivors (2048K)
 Metaspace       used 16472K, capacity 16826K, committed 16896K, reserved 1064960K
  class space    used 1842K, capacity 2001K, committed 2048K, reserved 1048576K
}
Event: 1.941 GC heap after
{Heap after GC invocations=2 (full 0):
 garbage-first heap   total 196608K, used 7127K [0x0000000741800000, 0x0000000800000000)
  region size 1024K, 2 young (2048K), 2 survivors (2048K)
 Metaspace       used 16472K, capacity 16826K, committed 16896K, reserved 1064960K
  class space    used 1842K, capacity 2001K, committed 2048K, reserved 1048576K
}
Event: 13.688 GC heap before
{Heap before GC invocations=2 (full 0):
 garbage-first heap   total 196608K, used 37847K [0x0000000741800000, 0x0000000800000000)
  region size 1024K, 24 young (24576K), 2 survivors (2048K)
 Metaspace       used 18624K, capacity 19056K, committed 19200K, reserved 1067008K
  class space    used 2030K, capacity 2209K, committed 2304K, reserved 1048576K
}
Event: 13.694 GC heap after
{Heap after GC invocations=3 (full 0):
 garbage-first heap   total 196608K, used 15207K [0x0000000741800000, 0x0000000800000000)
  region size 1024K, 3 young (3072K), 3 survivors (3072K)
 Metaspace       used 18624K, capacity 19056K, committed 19200K, reserved 1067008K
  class space    used 2030K, capacity 2209K, committed 2304K, reserved 1048576K
}

Deoptimization events (20 events):
Event: 17.315 Thread 0x00000221d349c000 Uncommon trap: trap_request=0xffffffcc fr.pc=0x00000221c15661b0 relative=0x0000000000001330
Event: 17.315 Thread 0x00000221d349c000 Uncommon trap: reason=intrinsic_or_type_checked_inlining action=make_not_entrant pc=0x00000221c15661b0 method=java.util.ArrayList$SubList.toArray([Ljava/lang/Object;)[Ljava/lang/Object; @ 58 c2
Event: 17.315 Thread 0x00000221d349c000 DEOPT PACKING pc=0x00000221c15661b0 sp=0x000000395fafd8e0
Event: 17.315 Thread 0x00000221d349c000 DEOPT UNPACKING pc=0x00000221b99f912f sp=0x000000395fafd820 mode 2
Event: 50.053 Thread 0x00000221d349c000 Uncommon trap: trap_request=0xffffff45 fr.pc=0x00000221c15807f8 relative=0x00000000000033f8
Event: 50.053 Thread 0x00000221d349c000 Uncommon trap: reason=unstable_if action=reinterpret pc=0x00000221c15807f8 method=java.awt.EventQueue.getPriority(Ljava/awt/AWTEvent;)I @ 4 c2
Event: 50.053 Thread 0x00000221d349c000 DEOPT PACKING pc=0x00000221c15807f8 sp=0x000000395fafed50
Event: 50.053 Thread 0x00000221d349c000 DEOPT UNPACKING pc=0x00000221b99f912f sp=0x000000395fafec38 mode 2
Event: 50.053 Thread 0x00000221d349c000 Uncommon trap: trap_request=0xffffff45 fr.pc=0x00000221c1587694 relative=0x0000000000000054
Event: 50.053 Thread 0x00000221d349c000 Uncommon trap: reason=unstable_if action=reinterpret pc=0x00000221c1587694 method=java.awt.EventQueue.eventToCacheIndex(Ljava/awt/AWTEvent;)I @ 71 c2
Event: 50.053 Thread 0x00000221d349c000 DEOPT PACKING pc=0x00000221c1587694 sp=0x000000395fafead0
Event: 50.053 Thread 0x00000221d349c000 DEOPT UNPACKING pc=0x00000221b99f912f sp=0x000000395fafea70 mode 2
Event: 50.621 Thread 0x00000221d349c000 Uncommon trap: trap_request=0xffffff45 fr.pc=0x00000221c14d49a0 relative=0x00000000000002c0
Event: 50.621 Thread 0x00000221d349c000 Uncommon trap: reason=unstable_if action=reinterpret pc=0x00000221c14d49a0 method=java.util.HashMap$HashIterator.<init>(Ljava/util/HashMap;)V @ 45 c2
Event: 50.621 Thread 0x00000221d349c000 DEOPT PACKING pc=0x00000221c14d49a0 sp=0x000000395fafef70
Event: 50.621 Thread 0x00000221d349c000 DEOPT UNPACKING pc=0x00000221b99f912f sp=0x000000395fafee60 mode 2
Event: 51.143 Thread 0x00000221d349c000 Uncommon trap: trap_request=0xffffff45 fr.pc=0x00000221c14d4324 relative=0x00000000000003c4
Event: 51.143 Thread 0x00000221d349c000 Uncommon trap: reason=unstable_if action=reinterpret pc=0x00000221c14d4324 method=java.util.HashMap$HashIterator.<init>(Ljava/util/HashMap;)V @ 45 c2
Event: 51.143 Thread 0x00000221d349c000 DEOPT PACKING pc=0x00000221c14d4324 sp=0x000000395fafeec0
Event: 51.144 Thread 0x00000221d349c000 DEOPT UNPACKING pc=0x00000221b99f912f sp=0x000000395fafee78 mode 2

Classes unloaded (0 events):
No events

Classes redefined (0 events):
No events

Internal exceptions (20 events):
Event: 0.374 Thread 0x00000221b11fd000 Exception <a 'java/lang/NoSuchMethodError'{0x000000074d4b54b8}: 'java.lang.Object java.lang.invoke.DirectMethodHandle$Holder.invokeStatic(java.lang.Object, int, java.lang.Object, java.lang.Object, java.lang.Object, java.lang.Object)'> (0x000000074d4b54b8) 
thrown [./open/src/hotspot/share/interpreter/linkResolver.cpp, line 766]
Event: 0.375 Thread 0x00000221b11fd000 Exception <a 'java/lang/NoSuchMethodError'{0x000000074d4bbdd8}: 'java.lang.Object java.lang.invoke.DirectMethodHandle$Holder.invokeStatic(java.lang.Object, int, java.lang.Object, java.lang.Object, java.lang.Object)'> (0x000000074d4bbdd8) 
thrown [./open/src/hotspot/share/interpreter/linkResolver.cpp, line 766]
Event: 0.375 Thread 0x00000221b11fd000 Exception <a 'java/lang/NoSuchMethodError'{0x000000074d4bf628}: 'java.lang.Object java.lang.invoke.DirectMethodHandle$Holder.invokeSpecial(java.lang.Object, java.lang.Object, int, java.lang.Object, java.lang.Object, java.lang.Object)'> (0x000000074d4bf628) 
thrown [./open/src/hotspot/share/interpreter/linkResolver.cpp, line 766]
Event: 0.379 Thread 0x00000221b11fd000 Exception <a 'java/lang/NoSuchMethodError'{0x000000074d4d5d00}: 'java.lang.Object java.lang.invoke.DirectMethodHandle$Holder.invokeStatic(java.lang.Object, int, java.lang.Object)'> (0x000000074d4d5d00) 
thrown [./open/src/hotspot/share/interpreter/linkResolver.cpp, line 766]
Event: 0.409 Thread 0x00000221b11fd000 Exception <a 'java/lang/ClassNotFoundException'{0x000000074d379fc8}: com/sun/swing/internal/plaf/metal/resources/spi/metalProvider> (0x000000074d379fc8) 
thrown [./open/src/hotspot/share/classfile/systemDictionary.cpp, line 226]
Event: 0.412 Thread 0x00000221b11fd000 Exception <a 'java/lang/ClassNotFoundException'{0x000000074d380018}: com/sun/swing/internal/plaf/basic/resources/spi/basicProvider> (0x000000074d380018) 
thrown [./open/src/hotspot/share/classfile/systemDictionary.cpp, line 226]
Event: 0.797 Thread 0x00000221b11fd000 Exception <a 'java/lang/NoSuchMethodError'{0x000000074cc2e280}: 'java.lang.Object java.lang.invoke.DirectMethodHandle$Holder.invokeStaticInit(java.lang.Object, int, int, int, int)'> (0x000000074cc2e280) 
thrown [./open/src/hotspot/share/interpreter/linkResolver.cpp, line 766]
Event: 1.010 Thread 0x00000221b11fd000 Exception <a 'java/lang/NoSuchMethodError'{0x000000074cc4f8e8}: 'java.lang.Object java.lang.invoke.DirectMethodHandle$Holder.invokeStaticInit(java.lang.Object, java.lang.Object, int, int, int, int)'> (0x000000074cc4f8e8) 
thrown [./open/src/hotspot/share/interpreter/linkResolver.cpp, line 766]
Event: 1.050 Thread 0x00000221b11fd000 Exception <a 'sun/nio/fs/WindowsException'{0x000000074ccdf3d8}> (0x000000074ccdf3d8) 
thrown [./open/src/hotspot/share/prims/jni.cpp, line 599]
Event: 1.051 Thread 0x00000221b11fd000 Exception <a 'java/lang/NoSuchMethodError'{0x000000074cce0f90}: 'int java.lang.invoke.DirectMethodHandle$Holder.invokeSpecialIFC(java.lang.Object, java.lang.Object, int)'> (0x000000074cce0f90) 
thrown [./open/src/hotspot/share/interpreter/linkResolver.cpp, line 766]
Event: 1.065 Thread 0x00000221b11fd000 Exception <a 'java/lang/NoSuchMethodError'{0x000000074cb0cac0}: 'int java.lang.invoke.DirectMethodHandle$Holder.invokeStaticInit(java.lang.Object, java.lang.Object, java.lang.Object, java.lang.Object)'> (0x000000074cb0cac0) 
thrown [./open/src/hotspot/share/interpreter/linkResolver.cpp, line 766]
Event: 1.067 Thread 0x00000221b11fd000 Exception <a 'java/lang/IncompatibleClassChangeError'{0x000000074cb154c8}: Found class java.lang.Object, but interface was expected> (0x000000074cb154c8) 
thrown [./open/src/hotspot/share/interpreter/linkResolver.cpp, line 832]
Event: 1.067 Thread 0x00000221b11fd000 Exception <a 'java/lang/NoSuchMethodError'{0x000000074cb18048}: 'void java.lang.invoke.DirectMethodHandle$Holder.invokeStaticInit(java.lang.Object, java.lang.Object)'> (0x000000074cb18048) 
thrown [./open/src/hotspot/share/interpreter/linkResolver.cpp, line 766]
Event: 1.068 Thread 0x00000221b11fd000 Exception <a 'java/lang/NoSuchMethodError'{0x000000074cb1cf20}: 'int java.lang.invoke.DirectMethodHandle$Holder.invokeStaticInit(java.lang.Object, java.lang.Object)'> (0x000000074cb1cf20) 
thrown [./open/src/hotspot/share/interpreter/linkResolver.cpp, line 766]
Event: 1.393 Thread 0x00000221b11fd000 Exception <a 'java/lang/NoSuchMethodError'{0x000000074d26f6e0}: 'void java.lang.invoke.DirectMethodHandle$Holder.invokeSpecial(java.lang.Object, java.lang.Object, java.lang.Object, java.lang.Object)'> (0x000000074d26f6e0) 
thrown [./open/src/hotspot/share/interpreter/linkResolver.cpp, line 766]
Event: 1.706 Thread 0x00000221b11fd000 Implicit null exception at 0x00000221c14a1eaf to 0x00000221c14a1f2d
Event: 1.770 Thread 0x00000221b11fd000 Exception <a 'java/io/FileNotFoundException'{0x000000074ce720e8}> (0x000000074ce720e8) 
thrown [./open/src/hotspot/share/prims/jni.cpp, line 599]
Event: 2.100 Thread 0x00000221b11fd000 Exception <a 'java/lang/NoSuchMethodError'{0x000000074d360bb0}: 'void java.lang.invoke.DirectMethodHandle$Holder.invokeStaticInit(java.lang.Object)'> (0x000000074d360bb0) 
thrown [./open/src/hotspot/share/interpreter/linkResolver.cpp, line 766]
Event: 2.109 Thread 0x00000221b11fd000 Exception <a 'java/lang/NoSuchMethodError'{0x000000074d387b78}: 'java.lang.Object java.lang.invoke.Invokers$Holder.linkToTargetMethod(java.lang.Object, int, java.lang.Object)'> (0x000000074d387b78) 
thrown [./open/src/hotspot/share/interpreter/linkResolver.cpp, line 766]
Event: 50.052 Thread 0x00000221d349c000 Exception <a 'java/lang/NoSuchMethodError'{0x000000074cfd5ce8}: 'void java.lang.invoke.DirectMethodHandle$Holder.invokeVirtual(java.lang.Object, java.lang.Object)'> (0x000000074cfd5ce8) 
thrown [./open/src/hotspot/share/interpreter/linkResolver.cpp, line 766]

Events (20 events):
Event: 21.352 loading class javax/swing/text/JTextComponent$InputMethodRequestsHandler
Event: 21.352 loading class javax/swing/text/JTextComponent$InputMethodRequestsHandler done
Event: 21.352 Executing VM operation: HandshakeOneThread
Event: 21.352 Executing VM operation: HandshakeOneThread done
Event: 22.752 Executing VM operation: HandshakeOneThread
Event: 22.752 Executing VM operation: HandshakeOneThread done
Event: 23.266 Executing VM operation: HandshakeOneThread
Event: 23.266 Executing VM operation: HandshakeOneThread done
Event: 23.281 Executing VM operation: HandshakeOneThread
Event: 23.281 Executing VM operation: HandshakeOneThread done
Event: 49.921 Executing VM operation: HandshakeOneThread
Event: 49.921 Executing VM operation: HandshakeOneThread done
Event: 50.052 Executing VM operation: HandshakeOneThread
Event: 50.052 Executing VM operation: HandshakeOneThread done
Event: 50.052 loading class java/util/WeakHashMap$KeyIterator
Event: 50.052 loading class java/util/WeakHashMap$HashIterator
Event: 50.052 loading class java/util/WeakHashMap$HashIterator done
Event: 50.052 loading class java/util/WeakHashMap$KeyIterator done
Event: 50.053 loading class javax/swing/RepaintManager$DisplayChangedRunnable
Event: 50.053 loading class javax/swing/RepaintManager$DisplayChangedRunnable done


Dynamic libraries:
0x00007ff69c0f0000 - 0x00007ff69c0ff000 	C:\Environment\Java\jdk-14.0.2\bin\java.exe
0x00007fff35b70000 - 0x00007fff35d65000 	C:\Windows\SYSTEM32\ntdll.dll
0x00007fff35a00000 - 0x00007fff35abd000 	C:\Windows\System32\KERNEL32.DLL
0x00007fff337b0000 - 0x00007fff33a78000 	C:\Windows\System32\KERNELBASE.dll
0x00007fff332b0000 - 0x00007fff333b0000 	C:\Windows\System32\ucrtbase.dll
0x00007fff211a0000 - 0x00007fff211b8000 	C:\Environment\Java\jdk-14.0.2\bin\jli.dll
0x00007fff21180000 - 0x00007fff21195000 	C:\Environment\Java\jdk-14.0.2\bin\VCRUNTIME140.dll
0x00007fff33c00000 - 0x00007fff33cac000 	C:\Windows\System32\ADVAPI32.dll
0x00007fff35770000 - 0x00007fff3580e000 	C:\Windows\System32\msvcrt.dll
0x00007fff35520000 - 0x00007fff355bb000 	C:\Windows\System32\sechost.dll
0x00007fff34280000 - 0x00007fff343ab000 	C:\Windows\System32\RPCRT4.dll
0x00007fff340e0000 - 0x00007fff34280000 	C:\Windows\System32\USER32.dll
0x00007fff336f0000 - 0x00007fff33712000 	C:\Windows\System32\win32u.dll
0x00007fff354f0000 - 0x00007fff3551a000 	C:\Windows\System32\GDI32.dll
0x00007fff21670000 - 0x00007fff2190a000 	C:\Windows\WinSxS\amd64_microsoft.windows.common-controls_6595b64144ccf1df_6.0.19041.1052_none_60b8f8fd71f5e8cb\COMCTL32.dll
0x00007fff33460000 - 0x00007fff3356b000 	C:\Windows\System32\gdi32full.dll
0x00007fff33650000 - 0x00007fff336ed000 	C:\Windows\System32\msvcp_win.dll
0x00007fff2abb0000 - 0x00007fff2abba000 	C:\Windows\SYSTEM32\VERSION.dll
0x00007fff35430000 - 0x00007fff35460000 	C:\Windows\System32\IMM32.DLL
0x00007ffed14b0000 - 0x00007ffed154b000 	C:\Environment\Java\jdk-14.0.2\bin\msvcp140.dll
0x00007ffed0490000 - 0x00007ffed0fae000 	C:\Environment\Java\jdk-14.0.2\bin\server\jvm.dll
0x00007fff343b0000 - 0x00007fff343b8000 	C:\Windows\System32\PSAPI.DLL
0x00007fff2d270000 - 0x00007fff2d279000 	C:\Windows\SYSTEM32\WSOCK32.dll
0x00007fff1fa40000 - 0x00007fff1fa67000 	C:\Windows\SYSTEM32\WINMM.dll
0x00007fff35ac0000 - 0x00007fff35b2b000 	C:\Windows\System32\WS2_32.dll
0x00007fff31b80000 - 0x00007fff31b92000 	C:\Windows\SYSTEM32\kernel.appcore.dll
0x00007ffef1320000 - 0x00007ffef132a000 	C:\Environment\Java\jdk-14.0.2\bin\jimage.dll
0x00007fff30060000 - 0x00007fff30244000 	C:\Windows\SYSTEM32\DBGHELP.DLL
0x00007fff1b3d0000 - 0x00007fff1b3fc000 	C:\Windows\SYSTEM32\dbgcore.DLL
0x00007fff33720000 - 0x00007fff337a3000 	C:\Windows\System32\bcryptPrimitives.dll
0x00007fff2e030000 - 0x00007fff2e03e000 	C:\Environment\Java\jdk-14.0.2\bin\instrument.dll
0x00007ffed5170000 - 0x00007ffed5195000 	C:\Environment\Java\jdk-14.0.2\bin\java.dll
0x00007ffed2800000 - 0x00007ffed2816000 	C:\Environment\Java\jdk-14.0.2\bin\zip.dll
0x00007fff343c0000 - 0x00007fff34aff000 	C:\Windows\System32\SHELL32.dll
0x00007fff30920000 - 0x00007fff310b0000 	C:\Windows\SYSTEM32\windows.storage.dll
0x00007fff350d0000 - 0x00007fff35425000 	C:\Windows\System32\combase.dll
0x00007fff32c50000 - 0x00007fff32c7c000 	C:\Windows\SYSTEM32\Wldp.dll
0x00007fff33cb0000 - 0x00007fff33d5e000 	C:\Windows\System32\SHCORE.dll
0x00007fff359a0000 - 0x00007fff359f5000 	C:\Windows\System32\shlwapi.dll
0x00007fff331f0000 - 0x00007fff3320f000 	C:\Windows\SYSTEM32\profapi.dll
0x00007ffed27e0000 - 0x00007ffed27f9000 	C:\Environment\Java\jdk-14.0.2\bin\net.dll
0x00007fff21310000 - 0x00007fff2141b000 	C:\Windows\SYSTEM32\WINHTTP.dll
0x00007fff329c0000 - 0x00007fff32a2a000 	C:\Windows\system32\mswsock.dll
0x00007ffed27c0000 - 0x00007ffed27d2000 	C:\Environment\Java\jdk-14.0.2\bin\nio.dll
0x00007fff2df80000 - 0x00007fff2df9a000 	F:\IntelliJ IDEA 2020.3.3\bin\breakgen64.dll
0x00007ffed5ed0000 - 0x00007ffed6069000 	C:\Environment\Java\jdk-14.0.2\bin\awt.dll
0x00007fff33fb0000 - 0x00007fff3407d000 	C:\Windows\System32\OLEAUT32.dll
0x00007fff2fce0000 - 0x00007fff2fd70000 	C:\Windows\SYSTEM32\apphelp.dll
0x00007fff30250000 - 0x00007fff3027f000 	C:\Windows\system32\DWMAPI.DLL
0x00007fff2fe40000 - 0x00007fff2fede000 	C:\Windows\system32\uxtheme.dll
0x00007fff0fbc0000 - 0x00007fff0fce6000 	C:\Windows\system32\opengl32.dll
0x00007fff0fb90000 - 0x00007fff0fbbc000 	C:\Windows\SYSTEM32\GLU32.dll
0x00007fff33e90000 - 0x00007fff33fa5000 	C:\Windows\System32\MSCTF.dll
0x00007fff33d60000 - 0x00007fff33e8a000 	C:\Windows\System32\ole32.dll
0x00007fff0ccc0000 - 0x00007fff0ccd7000 	C:\Windows\system32\napinsp.dll
0x00007fff0c8c0000 - 0x00007fff0c8db000 	C:\Windows\system32\pnrpnsp.dll
0x00007fff0c8a0000 - 0x00007fff0c8b5000 	C:\Windows\system32\wshbth.dll
0x00007fff2df00000 - 0x00007fff2df1d000 	C:\Windows\system32\NLAapi.dll
0x00007fff326b0000 - 0x00007fff326eb000 	C:\Windows\SYSTEM32\IPHLPAPI.DLL
0x00007fff326f0000 - 0x00007fff327bc000 	C:\Windows\SYSTEM32\DNSAPI.dll
0x00007fff35060000 - 0x00007fff35068000 	C:\Windows\System32\NSI.dll
0x00007fff0c880000 - 0x00007fff0c892000 	C:\Windows\System32\winrnr.dll
0x00007fff1d860000 - 0x00007fff1d86a000 	C:\Windows\System32\rasadhlp.dll
0x00007fff21590000 - 0x00007fff2160f000 	C:\Windows\System32\fwpuclnt.dll
0x00007fff33570000 - 0x00007fff33597000 	C:\Windows\System32\bcrypt.dll
0x00007fff32b90000 - 0x00007fff32ba8000 	C:\Windows\SYSTEM32\CRYPTSP.dll
0x00007fff32360000 - 0x00007fff32394000 	C:\Windows\system32\rsaenh.dll
0x00007fff331b0000 - 0x00007fff331de000 	C:\Windows\SYSTEM32\USERENV.dll
0x00007fff32bb0000 - 0x00007fff32bbc000 	C:\Windows\SYSTEM32\CRYPTBASE.dll
0x00007fff24dd0000 - 0x00007fff24de7000 	C:\Windows\SYSTEM32\dhcpcsvc6.DLL
0x00007fff252c0000 - 0x00007fff252dd000 	C:\Windows\SYSTEM32\dhcpcsvc.DLL
0x00007fff2b920000 - 0x00007fff2b92e000 	C:\Environment\Java\jdk-14.0.2\bin\sunmscapi.dll
0x00007fff33a80000 - 0x00007fff33bdf000 	C:\Windows\System32\CRYPT32.dll
0x00007fff32cc0000 - 0x00007fff32ce7000 	C:\Windows\SYSTEM32\ncrypt.dll
0x00007fff32c80000 - 0x00007fff32cbb000 	C:\Windows\SYSTEM32\NTASN1.dll
0x00007fff02d10000 - 0x00007fff02d35000 	C:\Environment\Java\jdk-14.0.2\bin\sunec.dll
0x00007ffeda4c0000 - 0x00007ffeda542000 	C:\Environment\Java\jdk-14.0.2\bin\freetype.dll
0x00007ffeda410000 - 0x00007ffeda4b6000 	C:\Environment\Java\jdk-14.0.2\bin\fontmanager.dll
0x00007ffeda3e0000 - 0x00007ffeda40d000 	C:\Environment\Java\jdk-14.0.2\bin\javajpeg.dll
0x00007fff35810000 - 0x00007fff358b9000 	C:\Windows\System32\clbcatq.dll
0x00007fff2d2c0000 - 0x00007fff2d474000 	C:\Windows\SYSTEM32\WindowsCodecs.dll
0x00007fff00540000 - 0x00007fff0057e000 	C:\Windows\system32\dataexchange.dll
0x00007fff2e470000 - 0x00007fff2e6d4000 	C:\Windows\system32\d3d11.dll
0x00007fff31bf0000 - 0x00007fff31ce4000 	C:\Windows\system32\dxgi.dll
0x00007fff2f100000 - 0x00007fff2f2e6000 	C:\Windows\system32\dcomp.dll
0x00007fff2d4c0000 - 0x00007fff2d6c1000 	C:\Windows\system32\twinapi.appcore.dll
0x00007fff24900000 - 0x00007fff249f9000 	C:\Windows\SYSTEM32\textinputframework.dll
0x00007fff2f9d0000 - 0x00007fff2fac2000 	C:\Windows\System32\CoreMessaging.dll
0x00007fff2f2f0000 - 0x00007fff2f64e000 	C:\Windows\System32\CoreUIComponents.dll
0x00007fff2e1d0000 - 0x00007fff2e324000 	C:\Windows\SYSTEM32\wintypes.dll
0x00007fff31ff0000 - 0x00007fff32023000 	C:\Windows\SYSTEM32\ntmarta.dll

dbghelp: loaded successfully - version: 4.0.5 - missing functions: none
symbol engine: initialized successfully - sym options: 0x614 - pdb path: .;C:\Environment\Java\jdk-14.0.2\bin;C:\Windows\SYSTEM32;C:\Windows\WinSxS\amd64_microsoft.windows.common-controls_6595b64144ccf1df_6.0.19041.1052_none_60b8f8fd71f5e8cb;C:\Environment\Java\jdk-14.0.2\bin\server;F:\IntelliJ IDEA 2020.3.3\bin

VM Arguments:
jvm_args: -javaagent:F:\IntelliJ IDEA 2020.3.3\lib\idea_rt.jar=56970:F:\IntelliJ IDEA 2020.3.3\bin -Dfile.encoding=UTF-8 
java_command: view.panel.SourceInfoJPanel
java_class_path (initial): D:\JavaProject\ParkSystem\out\production\ParkSystem;C:\Environment\Java\mssql-jdbc-7.0.0.jre8.jar;C:\Environment\Java\datepicker.jar
Launcher Type: SUN_STANDARD

[Global flags]
     intx CICompilerCount                          = 3                                         {product} {ergonomic}
     uint ConcGCThreads                            = 1                                         {product} {ergonomic}
     uint G1ConcRefinementThreads                  = 4                                         {product} {ergonomic}
   size_t G1HeapRegionSize                         = 1048576                                   {product} {ergonomic}
    uintx GCDrainStackTargetSize                   = 64                                        {product} {ergonomic}
   size_t InitialHeapSize                          = 201326592                                 {product} {ergonomic}
   size_t MarkStackSize                            = 4194304                                   {product} {ergonomic}
   size_t MaxHeapSize                              = 3196059648                                {product} {ergonomic}
   size_t MaxNewSize                               = 1916796928                                {product} {ergonomic}
   size_t MinHeapDeltaBytes                        = 1048576                                   {product} {ergonomic}
   size_t MinHeapSize                              = 8388608                                   {product} {ergonomic}
    uintx NonNMethodCodeHeapSize                   = 5832780                                {pd product} {ergonomic}
    uintx NonProfiledCodeHeapSize                  = 122912730                              {pd product} {ergonomic}
    uintx ProfiledCodeHeapSize                     = 122912730                              {pd product} {ergonomic}
    uintx ReservedCodeCacheSize                    = 251658240                              {pd product} {ergonomic}
     bool SegmentedCodeCache                       = true                                      {product} {ergonomic}
   size_t SoftMaxHeapSize                          = 3196059648                             {manageable} {ergonomic}
     bool UseCompressedClassPointers               = true                                 {lp64_product} {ergonomic}
     bool UseCompressedOops                        = true                                 {lp64_product} {ergonomic}
     bool UseG1GC                                  = true                                      {product} {ergonomic}
     bool UseLargePagesIndividualAllocation        = false                                  {pd product} {ergonomic}

Logging:
Log output configuration:
 #0: stdout all=warning uptime,level,tags
 #1: stderr all=off uptime,level,tags

Environment Variables:
JAVA_HOME=C:\Environment\Java\jdk1.8.0_77\
CLASSPATH=.;C:\Environment\Java\jdk1.8.0_77\\bin;C:\Environment\Java\jdk1.8.0_77\\jre\bin
PATH=C:\Windows\system32;C:\Windows;C:\Windows\System32\Wbem;C:\Windows\System32\WindowsPowerShell\v1.0\;C:\Windows\System32\OpenSSH\;C:\Environment\Java\jdk1.8.0_77\\bin;C:\Environment\Java\jdk1.8.0_77\\jre\bin;C:\Environment\Maven\apache-maven-3.8.1\bin;C:\Environment\MinGW\MinGW\bin;C:\Environment\Java\jdk-14.0.2\\bin;C:\Environment\Java\jdk-14.0.2\\jre\bin;C:\Program Files\Microsoft SQL Server\Client SDK\ODBC\170\Tools\Binn\;C:\Program Files (x86)\Microsoft SQL Server\150\Tools\Binn\;C:\Program Files\Microsoft SQL Server\150\Tools\Binn\;C:\Program Files\Microsoft SQL Server\150\DTS\Binn\;C:\Program Files (x86)\Microsoft SQL Server\150\DTS\Binn\;C:\Program Files\Azure Data Studio\bin;G:\AndroidSDK\platform-tools;F:\MySQL\mysql-5.7.19\bin;F:\Pythonlwt\Scripts\;F:\Pythonlwt\;C:\Users\Administrator\AppData\Local\Microsoft\WindowsApps;C:\Program Files\Azure Data Studio\bin;C:\Users\Administrator\AppData\Local\Programs\Microsoft VS Code\bin;F:\Microsoft VS Code\bin
USERNAME=Administrator
OS=Windows_NT
PROCESSOR_IDENTIFIER=Intel64 Family 6 Model 142 Stepping 9, GenuineIntel



---------------  S Y S T E M  ---------------

OS: Windows 10 , 64 bit Build 19041 (10.0.19041.1023)
OS uptime: 0 days 14:26 hours

CPU:total 4 (initial active 4) (2 cores per cpu, 2 threads per core) family 6 model 142 stepping 9, cmov, cx8, fxsr, mmx, sse, sse2, sse3, ssse3, sse4.1, sse4.2, popcnt, avx, avx2, aes, clmul, erms, 3dnowpref, lzcnt, ht, tsc, tscinvbit, bmi1, bmi2, adx, fma

Memory: 4k page, system-wide physical 12186M (2783M free)
TotalPageFile size 30782M (AvailPageFile size 0M)
current process WorkingSet (physical memory assigned to process): 120M, peak: 133M
current process commit charge ("private bytes"): 303M, peak: 325M

vm_info: Java HotSpot(TM) 64-Bit Server VM (14.0.2+12-46) for windows-amd64 JRE (14.0.2+12-46), built on Jul  9 2020 00:35:52 by "mach5one" with MS VC++ 15.9 (VS2017)

END.
