#
# There is insufficient memory for the Java Runtime Environment to continue.
# Native memory allocation (malloc) failed to allocate 339040 bytes for Chunk::new
# Possible reasons:
#   The system is out of physical RAM or swap space
#   The process is running with CompressedOops enabled, and the Java Heap may be blocking the growth of the native heap
# Possible solutions:
#   Reduce memory load on the system
#   Increase physical memory or swap space
#   Check if swap backing store is full
#   Decrease Java heap size (-Xmx/-Xms)
#   Decrease number of Java threads
#   Decrease Java thread stack sizes (-Xss)
#   Set larger code cache with -XX:ReservedCodeCacheSize=
#   JVM is running with Zero Based Compressed Oops mode in which the Java heap is
#     placed in the first 32GB address space. The Java Heap base address is the
#     maximum limit for the native heap growth. Please use -XX:HeapBaseMinAddress
#     to set the Java Heap base and to place the Java Heap above 32GB virtual address.
# This output file may be truncated or incomplete.
#
#  Out of Memory Error (./open/src/hotspot/share/memory/arena.cpp:195), pid=17176, tid=14200
#
# JRE version: Java(TM) SE Runtime Environment (14.0.2+12) (build 14.0.2+12-46)
# Java VM: Java HotSpot(TM) 64-Bit Server VM (14.0.2+12-46, mixed mode, sharing, tiered, compressed oops, g1 gc, windows-amd64)
# No core dump will be written. Minidumps are not enabled by default on client versions of Windows
#

---------------  S U M M A R Y ------------

Command Line: -javaagent:F:\IntelliJ IDEA 2020.3.3\lib\idea_rt.jar=54821:F:\IntelliJ IDEA 2020.3.3\bin -Dfile.encoding=UTF-8 view.HomePageJFrame

Host: Intel(R) Core(TM) i5-7200U CPU @ 2.50GHz, 4 cores, 11G,  Windows 10 , 64 bit Build 19041 (10.0.19041.1023)
Time: Tue Jul  6 17:22:44 2021 中国标准时间 elapsed time: 1 seconds (0d 0h 0m 1s)

---------------  T H R E A D  ---------------

Current thread (0x000002b97bc51000):  JavaThread "C2 CompilerThread0" daemon [_thread_in_native, id=14200, stack(0x000000ce05b00000,0x000000ce05c00000)]


Current CompileTask:
C2:   1179  419       4       java.util.HashMap::putVal (300 bytes)

Stack: [0x000000ce05b00000,0x000000ce05c00000]
Native frames: (J=compiled Java code, j=interpreted, Vv=VM code, C=native code)
V  [jvm.dll+0x5f8a9a]
V  [jvm.dll+0x74247a]
V  [jvm.dll+0x743c2f]
V  [jvm.dll+0x744273]
V  [jvm.dll+0x20d288]
V  [jvm.dll+0xabb07]
V  [jvm.dll+0xac1fc]
V  [jvm.dll+0x31c495]
V  [jvm.dll+0x2e6b38]
V  [jvm.dll+0x2e5f3a]
V  [jvm.dll+0x1e5e16]
V  [jvm.dll+0x1e50b8]
V  [jvm.dll+0x1779cc]
V  [jvm.dll+0x1f4105]
V  [jvm.dll+0x1f22eb]
V  [jvm.dll+0x7070cd]
V  [jvm.dll+0x6ffeda]
V  [jvm.dll+0x5f78f6]
C  [ucrtbase.dll+0x21bb2]
C  [KERNEL32.DLL+0x17034]
C  [ntdll.dll+0x52651]


---------------  P R O C E S S  ---------------

Threads class SMR info:
_java_thread_list=0x000002b97c0284b0, length=15, elements={
0x000002b97b3c6800, 0x000002b97b3c7800, 0x000002b97bc4a800, 0x000002b97bc4e800,
0x000002b97bc50000, 0x000002b97bc51000, 0x000002b97bc52800, 0x000002b97bcd7800,
0x000002b97bd79000, 0x000002b97be04800, 0x000002b97be05000, 0x000002b97c03a000,
0x000002b97c03d000, 0x000002b97c03e000, 0x000002b96763f000
}

Java Threads: ( => current thread )
  0x000002b97b3c6800 JavaThread "Reference Handler" daemon [_thread_blocked, id=10940, stack(0x000000ce05600000,0x000000ce05700000)]
  0x000002b97b3c7800 JavaThread "Finalizer" daemon [_thread_blocked, id=17168, stack(0x000000ce05700000,0x000000ce05800000)]
  0x000002b97bc4a800 JavaThread "Signal Dispatcher" daemon [_thread_blocked, id=24148, stack(0x000000ce05800000,0x000000ce05900000)]
  0x000002b97bc4e800 JavaThread "Attach Listener" daemon [_thread_blocked, id=21828, stack(0x000000ce05900000,0x000000ce05a00000)]
  0x000002b97bc50000 JavaThread "Service Thread" daemon [_thread_blocked, id=14768, stack(0x000000ce05a00000,0x000000ce05b00000)]
=>0x000002b97bc51000 JavaThread "C2 CompilerThread0" daemon [_thread_in_native, id=14200, stack(0x000000ce05b00000,0x000000ce05c00000)]
  0x000002b97bc52800 JavaThread "C1 CompilerThread0" daemon [_thread_blocked, id=10908, stack(0x000000ce05c00000,0x000000ce05d00000)]
  0x000002b97bcd7800 JavaThread "Sweeper thread" daemon [_thread_blocked, id=21732, stack(0x000000ce05d00000,0x000000ce05e00000)]
  0x000002b97bd79000 JavaThread "Common-Cleaner" daemon [_thread_blocked, id=21440, stack(0x000000ce05e00000,0x000000ce05f00000)]
  0x000002b97be04800 JavaThread "Monitor Ctrl-Break" daemon [_thread_in_native, id=24900, stack(0x000000ce05f00000,0x000000ce06000000)]
  0x000002b97be05000 JavaThread "Notification Thread" daemon [_thread_blocked, id=12216, stack(0x000000ce06000000,0x000000ce06100000)]
  0x000002b97c03a000 JavaThread "Java2D Disposer" daemon [_thread_blocked, id=18688, stack(0x000000ce06200000,0x000000ce06300000)]
  0x000002b97c03d000 JavaThread "AWT-Shutdown" [_thread_blocked, id=25336, stack(0x000000ce06300000,0x000000ce06400000)]
  0x000002b97c03e000 JavaThread "AWT-Windows" daemon [_thread_in_native, id=26412, stack(0x000000ce06400000,0x000000ce06500000)]
  0x000002b96763f000 JavaThread "DestroyJavaVM" [_thread_blocked, id=21344, stack(0x000000ce04f00000,0x000000ce05000000)]

Other Threads:
  0x000002b97b3c3800 VMThread "VM Thread" [stack: 0x000000ce05500000,0x000000ce05600000] [id=16636]
  0x000002b97be07000 WatcherThread [stack: 0x000000ce06100000,0x000000ce06200000] [id=26208]
  0x000002b967691800 GCTaskThread "GC Thread#0" [stack: 0x000000ce05000000,0x000000ce05100000] [id=26316]
  0x000002b9676ab000 ConcurrentGCThread "G1 Main Marker" [stack: 0x000000ce05100000,0x000000ce05200000] [id=24432]
  0x000002b96761c800 ConcurrentGCThread "G1 Conc#0" [stack: 0x000000ce05200000,0x000000ce05300000] [id=18044]
  0x000002b97b230800 ConcurrentGCThread "G1 Refine#0" [stack: 0x000000ce05300000,0x000000ce05400000] [id=7084]
  0x000002b97b231800 ConcurrentGCThread "G1 Young RemSet Sampling" [stack: 0x000000ce05400000,0x000000ce05500000] [id=18380]

Threads with active compile tasks:
C2 CompilerThread0     1209  419       4       java.util.HashMap::putVal (300 bytes)

VM state:not at safepoint (normal execution)

VM Mutex/Monitor currently owned by a thread: None

OutOfMemory and StackOverflow Exception counts:
OutOfMemoryError java_heap_errors=1
LinkageErrors=1

Heap address: 0x0000000741800000, size: 3048 MB, Compressed Oops mode: Zero based, Oop shift amount: 3
Narrow klass base: 0x0000000800000000, Narrow klass shift: 3
Compressed class space size: 1073741824 Address: 0x0000000800b30000

Heap:
 garbage-first heap   total 196608K, used 4096K [0x0000000741800000, 0x0000000800000000)
  region size 1024K, 5 young (5120K), 0 survivors (0K)
 Metaspace       used 3410K, capacity 4766K, committed 4864K, reserved 1056768K
  class space    used 357K, capacity 481K, committed 512K, reserved 1048576K
Heap Regions: E=young(eden), S=young(survivor), O=old, HS=humongous(starts), HC=humongous(continues), CS=collection set, F=free, OA=open archive, CA=closed archive, TAMS=top-at-mark-start (previous, next)
|   0|0x0000000741800000, 0x0000000741800000, 0x0000000741900000|  0%| F|  |TAMS 0x0000000741800000, 0x0000000741800000| Untracked 
|   1|0x0000000741900000, 0x0000000741900000, 0x0000000741a00000|  0%| F|  |TAMS 0x0000000741900000, 0x0000000741900000| Untracked 
|   2|0x0000000741a00000, 0x0000000741a00000, 0x0000000741b00000|  0%| F|  |TAMS 0x0000000741a00000, 0x0000000741a00000| Untracked 
|   3|0x0000000741b00000, 0x0000000741b00000, 0x0000000741c00000|  0%| F|  |TAMS 0x0000000741b00000, 0x0000000741b00000| Untracked 
|   4|0x0000000741c00000, 0x0000000741c00000, 0x0000000741d00000|  0%| F|  |TAMS 0x0000000741c00000, 0x0000000741c00000| Untracked 
|   5|0x0000000741d00000, 0x0000000741d00000, 0x0000000741e00000|  0%| F|  |TAMS 0x0000000741d00000, 0x0000000741d00000| Untracked 
|   6|0x0000000741e00000, 0x0000000741e00000, 0x0000000741f00000|  0%| F|  |TAMS 0x0000000741e00000, 0x0000000741e00000| Untracked 
|   7|0x0000000741f00000, 0x0000000741f00000, 0x0000000742000000|  0%| F|  |TAMS 0x0000000741f00000, 0x0000000741f00000| Untracked 
|   8|0x0000000742000000, 0x0000000742000000, 0x0000000742100000|  0%| F|  |TAMS 0x0000000742000000, 0x0000000742000000| Untracked 
|   9|0x0000000742100000, 0x0000000742100000, 0x0000000742200000|  0%| F|  |TAMS 0x0000000742100000, 0x0000000742100000| Untracked 
|  10|0x0000000742200000, 0x0000000742200000, 0x0000000742300000|  0%| F|  |TAMS 0x0000000742200000, 0x0000000742200000| Untracked 
|  11|0x0000000742300000, 0x0000000742300000, 0x0000000742400000|  0%| F|  |TAMS 0x0000000742300000, 0x0000000742300000| Untracked 
|  12|0x0000000742400000, 0x0000000742400000, 0x0000000742500000|  0%| F|  |TAMS 0x0000000742400000, 0x0000000742400000| Untracked 
|  13|0x0000000742500000, 0x0000000742500000, 0x0000000742600000|  0%| F|  |TAMS 0x0000000742500000, 0x0000000742500000| Untracked 
|  14|0x0000000742600000, 0x0000000742600000, 0x0000000742700000|  0%| F|  |TAMS 0x0000000742600000, 0x0000000742600000| Untracked 
|  15|0x0000000742700000, 0x0000000742700000, 0x0000000742800000|  0%| F|  |TAMS 0x0000000742700000, 0x0000000742700000| Untracked 
|  16|0x0000000742800000, 0x0000000742800000, 0x0000000742900000|  0%| F|  |TAMS 0x0000000742800000, 0x0000000742800000| Untracked 
|  17|0x0000000742900000, 0x0000000742900000, 0x0000000742a00000|  0%| F|  |TAMS 0x0000000742900000, 0x0000000742900000| Untracked 
|  18|0x0000000742a00000, 0x0000000742a00000, 0x0000000742b00000|  0%| F|  |TAMS 0x0000000742a00000, 0x0000000742a00000| Untracked 
|  19|0x0000000742b00000, 0x0000000742b00000, 0x0000000742c00000|  0%| F|  |TAMS 0x0000000742b00000, 0x0000000742b00000| Untracked 
|  20|0x0000000742c00000, 0x0000000742c00000, 0x0000000742d00000|  0%| F|  |TAMS 0x0000000742c00000, 0x0000000742c00000| Untracked 
|  21|0x0000000742d00000, 0x0000000742d00000, 0x0000000742e00000|  0%| F|  |TAMS 0x0000000742d00000, 0x0000000742d00000| Untracked 
|  22|0x0000000742e00000, 0x0000000742e00000, 0x0000000742f00000|  0%| F|  |TAMS 0x0000000742e00000, 0x0000000742e00000| Untracked 
|  23|0x0000000742f00000, 0x0000000742f00000, 0x0000000743000000|  0%| F|  |TAMS 0x0000000742f00000, 0x0000000742f00000| Untracked 
|  24|0x0000000743000000, 0x0000000743000000, 0x0000000743100000|  0%| F|  |TAMS 0x0000000743000000, 0x0000000743000000| Untracked 
|  25|0x0000000743100000, 0x0000000743100000, 0x0000000743200000|  0%| F|  |TAMS 0x0000000743100000, 0x0000000743100000| Untracked 
|  26|0x0000000743200000, 0x0000000743200000, 0x0000000743300000|  0%| F|  |TAMS 0x0000000743200000, 0x0000000743200000| Untracked 
|  27|0x0000000743300000, 0x0000000743300000, 0x0000000743400000|  0%| F|  |TAMS 0x0000000743300000, 0x0000000743300000| Untracked 
|  28|0x0000000743400000, 0x0000000743400000, 0x0000000743500000|  0%| F|  |TAMS 0x0000000743400000, 0x0000000743400000| Untracked 
|  29|0x0000000743500000, 0x0000000743500000, 0x0000000743600000|  0%| F|  |TAMS 0x0000000743500000, 0x0000000743500000| Untracked 
|  30|0x0000000743600000, 0x0000000743600000, 0x0000000743700000|  0%| F|  |TAMS 0x0000000743600000, 0x0000000743600000| Untracked 
|  31|0x0000000743700000, 0x0000000743700000, 0x0000000743800000|  0%| F|  |TAMS 0x0000000743700000, 0x0000000743700000| Untracked 
|  32|0x0000000743800000, 0x0000000743800000, 0x0000000743900000|  0%| F|  |TAMS 0x0000000743800000, 0x0000000743800000| Untracked 
|  33|0x0000000743900000, 0x0000000743900000, 0x0000000743a00000|  0%| F|  |TAMS 0x0000000743900000, 0x0000000743900000| Untracked 
|  34|0x0000000743a00000, 0x0000000743a00000, 0x0000000743b00000|  0%| F|  |TAMS 0x0000000743a00000, 0x0000000743a00000| Untracked 
|  35|0x0000000743b00000, 0x0000000743b00000, 0x0000000743c00000|  0%| F|  |TAMS 0x0000000743b00000, 0x0000000743b00000| Untracked 
|  36|0x0000000743c00000, 0x0000000743c00000, 0x0000000743d00000|  0%| F|  |TAMS 0x0000000743c00000, 0x0000000743c00000| Untracked 
|  37|0x0000000743d00000, 0x0000000743d00000, 0x0000000743e00000|  0%| F|  |TAMS 0x0000000743d00000, 0x0000000743d00000| Untracked 
|  38|0x0000000743e00000, 0x0000000743e00000, 0x0000000743f00000|  0%| F|  |TAMS 0x0000000743e00000, 0x0000000743e00000| Untracked 
|  39|0x0000000743f00000, 0x0000000743f00000, 0x0000000744000000|  0%| F|  |TAMS 0x0000000743f00000, 0x0000000743f00000| Untracked 
|  40|0x0000000744000000, 0x0000000744000000, 0x0000000744100000|  0%| F|  |TAMS 0x0000000744000000, 0x0000000744000000| Untracked 
|  41|0x0000000744100000, 0x0000000744100000, 0x0000000744200000|  0%| F|  |TAMS 0x0000000744100000, 0x0000000744100000| Untracked 
|  42|0x0000000744200000, 0x0000000744200000, 0x0000000744300000|  0%| F|  |TAMS 0x0000000744200000, 0x0000000744200000| Untracked 
|  43|0x0000000744300000, 0x0000000744300000, 0x0000000744400000|  0%| F|  |TAMS 0x0000000744300000, 0x0000000744300000| Untracked 
|  44|0x0000000744400000, 0x0000000744400000, 0x0000000744500000|  0%| F|  |TAMS 0x0000000744400000, 0x0000000744400000| Untracked 
|  45|0x0000000744500000, 0x0000000744500000, 0x0000000744600000|  0%| F|  |TAMS 0x0000000744500000, 0x0000000744500000| Untracked 
|  46|0x0000000744600000, 0x0000000744600000, 0x0000000744700000|  0%| F|  |TAMS 0x0000000744600000, 0x0000000744600000| Untracked 
|  47|0x0000000744700000, 0x0000000744700000, 0x0000000744800000|  0%| F|  |TAMS 0x0000000744700000, 0x0000000744700000| Untracked 
|  48|0x0000000744800000, 0x0000000744800000, 0x0000000744900000|  0%| F|  |TAMS 0x0000000744800000, 0x0000000744800000| Untracked 
|  49|0x0000000744900000, 0x0000000744900000, 0x0000000744a00000|  0%| F|  |TAMS 0x0000000744900000, 0x0000000744900000| Untracked 
|  50|0x0000000744a00000, 0x0000000744a00000, 0x0000000744b00000|  0%| F|  |TAMS 0x0000000744a00000, 0x0000000744a00000| Untracked 
|  51|0x0000000744b00000, 0x0000000744b00000, 0x0000000744c00000|  0%| F|  |TAMS 0x0000000744b00000, 0x0000000744b00000| Untracked 
|  52|0x0000000744c00000, 0x0000000744c00000, 0x0000000744d00000|  0%| F|  |TAMS 0x0000000744c00000, 0x0000000744c00000| Untracked 
|  53|0x0000000744d00000, 0x0000000744d00000, 0x0000000744e00000|  0%| F|  |TAMS 0x0000000744d00000, 0x0000000744d00000| Untracked 
|  54|0x0000000744e00000, 0x0000000744e00000, 0x0000000744f00000|  0%| F|  |TAMS 0x0000000744e00000, 0x0000000744e00000| Untracked 
|  55|0x0000000744f00000, 0x0000000744f00000, 0x0000000745000000|  0%| F|  |TAMS 0x0000000744f00000, 0x0000000744f00000| Untracked 
|  56|0x0000000745000000, 0x0000000745000000, 0x0000000745100000|  0%| F|  |TAMS 0x0000000745000000, 0x0000000745000000| Untracked 
|  57|0x0000000745100000, 0x0000000745100000, 0x0000000745200000|  0%| F|  |TAMS 0x0000000745100000, 0x0000000745100000| Untracked 
|  58|0x0000000745200000, 0x0000000745200000, 0x0000000745300000|  0%| F|  |TAMS 0x0000000745200000, 0x0000000745200000| Untracked 
|  59|0x0000000745300000, 0x0000000745300000, 0x0000000745400000|  0%| F|  |TAMS 0x0000000745300000, 0x0000000745300000| Untracked 
|  60|0x0000000745400000, 0x0000000745400000, 0x0000000745500000|  0%| F|  |TAMS 0x0000000745400000, 0x0000000745400000| Untracked 
|  61|0x0000000745500000, 0x0000000745500000, 0x0000000745600000|  0%| F|  |TAMS 0x0000000745500000, 0x0000000745500000| Untracked 
|  62|0x0000000745600000, 0x0000000745600000, 0x0000000745700000|  0%| F|  |TAMS 0x0000000745600000, 0x0000000745600000| Untracked 
|  63|0x0000000745700000, 0x0000000745700000, 0x0000000745800000|  0%| F|  |TAMS 0x0000000745700000, 0x0000000745700000| Untracked 
|  64|0x0000000745800000, 0x0000000745800000, 0x0000000745900000|  0%| F|  |TAMS 0x0000000745800000, 0x0000000745800000| Untracked 
|  65|0x0000000745900000, 0x0000000745900000, 0x0000000745a00000|  0%| F|  |TAMS 0x0000000745900000, 0x0000000745900000| Untracked 
|  66|0x0000000745a00000, 0x0000000745a00000, 0x0000000745b00000|  0%| F|  |TAMS 0x0000000745a00000, 0x0000000745a00000| Untracked 
|  67|0x0000000745b00000, 0x0000000745b00000, 0x0000000745c00000|  0%| F|  |TAMS 0x0000000745b00000, 0x0000000745b00000| Untracked 
|  68|0x0000000745c00000, 0x0000000745c00000, 0x0000000745d00000|  0%| F|  |TAMS 0x0000000745c00000, 0x0000000745c00000| Untracked 
|  69|0x0000000745d00000, 0x0000000745d00000, 0x0000000745e00000|  0%| F|  |TAMS 0x0000000745d00000, 0x0000000745d00000| Untracked 
|  70|0x0000000745e00000, 0x0000000745e00000, 0x0000000745f00000|  0%| F|  |TAMS 0x0000000745e00000, 0x0000000745e00000| Untracked 
|  71|0x0000000745f00000, 0x0000000745f00000, 0x0000000746000000|  0%| F|  |TAMS 0x0000000745f00000, 0x0000000745f00000| Untracked 
|  72|0x0000000746000000, 0x0000000746000000, 0x0000000746100000|  0%| F|  |TAMS 0x0000000746000000, 0x0000000746000000| Untracked 
|  73|0x0000000746100000, 0x0000000746100000, 0x0000000746200000|  0%| F|  |TAMS 0x0000000746100000, 0x0000000746100000| Untracked 
|  74|0x0000000746200000, 0x0000000746200000, 0x0000000746300000|  0%| F|  |TAMS 0x0000000746200000, 0x0000000746200000| Untracked 
|  75|0x0000000746300000, 0x0000000746300000, 0x0000000746400000|  0%| F|  |TAMS 0x0000000746300000, 0x0000000746300000| Untracked 
|  76|0x0000000746400000, 0x0000000746400000, 0x0000000746500000|  0%| F|  |TAMS 0x0000000746400000, 0x0000000746400000| Untracked 
|  77|0x0000000746500000, 0x0000000746500000, 0x0000000746600000|  0%| F|  |TAMS 0x0000000746500000, 0x0000000746500000| Untracked 
|  78|0x0000000746600000, 0x0000000746600000, 0x0000000746700000|  0%| F|  |TAMS 0x0000000746600000, 0x0000000746600000| Untracked 
|  79|0x0000000746700000, 0x0000000746700000, 0x0000000746800000|  0%| F|  |TAMS 0x0000000746700000, 0x0000000746700000| Untracked 
|  80|0x0000000746800000, 0x0000000746800000, 0x0000000746900000|  0%| F|  |TAMS 0x0000000746800000, 0x0000000746800000| Untracked 
|  81|0x0000000746900000, 0x0000000746900000, 0x0000000746a00000|  0%| F|  |TAMS 0x0000000746900000, 0x0000000746900000| Untracked 
|  82|0x0000000746a00000, 0x0000000746a00000, 0x0000000746b00000|  0%| F|  |TAMS 0x0000000746a00000, 0x0000000746a00000| Untracked 
|  83|0x0000000746b00000, 0x0000000746b00000, 0x0000000746c00000|  0%| F|  |TAMS 0x0000000746b00000, 0x0000000746b00000| Untracked 
|  84|0x0000000746c00000, 0x0000000746c00000, 0x0000000746d00000|  0%| F|  |TAMS 0x0000000746c00000, 0x0000000746c00000| Untracked 
|  85|0x0000000746d00000, 0x0000000746d00000, 0x0000000746e00000|  0%| F|  |TAMS 0x0000000746d00000, 0x0000000746d00000| Untracked 
|  86|0x0000000746e00000, 0x0000000746e00000, 0x0000000746f00000|  0%| F|  |TAMS 0x0000000746e00000, 0x0000000746e00000| Untracked 
|  87|0x0000000746f00000, 0x0000000746f00000, 0x0000000747000000|  0%| F|  |TAMS 0x0000000746f00000, 0x0000000746f00000| Untracked 
|  88|0x0000000747000000, 0x0000000747000000, 0x0000000747100000|  0%| F|  |TAMS 0x0000000747000000, 0x0000000747000000| Untracked 
|  89|0x0000000747100000, 0x0000000747100000, 0x0000000747200000|  0%| F|  |TAMS 0x0000000747100000, 0x0000000747100000| Untracked 
|  90|0x0000000747200000, 0x0000000747200000, 0x0000000747300000|  0%| F|  |TAMS 0x0000000747200000, 0x0000000747200000| Untracked 
|  91|0x0000000747300000, 0x0000000747300000, 0x0000000747400000|  0%| F|  |TAMS 0x0000000747300000, 0x0000000747300000| Untracked 
|  92|0x0000000747400000, 0x0000000747400000, 0x0000000747500000|  0%| F|  |TAMS 0x0000000747400000, 0x0000000747400000| Untracked 
|  93|0x0000000747500000, 0x0000000747500000, 0x0000000747600000|  0%| F|  |TAMS 0x0000000747500000, 0x0000000747500000| Untracked 
|  94|0x0000000747600000, 0x0000000747600000, 0x0000000747700000|  0%| F|  |TAMS 0x0000000747600000, 0x0000000747600000| Untracked 
|  95|0x0000000747700000, 0x0000000747700000, 0x0000000747800000|  0%| F|  |TAMS 0x0000000747700000, 0x0000000747700000| Untracked 
|  96|0x0000000747800000, 0x0000000747800000, 0x0000000747900000|  0%| F|  |TAMS 0x0000000747800000, 0x0000000747800000| Untracked 
|  97|0x0000000747900000, 0x0000000747900000, 0x0000000747a00000|  0%| F|  |TAMS 0x0000000747900000, 0x0000000747900000| Untracked 
|  98|0x0000000747a00000, 0x0000000747a00000, 0x0000000747b00000|  0%| F|  |TAMS 0x0000000747a00000, 0x0000000747a00000| Untracked 
|  99|0x0000000747b00000, 0x0000000747b00000, 0x0000000747c00000|  0%| F|  |TAMS 0x0000000747b00000, 0x0000000747b00000| Untracked 
| 100|0x0000000747c00000, 0x0000000747c00000, 0x0000000747d00000|  0%| F|  |TAMS 0x0000000747c00000, 0x0000000747c00000| Untracked 
| 101|0x0000000747d00000, 0x0000000747d00000, 0x0000000747e00000|  0%| F|  |TAMS 0x0000000747d00000, 0x0000000747d00000| Untracked 
| 102|0x0000000747e00000, 0x0000000747e00000, 0x0000000747f00000|  0%| F|  |TAMS 0x0000000747e00000, 0x0000000747e00000| Untracked 
| 103|0x0000000747f00000, 0x0000000747f00000, 0x0000000748000000|  0%| F|  |TAMS 0x0000000747f00000, 0x0000000747f00000| Untracked 
| 104|0x0000000748000000, 0x0000000748000000, 0x0000000748100000|  0%| F|  |TAMS 0x0000000748000000, 0x0000000748000000| Untracked 
| 105|0x0000000748100000, 0x0000000748100000, 0x0000000748200000|  0%| F|  |TAMS 0x0000000748100000, 0x0000000748100000| Untracked 
| 106|0x0000000748200000, 0x0000000748200000, 0x0000000748300000|  0%| F|  |TAMS 0x0000000748200000, 0x0000000748200000| Untracked 
| 107|0x0000000748300000, 0x0000000748300000, 0x0000000748400000|  0%| F|  |TAMS 0x0000000748300000, 0x0000000748300000| Untracked 
| 108|0x0000000748400000, 0x0000000748400000, 0x0000000748500000|  0%| F|  |TAMS 0x0000000748400000, 0x0000000748400000| Untracked 
| 109|0x0000000748500000, 0x0000000748500000, 0x0000000748600000|  0%| F|  |TAMS 0x0000000748500000, 0x0000000748500000| Untracked 
| 110|0x0000000748600000, 0x0000000748600000, 0x0000000748700000|  0%| F|  |TAMS 0x0000000748600000, 0x0000000748600000| Untracked 
| 111|0x0000000748700000, 0x0000000748700000, 0x0000000748800000|  0%| F|  |TAMS 0x0000000748700000, 0x0000000748700000| Untracked 
| 112|0x0000000748800000, 0x0000000748800000, 0x0000000748900000|  0%| F|  |TAMS 0x0000000748800000, 0x0000000748800000| Untracked 
| 113|0x0000000748900000, 0x0000000748900000, 0x0000000748a00000|  0%| F|  |TAMS 0x0000000748900000, 0x0000000748900000| Untracked 
| 114|0x0000000748a00000, 0x0000000748a00000, 0x0000000748b00000|  0%| F|  |TAMS 0x0000000748a00000, 0x0000000748a00000| Untracked 
| 115|0x0000000748b00000, 0x0000000748b00000, 0x0000000748c00000|  0%| F|  |TAMS 0x0000000748b00000, 0x0000000748b00000| Untracked 
| 116|0x0000000748c00000, 0x0000000748c00000, 0x0000000748d00000|  0%| F|  |TAMS 0x0000000748c00000, 0x0000000748c00000| Untracked 
| 117|0x0000000748d00000, 0x0000000748d00000, 0x0000000748e00000|  0%| F|  |TAMS 0x0000000748d00000, 0x0000000748d00000| Untracked 
| 118|0x0000000748e00000, 0x0000000748e00000, 0x0000000748f00000|  0%| F|  |TAMS 0x0000000748e00000, 0x0000000748e00000| Untracked 
| 119|0x0000000748f00000, 0x0000000748f00000, 0x0000000749000000|  0%| F|  |TAMS 0x0000000748f00000, 0x0000000748f00000| Untracked 
| 120|0x0000000749000000, 0x0000000749000000, 0x0000000749100000|  0%| F|  |TAMS 0x0000000749000000, 0x0000000749000000| Untracked 
| 121|0x0000000749100000, 0x0000000749100000, 0x0000000749200000|  0%| F|  |TAMS 0x0000000749100000, 0x0000000749100000| Untracked 
| 122|0x0000000749200000, 0x0000000749200000, 0x0000000749300000|  0%| F|  |TAMS 0x0000000749200000, 0x0000000749200000| Untracked 
| 123|0x0000000749300000, 0x0000000749300000, 0x0000000749400000|  0%| F|  |TAMS 0x0000000749300000, 0x0000000749300000| Untracked 
| 124|0x0000000749400000, 0x0000000749400000, 0x0000000749500000|  0%| F|  |TAMS 0x0000000749400000, 0x0000000749400000| Untracked 
| 125|0x0000000749500000, 0x0000000749500000, 0x0000000749600000|  0%| F|  |TAMS 0x0000000749500000, 0x0000000749500000| Untracked 
| 126|0x0000000749600000, 0x0000000749600000, 0x0000000749700000|  0%| F|  |TAMS 0x0000000749600000, 0x0000000749600000| Untracked 
| 127|0x0000000749700000, 0x0000000749700000, 0x0000000749800000|  0%| F|  |TAMS 0x0000000749700000, 0x0000000749700000| Untracked 
| 128|0x0000000749800000, 0x0000000749800000, 0x0000000749900000|  0%| F|  |TAMS 0x0000000749800000, 0x0000000749800000| Untracked 
| 129|0x0000000749900000, 0x0000000749900000, 0x0000000749a00000|  0%| F|  |TAMS 0x0000000749900000, 0x0000000749900000| Untracked 
| 130|0x0000000749a00000, 0x0000000749a00000, 0x0000000749b00000|  0%| F|  |TAMS 0x0000000749a00000, 0x0000000749a00000| Untracked 
| 131|0x0000000749b00000, 0x0000000749b00000, 0x0000000749c00000|  0%| F|  |TAMS 0x0000000749b00000, 0x0000000749b00000| Untracked 
| 132|0x0000000749c00000, 0x0000000749c00000, 0x0000000749d00000|  0%| F|  |TAMS 0x0000000749c00000, 0x0000000749c00000| Untracked 
| 133|0x0000000749d00000, 0x0000000749d00000, 0x0000000749e00000|  0%| F|  |TAMS 0x0000000749d00000, 0x0000000749d00000| Untracked 
| 134|0x0000000749e00000, 0x0000000749e00000, 0x0000000749f00000|  0%| F|  |TAMS 0x0000000749e00000, 0x0000000749e00000| Untracked 
| 135|0x0000000749f00000, 0x0000000749f00000, 0x000000074a000000|  0%| F|  |TAMS 0x0000000749f00000, 0x0000000749f00000| Untracked 
| 136|0x000000074a000000, 0x000000074a000000, 0x000000074a100000|  0%| F|  |TAMS 0x000000074a000000, 0x000000074a000000| Untracked 
| 137|0x000000074a100000, 0x000000074a100000, 0x000000074a200000|  0%| F|  |TAMS 0x000000074a100000, 0x000000074a100000| Untracked 
| 138|0x000000074a200000, 0x000000074a200000, 0x000000074a300000|  0%| F|  |TAMS 0x000000074a200000, 0x000000074a200000| Untracked 
| 139|0x000000074a300000, 0x000000074a300000, 0x000000074a400000|  0%| F|  |TAMS 0x000000074a300000, 0x000000074a300000| Untracked 
| 140|0x000000074a400000, 0x000000074a400000, 0x000000074a500000|  0%| F|  |TAMS 0x000000074a400000, 0x000000074a400000| Untracked 
| 141|0x000000074a500000, 0x000000074a500000, 0x000000074a600000|  0%| F|  |TAMS 0x000000074a500000, 0x000000074a500000| Untracked 
| 142|0x000000074a600000, 0x000000074a600000, 0x000000074a700000|  0%| F|  |TAMS 0x000000074a600000, 0x000000074a600000| Untracked 
| 143|0x000000074a700000, 0x000000074a700000, 0x000000074a800000|  0%| F|  |TAMS 0x000000074a700000, 0x000000074a700000| Untracked 
| 144|0x000000074a800000, 0x000000074a800000, 0x000000074a900000|  0%| F|  |TAMS 0x000000074a800000, 0x000000074a800000| Untracked 
| 145|0x000000074a900000, 0x000000074a900000, 0x000000074aa00000|  0%| F|  |TAMS 0x000000074a900000, 0x000000074a900000| Untracked 
| 146|0x000000074aa00000, 0x000000074aa00000, 0x000000074ab00000|  0%| F|  |TAMS 0x000000074aa00000, 0x000000074aa00000| Untracked 
| 147|0x000000074ab00000, 0x000000074ab00000, 0x000000074ac00000|  0%| F|  |TAMS 0x000000074ab00000, 0x000000074ab00000| Untracked 
| 148|0x000000074ac00000, 0x000000074ac00000, 0x000000074ad00000|  0%| F|  |TAMS 0x000000074ac00000, 0x000000074ac00000| Untracked 
| 149|0x000000074ad00000, 0x000000074ad00000, 0x000000074ae00000|  0%| F|  |TAMS 0x000000074ad00000, 0x000000074ad00000| Untracked 
| 150|0x000000074ae00000, 0x000000074ae00000, 0x000000074af00000|  0%| F|  |TAMS 0x000000074ae00000, 0x000000074ae00000| Untracked 
| 151|0x000000074af00000, 0x000000074af00000, 0x000000074b000000|  0%| F|  |TAMS 0x000000074af00000, 0x000000074af00000| Untracked 
| 152|0x000000074b000000, 0x000000074b000000, 0x000000074b100000|  0%| F|  |TAMS 0x000000074b000000, 0x000000074b000000| Untracked 
| 153|0x000000074b100000, 0x000000074b100000, 0x000000074b200000|  0%| F|  |TAMS 0x000000074b100000, 0x000000074b100000| Untracked 
| 154|0x000000074b200000, 0x000000074b200000, 0x000000074b300000|  0%| F|  |TAMS 0x000000074b200000, 0x000000074b200000| Untracked 
| 155|0x000000074b300000, 0x000000074b300000, 0x000000074b400000|  0%| F|  |TAMS 0x000000074b300000, 0x000000074b300000| Untracked 
| 156|0x000000074b400000, 0x000000074b400000, 0x000000074b500000|  0%| F|  |TAMS 0x000000074b400000, 0x000000074b400000| Untracked 
| 157|0x000000074b500000, 0x000000074b500000, 0x000000074b600000|  0%| F|  |TAMS 0x000000074b500000, 0x000000074b500000| Untracked 
| 158|0x000000074b600000, 0x000000074b600000, 0x000000074b700000|  0%| F|  |TAMS 0x000000074b600000, 0x000000074b600000| Untracked 
| 159|0x000000074b700000, 0x000000074b700000, 0x000000074b800000|  0%| F|  |TAMS 0x000000074b700000, 0x000000074b700000| Untracked 
| 160|0x000000074b800000, 0x000000074b800000, 0x000000074b900000|  0%| F|  |TAMS 0x000000074b800000, 0x000000074b800000| Untracked 
| 161|0x000000074b900000, 0x000000074b900000, 0x000000074ba00000|  0%| F|  |TAMS 0x000000074b900000, 0x000000074b900000| Untracked 
| 162|0x000000074ba00000, 0x000000074ba00000, 0x000000074bb00000|  0%| F|  |TAMS 0x000000074ba00000, 0x000000074ba00000| Untracked 
| 163|0x000000074bb00000, 0x000000074bb00000, 0x000000074bc00000|  0%| F|  |TAMS 0x000000074bb00000, 0x000000074bb00000| Untracked 
| 164|0x000000074bc00000, 0x000000074bc00000, 0x000000074bd00000|  0%| F|  |TAMS 0x000000074bc00000, 0x000000074bc00000| Untracked 
| 165|0x000000074bd00000, 0x000000074bd00000, 0x000000074be00000|  0%| F|  |TAMS 0x000000074bd00000, 0x000000074bd00000| Untracked 
| 166|0x000000074be00000, 0x000000074be00000, 0x000000074bf00000|  0%| F|  |TAMS 0x000000074be00000, 0x000000074be00000| Untracked 
| 167|0x000000074bf00000, 0x000000074bf00000, 0x000000074c000000|  0%| F|  |TAMS 0x000000074bf00000, 0x000000074bf00000| Untracked 
| 168|0x000000074c000000, 0x000000074c000000, 0x000000074c100000|  0%| F|  |TAMS 0x000000074c000000, 0x000000074c000000| Untracked 
| 169|0x000000074c100000, 0x000000074c100000, 0x000000074c200000|  0%| F|  |TAMS 0x000000074c100000, 0x000000074c100000| Untracked 
| 170|0x000000074c200000, 0x000000074c200000, 0x000000074c300000|  0%| F|  |TAMS 0x000000074c200000, 0x000000074c200000| Untracked 
| 171|0x000000074c300000, 0x000000074c300000, 0x000000074c400000|  0%| F|  |TAMS 0x000000074c300000, 0x000000074c300000| Untracked 
| 172|0x000000074c400000, 0x000000074c400000, 0x000000074c500000|  0%| F|  |TAMS 0x000000074c400000, 0x000000074c400000| Untracked 
| 173|0x000000074c500000, 0x000000074c500000, 0x000000074c600000|  0%| F|  |TAMS 0x000000074c500000, 0x000000074c500000| Untracked 
| 174|0x000000074c600000, 0x000000074c600000, 0x000000074c700000|  0%| F|  |TAMS 0x000000074c600000, 0x000000074c600000| Untracked 
| 175|0x000000074c700000, 0x000000074c700000, 0x000000074c800000|  0%| F|  |TAMS 0x000000074c700000, 0x000000074c700000| Untracked 
| 176|0x000000074c800000, 0x000000074c800000, 0x000000074c900000|  0%| F|  |TAMS 0x000000074c800000, 0x000000074c800000| Untracked 
| 177|0x000000074c900000, 0x000000074c900000, 0x000000074ca00000|  0%| F|  |TAMS 0x000000074c900000, 0x000000074c900000| Untracked 
| 178|0x000000074ca00000, 0x000000074ca00000, 0x000000074cb00000|  0%| F|  |TAMS 0x000000074ca00000, 0x000000074ca00000| Untracked 
| 179|0x000000074cb00000, 0x000000074cb00000, 0x000000074cc00000|  0%| F|  |TAMS 0x000000074cb00000, 0x000000074cb00000| Untracked 
| 180|0x000000074cc00000, 0x000000074cc00000, 0x000000074cd00000|  0%| F|  |TAMS 0x000000074cc00000, 0x000000074cc00000| Untracked 
| 181|0x000000074cd00000, 0x000000074cd00000, 0x000000074ce00000|  0%| F|  |TAMS 0x000000074cd00000, 0x000000074cd00000| Untracked 
| 182|0x000000074ce00000, 0x000000074ce00000, 0x000000074cf00000|  0%| F|  |TAMS 0x000000074ce00000, 0x000000074ce00000| Untracked 
| 183|0x000000074cf00000, 0x000000074cf00000, 0x000000074d000000|  0%| F|  |TAMS 0x000000074cf00000, 0x000000074cf00000| Untracked 
| 184|0x000000074d000000, 0x000000074d000000, 0x000000074d100000|  0%| F|  |TAMS 0x000000074d000000, 0x000000074d000000| Untracked 
| 185|0x000000074d100000, 0x000000074d100000, 0x000000074d200000|  0%| F|  |TAMS 0x000000074d100000, 0x000000074d100000| Untracked 
| 186|0x000000074d200000, 0x000000074d200000, 0x000000074d300000|  0%| F|  |TAMS 0x000000074d200000, 0x000000074d200000| Untracked 
| 187|0x000000074d300000, 0x000000074d385a18, 0x000000074d400000| 52%| E|  |TAMS 0x000000074d300000, 0x000000074d300000| Complete 
| 188|0x000000074d400000, 0x000000074d500000, 0x000000074d500000|100%| E|CS|TAMS 0x000000074d400000, 0x000000074d400000| Complete 
| 189|0x000000074d500000, 0x000000074d600000, 0x000000074d600000|100%| E|CS|TAMS 0x000000074d500000, 0x000000074d500000| Complete 
| 190|0x000000074d600000, 0x000000074d700000, 0x000000074d700000|100%| E|CS|TAMS 0x000000074d600000, 0x000000074d600000| Complete 
| 191|0x000000074d700000, 0x000000074d800000, 0x000000074d800000|100%| E|CS|TAMS 0x000000074d700000, 0x000000074d700000| Complete 

Card table byte_map: [0x000002b9721f0000,0x000002b9727f0000] _byte_map_base: 0x000002b96e7e4000

Marking Bits (Prev, Next): (CMBitMap*) 0x000002b9676927c8, (CMBitMap*) 0x000002b967692808
 Prev Bits: [0x000002b972df0000, 0x000002b975d90000)
 Next Bits: [0x000002b975d90000, 0x000002b978d30000)

Polling page: 0x000002b9674f0000

Metaspace:

Usage:
  Non-class:      4.18 MB capacity,     2.98 MB ( 71%) used,     1.20 MB ( 29%) free+waste,     6.81 KB ( <1%) overhead. 
      Class:    481.00 KB capacity,   357.97 KB ( 74%) used,   118.97 KB ( 25%) free+waste,     4.06 KB ( <1%) overhead. 
       Both:      4.65 MB capacity,     3.33 MB ( 72%) used,     1.31 MB ( 28%) free+waste,    10.88 KB ( <1%) overhead. 

Virtual space:
  Non-class space:        8.00 MB reserved,       4.25 MB ( 53%) committed 
      Class space:        1.00 GB reserved,     512.00 KB ( <1%) committed 
             Both:        1.01 GB reserved,       4.75 MB ( <1%) committed 

Chunk freelists:
   Non-Class:  3.00 KB
       Class:  0 bytes
        Both:  3.00 KB

MaxMetaspaceSize: 17179869184.00 GB
CompressedClassSpaceSize: 1.00 GB

CodeHeap 'non-profiled nmethods': size=120000Kb used=138Kb max_used=138Kb free=119861Kb
 bounds [0x000002b907ad0000, 0x000002b907d40000, 0x000002b90f000000]
CodeHeap 'profiled nmethods': size=120000Kb used=581Kb max_used=581Kb free=119418Kb
 bounds [0x000002b9005a0000, 0x000002b900810000, 0x000002b907ad0000]
CodeHeap 'non-nmethods': size=5760Kb used=1191Kb max_used=1203Kb free=4568Kb
 bounds [0x000002b900000000, 0x000002b900270000, 0x000002b9005a0000]
 total_blobs=876 nmethods=424 adapters=365
 compilation: enabled
              stopped_count=0, restarted_count=0
 full_count=0

Compilation events (20 events):
Event: 1.143 Thread 0x000002b97bc52800 nmethod 415 0x000002b90062b590 code [0x000002b90062b900, 0x000002b90062cf58]
Event: 1.143 Thread 0x000002b97bc52800  417       3       java.util.StringTokenizer::skipDelimiters (116 bytes)
Event: 1.144 Thread 0x000002b97bc52800 nmethod 417 0x000002b90062d710 code [0x000002b90062d9c0, 0x000002b90062e748]
Event: 1.144 Thread 0x000002b97bc52800  416       3       java.util.StringTokenizer::hasMoreTokens (29 bytes)
Event: 1.144 Thread 0x000002b97bc52800 nmethod 416 0x000002b90062ec10 code [0x000002b90062edc0, 0x000002b90062ef88]
Event: 1.144 Thread 0x000002b97bc52800  418       3       java.util.StringTokenizer::nextToken (92 bytes)
Event: 1.144 Thread 0x000002b97bc52800 nmethod 418 0x000002b90062f010 code [0x000002b90062f1e0, 0x000002b90062f518]
Event: 1.147 Thread 0x000002b97bc51000  419       4       java.util.HashMap::putVal (300 bytes)
Event: 1.147 Thread 0x000002b97bc52800  420       1       java.util.LinkedHashMap::removeEldestEntry (2 bytes)
Event: 1.147 Thread 0x000002b97bc52800 nmethod 420 0x000002b907af2590 code [0x000002b907af2720, 0x000002b907af27f8]
Event: 1.147 Thread 0x000002b97bc52800  421       3       java.util.LinkedHashMap::newNode (23 bytes)
Event: 1.148 Thread 0x000002b97bc52800 nmethod 421 0x000002b90062f690 code [0x000002b90062f860, 0x000002b90062feb8]
Event: 1.148 Thread 0x000002b97bc52800  424       3       java.util.LinkedHashMap::linkNodeLast (33 bytes)
Event: 1.148 Thread 0x000002b97bc52800 nmethod 424 0x000002b900630090 code [0x000002b900630240, 0x000002b900630558]
Event: 1.148 Thread 0x000002b97bc52800  423       3       java.util.LinkedHashMap::afterNodeInsertion (40 bytes)
Event: 1.148 Thread 0x000002b97bc52800 nmethod 423 0x000002b900630690 code [0x000002b900630840, 0x000002b900630a38]
Event: 1.148 Thread 0x000002b97bc52800  422       3       java.util.LinkedHashMap$Entry::<init> (10 bytes)
Event: 1.148 Thread 0x000002b97bc52800 nmethod 422 0x000002b900630b10 code [0x000002b900630cc0, 0x000002b900630fd8]
Event: 1.150 Thread 0x000002b97bc52800  426       3       java.lang.StringLatin1::inflate (34 bytes)
Event: 1.150 Thread 0x000002b97bc52800 nmethod 426 0x000002b900631110 code [0x000002b9006312c0, 0x000002b9006314b8]

GC Heap History (0 events):
No events

Deoptimization events (20 events):
Event: 0.213 Thread 0x000002b96763f000 Uncommon trap: trap_request=0xffffffde fr.pc=0x000002b907addc24 relative=0x00000000000008c4
Event: 0.213 Thread 0x000002b96763f000 Uncommon trap: reason=class_check action=maybe_recompile pc=0x000002b907addc24 method=java.util.HashMap.putVal(ILjava/lang/Object;Ljava/lang/Object;ZZ)Ljava/lang/Object; @ 152 c2
Event: 0.214 Thread 0x000002b96763f000 DEOPT PACKING pc=0x000002b907addc24 sp=0x000000ce04ffe3e0
Event: 0.214 Thread 0x000002b96763f000 DEOPT UNPACKING pc=0x000002b90004912f sp=0x000000ce04ffe360 mode 2
Event: 0.279 Thread 0x000002b96763f000 Uncommon trap: trap_request=0xffffff45 fr.pc=0x000002b907adef50 relative=0x0000000000000090
Event: 0.279 Thread 0x000002b96763f000 Uncommon trap: reason=unstable_if action=reinterpret pc=0x000002b907adef50 method=java.lang.String.charAt(I)C @ 4 c2
Event: 0.279 Thread 0x000002b96763f000 DEOPT PACKING pc=0x000002b907adef50 sp=0x000000ce04ffc9f0
Event: 0.279 Thread 0x000002b96763f000 DEOPT UNPACKING pc=0x000002b90004912f sp=0x000000ce04ffc990 mode 2
Event: 1.147 Thread 0x000002b97bc4e800 Uncommon trap: trap_request=0xffffffde fr.pc=0x000002b907addc24 relative=0x00000000000008c4
Event: 1.147 Thread 0x000002b97bc4e800 Uncommon trap: reason=class_check action=maybe_recompile pc=0x000002b907addc24 method=java.util.HashMap.putVal(ILjava/lang/Object;Ljava/lang/Object;ZZ)Ljava/lang/Object; @ 152 c2
Event: 1.147 Thread 0x000002b97bc4e800 DEOPT PACKING pc=0x000002b907addc24 sp=0x000000ce059fe490
Event: 1.147 Thread 0x000002b97bc4e800 DEOPT UNPACKING pc=0x000002b90004912f sp=0x000000ce059fe410 mode 2
Event: 1.147 Thread 0x000002b97bc4e800 Uncommon trap: trap_request=0xffffffde fr.pc=0x000002b907addc24 relative=0x00000000000008c4
Event: 1.147 Thread 0x000002b97bc4e800 Uncommon trap: reason=class_check action=maybe_recompile pc=0x000002b907addc24 method=java.util.HashMap.putVal(ILjava/lang/Object;Ljava/lang/Object;ZZ)Ljava/lang/Object; @ 152 c2
Event: 1.147 Thread 0x000002b97bc4e800 DEOPT PACKING pc=0x000002b907addc24 sp=0x000000ce059fe490
Event: 1.147 Thread 0x000002b97bc4e800 DEOPT UNPACKING pc=0x000002b90004912f sp=0x000000ce059fe410 mode 2
Event: 1.147 Thread 0x000002b97bc4e800 Uncommon trap: trap_request=0xffffffde fr.pc=0x000002b907addc24 relative=0x00000000000008c4
Event: 1.147 Thread 0x000002b97bc4e800 Uncommon trap: reason=class_check action=maybe_recompile pc=0x000002b907addc24 method=java.util.HashMap.putVal(ILjava/lang/Object;Ljava/lang/Object;ZZ)Ljava/lang/Object; @ 152 c2
Event: 1.147 Thread 0x000002b97bc4e800 DEOPT PACKING pc=0x000002b907addc24 sp=0x000000ce059fe490
Event: 1.147 Thread 0x000002b97bc4e800 DEOPT UNPACKING pc=0x000002b90004912f sp=0x000000ce059fe410 mode 2

Classes unloaded (0 events):
No events

Classes redefined (0 events):
No events

Internal exceptions (5 events):
Event: 0.250 Thread 0x000002b96763f000 Exception <a 'java/lang/ClassNotFoundException'{0x000000074d558050}: sun/awt/resources/spi/awtProvider> (0x000000074d558050) 
thrown [./open/src/hotspot/share/classfile/systemDictionary.cpp, line 226]
Event: 0.280 Thread 0x000002b96763f000 Exception <a 'java/io/FileNotFoundException'{0x000000074d5a9238}> (0x000000074d5a9238) 
thrown [./open/src/hotspot/share/prims/jni.cpp, line 599]
Event: 0.289 Thread 0x000002b96763f000 Exception <a 'java/io/FileNotFoundException'{0x000000074d5cf920}> (0x000000074d5cf920) 
thrown [./open/src/hotspot/share/prims/jni.cpp, line 599]
Event: 0.343 Thread 0x000002b97c03e000 Exception <a 'java/lang/NoSuchMethodError'{0x000000074d447e90}: 'void java.lang.invoke.DirectMethodHandle$Holder.invokeSpecial(java.lang.Object, java.lang.Object)'> (0x000000074d447e90) 
thrown [./open/src/hotspot/share/interpreter/linkResolver.cpp, line 766]
Event: 0.348 Thread 0x000002b96763f000 Exception <a 'java/lang/OutOfMemoryError'{0x000000074d410ab8}: unable to create native thread: possibly out of memory or process/resource limits reached> (0x000000074d410ab8) 
thrown [./open/src/hotspot/share/prims/jvm.cpp, line 2882]

Events (20 events):
Event: 1.140 Executing VM operation: HandshakeOneThread
Event: 1.140 Executing VM operation: HandshakeOneThread done
Event: 1.141 loading class sun/util/cldr/CLDRTimeZoneNameProviderImpl
Event: 1.141 loading class sun/util/locale/provider/TimeZoneNameProviderImpl
Event: 1.141 loading class sun/util/locale/provider/TimeZoneNameProviderImpl done
Event: 1.141 loading class sun/util/cldr/CLDRTimeZoneNameProviderImpl done
Event: 1.143 loading class sun/util/locale/provider/BaseLocaleDataMetaInfo
Event: 1.143 loading class sun/util/locale/provider/BaseLocaleDataMetaInfo done
Event: 1.145 loading class sun/util/resources/cldr/TimeZoneNames
Event: 1.145 loading class sun/util/resources/TimeZoneNamesBundle
Event: 1.145 loading class sun/util/resources/OpenListResourceBundle
Event: 1.145 loading class sun/util/resources/OpenListResourceBundle done
Event: 1.145 loading class sun/util/resources/TimeZoneNamesBundle done
Event: 1.145 loading class sun/util/resources/cldr/TimeZoneNames done
Event: 1.145 loading class sun/util/resources/cldr/TimeZoneNames_en
Event: 1.146 loading class sun/util/resources/cldr/TimeZoneNames_en done
Event: 1.146 loading class sun/util/resources/cldr/TimeZoneNames_en_US
Event: 1.146 loading class sun/util/resources/cldr/TimeZoneNames_en_US done
Event: 1.148 loading class java/util/LinkedHashMap$LinkedKeySet
Event: 1.148 loading class java/util/LinkedHashMap$LinkedKeySet done


Dynamic libraries:
0x00007ff669d30000 - 0x00007ff669d3f000 	C:\Environment\Java\jdk-14.0.2\bin\java.exe
0x00007ff82f630000 - 0x00007ff82f825000 	C:\Windows\SYSTEM32\ntdll.dll
0x00007ff82e540000 - 0x00007ff82e5fd000 	C:\Windows\System32\KERNEL32.DLL
0x00007ff82cf00000 - 0x00007ff82d1c8000 	C:\Windows\System32\KERNELBASE.dll
0x00007ff82ce00000 - 0x00007ff82cf00000 	C:\Windows\System32\ucrtbase.dll
0x00007ff825200000 - 0x00007ff825215000 	C:\Environment\Java\jdk-14.0.2\bin\VCRUNTIME140.dll
0x00007ff81a160000 - 0x00007ff81a178000 	C:\Environment\Java\jdk-14.0.2\bin\jli.dll
0x00007ff82ed40000 - 0x00007ff82edec000 	C:\Windows\System32\ADVAPI32.dll
0x00007ff82dd90000 - 0x00007ff82de2e000 	C:\Windows\System32\msvcrt.dll
0x00007ff82e2f0000 - 0x00007ff82e38b000 	C:\Windows\System32\sechost.dll
0x00007ff82da00000 - 0x00007ff82db2b000 	C:\Windows\System32\RPCRT4.dll
0x00007ff8188a0000 - 0x00007ff818b3a000 	C:\Windows\WinSxS\amd64_microsoft.windows.common-controls_6595b64144ccf1df_6.0.19041.1052_none_60b8f8fd71f5e8cb\COMCTL32.dll
0x00007ff82dd60000 - 0x00007ff82dd8a000 	C:\Windows\System32\GDI32.dll
0x00007ff82d440000 - 0x00007ff82d462000 	C:\Windows\System32\win32u.dll
0x00007ff82d1d0000 - 0x00007ff82d2db000 	C:\Windows\System32\gdi32full.dll
0x00007ff82d600000 - 0x00007ff82d69d000 	C:\Windows\System32\msvcp_win.dll
0x00007ff82e3a0000 - 0x00007ff82e540000 	C:\Windows\System32\USER32.dll
0x00007ff825930000 - 0x00007ff82593a000 	C:\Windows\SYSTEM32\VERSION.dll
0x00007ff82dd30000 - 0x00007ff82dd60000 	C:\Windows\System32\IMM32.DLL
0x00007ff819b20000 - 0x00007ff819bbb000 	C:\Environment\Java\jdk-14.0.2\bin\msvcp140.dll
0x00007fffe7f40000 - 0x00007fffe8a5e000 	C:\Environment\Java\jdk-14.0.2\bin\server\jvm.dll
0x00007ff82f4a0000 - 0x00007ff82f4a8000 	C:\Windows\System32\PSAPI.DLL
0x00007ff826bb0000 - 0x00007ff826bb9000 	C:\Windows\SYSTEM32\WSOCK32.dll
0x00007ff81c0f0000 - 0x00007ff81c117000 	C:\Windows\SYSTEM32\WINMM.dll
0x00007ff82db90000 - 0x00007ff82dbfb000 	C:\Windows\System32\WS2_32.dll
0x00007ff82b690000 - 0x00007ff82b6a2000 	C:\Windows\SYSTEM32\kernel.appcore.dll
0x00007ff829790000 - 0x00007ff82979a000 	C:\Environment\Java\jdk-14.0.2\bin\jimage.dll
0x00007ff8299f0000 - 0x00007ff829bd4000 	C:\Windows\SYSTEM32\DBGHELP.DLL
0x00007ff812c00000 - 0x00007ff812c2c000 	C:\Windows\SYSTEM32\dbgcore.DLL
0x00007ff82cd70000 - 0x00007ff82cdf3000 	C:\Windows\System32\bcryptPrimitives.dll
0x00007ff8296d0000 - 0x00007ff8296de000 	C:\Environment\Java\jdk-14.0.2\bin\instrument.dll
0x00007ff819fc0000 - 0x00007ff819fe5000 	C:\Environment\Java\jdk-14.0.2\bin\java.dll
0x00007ff819de0000 - 0x00007ff819df6000 	C:\Environment\Java\jdk-14.0.2\bin\zip.dll
0x00007ff82e600000 - 0x00007ff82ed3f000 	C:\Windows\System32\SHELL32.dll
0x00007ff82a480000 - 0x00007ff82ac10000 	C:\Windows\SYSTEM32\windows.storage.dll
0x00007ff82d6a0000 - 0x00007ff82d9f5000 	C:\Windows\System32\combase.dll
0x00007ff82c710000 - 0x00007ff82c73c000 	C:\Windows\SYSTEM32\Wldp.dll
0x00007ff82f3f0000 - 0x00007ff82f49e000 	C:\Windows\System32\SHCORE.dll
0x00007ff82e1a0000 - 0x00007ff82e1f5000 	C:\Windows\System32\shlwapi.dll
0x00007ff82ccb0000 - 0x00007ff82cccf000 	C:\Windows\SYSTEM32\profapi.dll
0x00007ff819dc0000 - 0x00007ff819dd9000 	C:\Environment\Java\jdk-14.0.2\bin\net.dll
0x00007ff81b8f0000 - 0x00007ff81b9fb000 	C:\Windows\SYSTEM32\WINHTTP.dll
0x00007ff82c480000 - 0x00007ff82c4ea000 	C:\Windows\system32\mswsock.dll
0x00007ff819da0000 - 0x00007ff819db2000 	C:\Environment\Java\jdk-14.0.2\bin\nio.dll
0x00007ff826fa0000 - 0x00007ff826fba000 	F:\IntelliJ IDEA 2020.3.3\bin\breakgen64.dll
0x00007fffe7da0000 - 0x00007fffe7f39000 	C:\Environment\Java\jdk-14.0.2\bin\awt.dll
0x00007ff82dc00000 - 0x00007ff82dccd000 	C:\Windows\System32\OLEAUT32.dll
0x00007ff8297c0000 - 0x00007ff829850000 	C:\Windows\SYSTEM32\apphelp.dll
0x00007ff829d20000 - 0x00007ff829dbe000 	C:\Windows\system32\uxtheme.dll
0x00007ff82dfe0000 - 0x00007ff82e0f5000 	C:\Windows\System32\MSCTF.dll
0x00007ff82f260000 - 0x00007ff82f38a000 	C:\Windows\System32\ole32.dll

dbghelp: loaded successfully - version: 4.0.5 - missing functions: none
symbol engine: initialized successfully - sym options: 0x614 - pdb path: .;C:\Environment\Java\jdk-14.0.2\bin;C:\Windows\SYSTEM32;C:\Windows\WinSxS\amd64_microsoft.windows.common-controls_6595b64144ccf1df_6.0.19041.1052_none_60b8f8fd71f5e8cb;C:\Environment\Java\jdk-14.0.2\bin\server;F:\IntelliJ IDEA 2020.3.3\bin

VM Arguments:
jvm_args: -javaagent:F:\IntelliJ IDEA 2020.3.3\lib\idea_rt.jar=54821:F:\IntelliJ IDEA 2020.3.3\bin -Dfile.encoding=UTF-8 
java_command: view.HomePageJFrame
java_class_path (initial): D:\JavaProject\ParkSystem\out\production\ParkSystem;C:\Environment\Java\mssql-jdbc-7.0.0.jre8.jar;C:\Environment\Java\datepicker.jar
Launcher Type: SUN_STANDARD

[Global flags]
     intx CICompilerCount                          = 3                                         {product} {ergonomic}
     uint ConcGCThreads                            = 1                                         {product} {ergonomic}
     uint G1ConcRefinementThreads                  = 4                                         {product} {ergonomic}
   size_t G1HeapRegionSize                         = 1048576                                   {product} {ergonomic}
    uintx GCDrainStackTargetSize                   = 64                                        {product} {ergonomic}
   size_t InitialHeapSize                          = 201326592                                 {product} {ergonomic}
   size_t MarkStackSize                            = 4194304                                   {product} {ergonomic}
   size_t MaxHeapSize                              = 3196059648                                {product} {ergonomic}
   size_t MaxNewSize                               = 1916796928                                {product} {ergonomic}
   size_t MinHeapDeltaBytes                        = 1048576                                   {product} {ergonomic}
   size_t MinHeapSize                              = 8388608                                   {product} {ergonomic}
    uintx NonNMethodCodeHeapSize                   = 5832780                                {pd product} {ergonomic}
    uintx NonProfiledCodeHeapSize                  = 122912730                              {pd product} {ergonomic}
    uintx ProfiledCodeHeapSize                     = 122912730                              {pd product} {ergonomic}
    uintx ReservedCodeCacheSize                    = 251658240                              {pd product} {ergonomic}
     bool SegmentedCodeCache                       = true                                      {product} {ergonomic}
   size_t SoftMaxHeapSize                          = 3196059648                             {manageable} {ergonomic}
     bool UseCompressedClassPointers               = true                                 {lp64_product} {ergonomic}
     bool UseCompressedOops                        = true                                 {lp64_product} {ergonomic}
     bool UseG1GC                                  = true                                      {product} {ergonomic}
     bool UseLargePagesIndividualAllocation        = false                                  {pd product} {ergonomic}

Logging:
Log output configuration:
 #0: stdout all=warning uptime,level,tags
 #1: stderr all=off uptime,level,tags

Environment Variables:
JAVA_HOME=C:\Environment\Java\jdk1.8.0_77\
CLASSPATH=.;C:\Environment\Java\jdk1.8.0_77\\bin;C:\Environment\Java\jdk1.8.0_77\\jre\bin
PATH=C:\Windows\system32;C:\Windows;C:\Windows\System32\Wbem;C:\Windows\System32\WindowsPowerShell\v1.0\;C:\Windows\System32\OpenSSH\;C:\Environment\Java\jdk1.8.0_77\\bin;C:\Environment\Java\jdk1.8.0_77\\jre\bin;C:\Environment\Maven\apache-maven-3.8.1\bin;C:\Environment\MinGW\MinGW\bin;C:\Environment\Java\jdk-14.0.2\\bin;C:\Environment\Java\jdk-14.0.2\\jre\bin;C:\Program Files\Microsoft SQL Server\Client SDK\ODBC\170\Tools\Binn\;C:\Program Files (x86)\Microsoft SQL Server\150\Tools\Binn\;C:\Program Files\Microsoft SQL Server\150\Tools\Binn\;C:\Program Files\Microsoft SQL Server\150\DTS\Binn\;C:\Program Files (x86)\Microsoft SQL Server\150\DTS\Binn\;C:\Program Files\Azure Data Studio\bin;G:\AndroidSDK\platform-tools;F:\MySQL\mysql-5.7.19\bin;F:\Pythonlwt\Scripts\;F:\Pythonlwt\;C:\Users\Administrator\AppData\Local\Microsoft\WindowsApps;C:\Program Files\Azure Data Studio\bin;C:\Users\Administrator\AppData\Local\Programs\Microsoft VS Code\bin;F:\Microsoft VS Code\bin
USERNAME=Administrator
OS=Windows_NT
PROCESSOR_IDENTIFIER=Intel64 Family 6 Model 142 Stepping 9, GenuineIntel



---------------  S Y S T E M  ---------------

OS: Windows 10 , 64 bit Build 19041 (10.0.19041.1023)
OS uptime: 0 days 8:54 hours

CPU:total 4 (initial active 4) (2 cores per cpu, 2 threads per core) family 6 model 142 stepping 9, cmov, cx8, fxsr, mmx, sse, sse2, sse3, ssse3, sse4.1, sse4.2, popcnt, avx, avx2, aes, clmul, erms, 3dnowpref, lzcnt, ht, tsc, tscinvbit, bmi1, bmi2, adx, fma

Memory: 4k page, system-wide physical 12186M (2588M free)
TotalPageFile size 30782M (AvailPageFile size 4M)
current process WorkingSet (physical memory assigned to process): 46M, peak: 46M
current process commit charge ("private bytes"): 276M, peak: 277M

vm_info: Java HotSpot(TM) 64-Bit Server VM (14.0.2+12-46) for windows-amd64 JRE (14.0.2+12-46), built on Jul  9 2020 00:35:52 by "mach5one" with MS VC++ 15.9 (VS2017)

END.
