#
# There is insufficient memory for the Java Runtime Environment to continue.
# Native memory allocation (malloc) failed to allocate 32744 bytes for ChunkPool::allocate
# Possible reasons:
#   The system is out of physical RAM or swap space
#   The process is running with CompressedOops enabled, and the Java Heap may be blocking the growth of the native heap
# Possible solutions:
#   Reduce memory load on the system
#   Increase physical memory or swap space
#   Check if swap backing store is full
#   Decrease Java heap size (-Xmx/-Xms)
#   Decrease number of Java threads
#   Decrease Java thread stack sizes (-Xss)
#   Set larger code cache with -XX:ReservedCodeCacheSize=
#   JVM is running with Zero Based Compressed Oops mode in which the Java heap is
#     placed in the first 32GB address space. The Java Heap base address is the
#     maximum limit for the native heap growth. Please use -XX:HeapBaseMinAddress
#     to set the Java Heap base and to place the Java Heap above 32GB virtual address.
# This output file may be truncated or incomplete.
#
#  Out of Memory Error (./open/src/hotspot/share/memory/arena.cpp:79), pid=3248, tid=16000
#
# JRE version: Java(TM) SE Runtime Environment (14.0.2+12) (build 14.0.2+12-46)
# Java VM: Java HotSpot(TM) 64-Bit Server VM (14.0.2+12-46, mixed mode, sharing, tiered, compressed oops, g1 gc, windows-amd64)
# No core dump will be written. Minidumps are not enabled by default on client versions of Windows
#

---------------  S U M M A R Y ------------

Command Line: -javaagent:F:\IntelliJ IDEA 2020.3.3\lib\idea_rt.jar=56583:F:\IntelliJ IDEA 2020.3.3\bin -Dfile.encoding=UTF-8 view.panel.SourceJPanel

Host: Intel(R) Core(TM) i5-7200U CPU @ 2.50GHz, 4 cores, 11G,  Windows 10 , 64 bit Build 19041 (10.0.19041.1023)
Time: Thu Jul  8 11:21:53 2021 中国标准时间 elapsed time: 47845 seconds (0d 13h 17m 25s)

---------------  T H R E A D  ---------------

Current thread (0x000001c850222000):  JavaThread "C1 CompilerThread0" daemon [_thread_in_native, id=16000, stack(0x0000007668700000,0x0000007668800000)]


Current CompileTask:
C1:47845813 1825       3       java.awt.Container::updateChildGraphicsData (55 bytes)

Stack: [0x0000007668700000,0x0000007668800000]
Native frames: (J=compiled Java code, j=interpreted, Vv=VM code, C=native code)
V  [jvm.dll+0x5f8a9a]
V  [jvm.dll+0x74247a]
V  [jvm.dll+0x743c2f]
V  [jvm.dll+0x744273]
V  [jvm.dll+0x20d288]
V  [jvm.dll+0xabea6]
V  [jvm.dll+0xac1fc]
V  [jvm.dll+0xb7b55]
V  [jvm.dll+0x15b21b]
V  [jvm.dll+0x162afd]
V  [jvm.dll+0x15a915]
V  [jvm.dll+0x159dea]
V  [jvm.dll+0x1636bb]
V  [jvm.dll+0x15af48]
V  [jvm.dll+0x15e52f]
V  [jvm.dll+0x117b55]
V  [jvm.dll+0x1173cf]
V  [jvm.dll+0x1175ff]
V  [jvm.dll+0x116884]
V  [jvm.dll+0x1187d7]
V  [jvm.dll+0x1f4105]
V  [jvm.dll+0x1f22eb]
V  [jvm.dll+0x7070cd]
V  [jvm.dll+0x6ffeda]
V  [jvm.dll+0x5f78f6]
C  [ucrtbase.dll+0x21bb2]
C  [KERNEL32.DLL+0x17034]
C  [ntdll.dll+0x52651]


---------------  P R O C E S S  ---------------

Threads class SMR info:
_java_thread_list=0x000001c850be93b0, length=16, elements={
0x000001c84f995000, 0x000001c84f996000, 0x000001c85021b800, 0x000001c85021d000,
0x000001c850220000, 0x000001c850221000, 0x000001c850222000, 0x000001c85029f800,
0x000001c84f979800, 0x000001c8503b1000, 0x000001c8503b2000, 0x000001c8505d7000,
0x000001c8505e6000, 0x000001c851846800, 0x000001c850e47000, 0x000001c82eb8b000
}

Java Threads: ( => current thread )
  0x000001c84f995000 JavaThread "Reference Handler" daemon [_thread_blocked, id=14964, stack(0x0000007668100000,0x0000007668200000)]
  0x000001c84f996000 JavaThread "Finalizer" daemon [_thread_blocked, id=6240, stack(0x0000007668200000,0x0000007668300000)]
  0x000001c85021b800 JavaThread "Signal Dispatcher" daemon [_thread_blocked, id=15476, stack(0x0000007668300000,0x0000007668400000)]
  0x000001c85021d000 JavaThread "Attach Listener" daemon [_thread_blocked, id=16044, stack(0x0000007668400000,0x0000007668500000)]
  0x000001c850220000 JavaThread "Service Thread" daemon [_thread_blocked, id=7500, stack(0x0000007668500000,0x0000007668600000)]
  0x000001c850221000 JavaThread "C2 CompilerThread0" daemon [_thread_blocked, id=13324, stack(0x0000007668600000,0x0000007668700000)]
=>0x000001c850222000 JavaThread "C1 CompilerThread0" daemon [_thread_in_native, id=16000, stack(0x0000007668700000,0x0000007668800000)]
  0x000001c85029f800 JavaThread "Sweeper thread" daemon [_thread_blocked, id=5668, stack(0x0000007668800000,0x0000007668900000)]
  0x000001c84f979800 JavaThread "Common-Cleaner" daemon [_thread_blocked, id=4700, stack(0x0000007668900000,0x0000007668a00000)]
  0x000001c8503b1000 JavaThread "Monitor Ctrl-Break" daemon [_thread_in_native, id=14108, stack(0x0000007668a00000,0x0000007668b00000)]
  0x000001c8503b2000 JavaThread "Notification Thread" daemon [_thread_blocked, id=13168, stack(0x0000007668b00000,0x0000007668c00000)]
  0x000001c8505d7000 JavaThread "Java2D Disposer" daemon [_thread_blocked, id=10136, stack(0x0000007668e00000,0x0000007668f00000)]
  0x000001c8505e6000 JavaThread "AWT-Windows" daemon [_thread_in_native, id=15048, stack(0x0000007669000000,0x0000007669100000)]
  0x000001c851846800 JavaThread "AWT-Shutdown" [_thread_blocked, id=5008, stack(0x0000007668f00000,0x0000007669000000)]
  0x000001c850e47000 JavaThread "AWT-EventQueue-0" [_thread_blocked, id=15788, stack(0x0000007669700000,0x0000007669800000)]
  0x000001c82eb8b000 JavaThread "DestroyJavaVM" [_thread_blocked, id=14736, stack(0x0000007667a00000,0x0000007667b00000)]

Other Threads:
  0x000001c84f991000 VMThread "VM Thread" [stack: 0x0000007668000000,0x0000007668100000] [id=16040]
  0x000001c8503e1000 WatcherThread [stack: 0x0000007668c00000,0x0000007668d00000] [id=8604]
  0x000001c82ebde000 GCTaskThread "GC Thread#0" [stack: 0x0000007667b00000,0x0000007667c00000] [id=12468]
  0x000001c850f0a000 GCTaskThread "GC Thread#1" [stack: 0x0000007669200000,0x0000007669300000] [id=5508]
  0x000001c850fa9000 GCTaskThread "GC Thread#2" [stack: 0x0000007669300000,0x0000007669400000] [id=16224]
  0x000001c850faa000 GCTaskThread "GC Thread#3" [stack: 0x0000007669400000,0x0000007669500000] [id=9576]
  0x000001c82ebf7800 ConcurrentGCThread "G1 Main Marker" [stack: 0x0000007667c00000,0x0000007667d00000] [id=8348]
  0x000001c82ebf8800 ConcurrentGCThread "G1 Conc#0" [stack: 0x0000007667d00000,0x0000007667e00000] [id=15088]
  0x000001c84f804800 ConcurrentGCThread "G1 Refine#0" [stack: 0x0000007667e00000,0x0000007667f00000] [id=14256]
  0x000001c850c67800 ConcurrentGCThread "G1 Refine#1" [stack: 0x0000007669500000,0x0000007669600000] [id=6644]
  0x000001c84f805000 ConcurrentGCThread "G1 Young RemSet Sampling" [stack: 0x0000007667f00000,0x0000007668000000] [id=1636]

Threads with active compile tasks:
C1 CompilerThread0  47845861 1825       3       java.awt.Container::updateChildGraphicsData (55 bytes)

VM state:not at safepoint (normal execution)

VM Mutex/Monitor currently owned by a thread: None

Heap address: 0x0000000741800000, size: 3048 MB, Compressed Oops mode: Zero based, Oop shift amount: 3
Narrow klass base: 0x0000000800000000, Narrow klass shift: 3
Compressed class space size: 1073741824 Address: 0x0000000800b30000

Heap:
 garbage-first heap   total 196608K, used 21389K [0x0000000741800000, 0x0000000800000000)
  region size 1024K, 8 young (8192K), 2 survivors (2048K)
 Metaspace       used 17197K, capacity 17549K, committed 17792K, reserved 1064960K
  class space    used 1897K, capacity 2073K, committed 2176K, reserved 1048576K
Heap Regions: E=young(eden), S=young(survivor), O=old, HS=humongous(starts), HC=humongous(continues), CS=collection set, F=free, OA=open archive, CA=closed archive, TAMS=top-at-mark-start (previous, next)
|   0|0x0000000741800000, 0x0000000741900000, 0x0000000741900000|100%| O|  |TAMS 0x0000000741800000, 0x0000000741800000| Untracked 
|   1|0x0000000741900000, 0x0000000741a00000, 0x0000000741a00000|100%| O|  |TAMS 0x0000000741900000, 0x0000000741900000| Untracked 
|   2|0x0000000741a00000, 0x0000000741b00000, 0x0000000741b00000|100%| O|  |TAMS 0x0000000741a00000, 0x0000000741a00000| Untracked 
|   3|0x0000000741b00000, 0x0000000741b8ca00, 0x0000000741c00000| 54%| O|  |TAMS 0x0000000741b00000, 0x0000000741b00000| Untracked 
|   4|0x0000000741c00000, 0x0000000741d00000, 0x0000000741d00000|100%|HS|  |TAMS 0x0000000741c00000, 0x0000000741c00000| Complete 
|   5|0x0000000741d00000, 0x0000000741e00000, 0x0000000741e00000|100%|HC|  |TAMS 0x0000000741d00000, 0x0000000741d00000| Complete 
|   6|0x0000000741e00000, 0x0000000741f00000, 0x0000000741f00000|100%|HS|  |TAMS 0x0000000741e00000, 0x0000000741e00000| Complete 
|   7|0x0000000741f00000, 0x0000000742000000, 0x0000000742000000|100%|HC|  |TAMS 0x0000000741f00000, 0x0000000741f00000| Complete 
|   8|0x0000000742000000, 0x0000000742100000, 0x0000000742100000|100%|HC|  |TAMS 0x0000000742000000, 0x0000000742000000| Complete 
|   9|0x0000000742100000, 0x0000000742200000, 0x0000000742200000|100%|HC|  |TAMS 0x0000000742100000, 0x0000000742100000| Complete 
|  10|0x0000000742200000, 0x0000000742300000, 0x0000000742300000|100%|HC|  |TAMS 0x0000000742200000, 0x0000000742200000| Complete 
|  11|0x0000000742300000, 0x0000000742400000, 0x0000000742400000|100%|HC|  |TAMS 0x0000000742300000, 0x0000000742300000| Complete 
|  12|0x0000000742400000, 0x0000000742500000, 0x0000000742500000|100%|HS|  |TAMS 0x0000000742400000, 0x0000000742400000| Complete 
|  13|0x0000000742500000, 0x0000000742600000, 0x0000000742600000|100%|HS|  |TAMS 0x0000000742500000, 0x0000000742500000| Complete 
|  14|0x0000000742600000, 0x0000000742700000, 0x0000000742700000|100%|HS|  |TAMS 0x0000000742600000, 0x0000000742600000| Complete 
|  15|0x0000000742700000, 0x0000000742700000, 0x0000000742800000|  0%| F|  |TAMS 0x0000000742700000, 0x0000000742700000| Untracked 
|  16|0x0000000742800000, 0x0000000742800000, 0x0000000742900000|  0%| F|  |TAMS 0x0000000742800000, 0x0000000742800000| Untracked 
|  17|0x0000000742900000, 0x0000000742900000, 0x0000000742a00000|  0%| F|  |TAMS 0x0000000742900000, 0x0000000742900000| Untracked 
|  18|0x0000000742a00000, 0x0000000742a00000, 0x0000000742b00000|  0%| F|  |TAMS 0x0000000742a00000, 0x0000000742a00000| Untracked 
|  19|0x0000000742b00000, 0x0000000742b00000, 0x0000000742c00000|  0%| F|  |TAMS 0x0000000742b00000, 0x0000000742b00000| Untracked 
|  20|0x0000000742c00000, 0x0000000742c00000, 0x0000000742d00000|  0%| F|  |TAMS 0x0000000742c00000, 0x0000000742c00000| Untracked 
|  21|0x0000000742d00000, 0x0000000742d00000, 0x0000000742e00000|  0%| F|  |TAMS 0x0000000742d00000, 0x0000000742d00000| Untracked 
|  22|0x0000000742e00000, 0x0000000742e00000, 0x0000000742f00000|  0%| F|  |TAMS 0x0000000742e00000, 0x0000000742e00000| Untracked 
|  23|0x0000000742f00000, 0x0000000742f00000, 0x0000000743000000|  0%| F|  |TAMS 0x0000000742f00000, 0x0000000742f00000| Untracked 
|  24|0x0000000743000000, 0x0000000743000000, 0x0000000743100000|  0%| F|  |TAMS 0x0000000743000000, 0x0000000743000000| Untracked 
|  25|0x0000000743100000, 0x0000000743100000, 0x0000000743200000|  0%| F|  |TAMS 0x0000000743100000, 0x0000000743100000| Untracked 
|  26|0x0000000743200000, 0x0000000743200000, 0x0000000743300000|  0%| F|  |TAMS 0x0000000743200000, 0x0000000743200000| Untracked 
|  27|0x0000000743300000, 0x0000000743300000, 0x0000000743400000|  0%| F|  |TAMS 0x0000000743300000, 0x0000000743300000| Untracked 
|  28|0x0000000743400000, 0x0000000743400000, 0x0000000743500000|  0%| F|  |TAMS 0x0000000743400000, 0x0000000743400000| Untracked 
|  29|0x0000000743500000, 0x0000000743500000, 0x0000000743600000|  0%| F|  |TAMS 0x0000000743500000, 0x0000000743500000| Untracked 
|  30|0x0000000743600000, 0x0000000743600000, 0x0000000743700000|  0%| F|  |TAMS 0x0000000743600000, 0x0000000743600000| Untracked 
|  31|0x0000000743700000, 0x0000000743700000, 0x0000000743800000|  0%| F|  |TAMS 0x0000000743700000, 0x0000000743700000| Untracked 
|  32|0x0000000743800000, 0x0000000743800000, 0x0000000743900000|  0%| F|  |TAMS 0x0000000743800000, 0x0000000743800000| Untracked 
|  33|0x0000000743900000, 0x0000000743900000, 0x0000000743a00000|  0%| F|  |TAMS 0x0000000743900000, 0x0000000743900000| Untracked 
|  34|0x0000000743a00000, 0x0000000743a00000, 0x0000000743b00000|  0%| F|  |TAMS 0x0000000743a00000, 0x0000000743a00000| Untracked 
|  35|0x0000000743b00000, 0x0000000743b00000, 0x0000000743c00000|  0%| F|  |TAMS 0x0000000743b00000, 0x0000000743b00000| Untracked 
|  36|0x0000000743c00000, 0x0000000743c00000, 0x0000000743d00000|  0%| F|  |TAMS 0x0000000743c00000, 0x0000000743c00000| Untracked 
|  37|0x0000000743d00000, 0x0000000743d00000, 0x0000000743e00000|  0%| F|  |TAMS 0x0000000743d00000, 0x0000000743d00000| Untracked 
|  38|0x0000000743e00000, 0x0000000743e00000, 0x0000000743f00000|  0%| F|  |TAMS 0x0000000743e00000, 0x0000000743e00000| Untracked 
|  39|0x0000000743f00000, 0x0000000743f00000, 0x0000000744000000|  0%| F|  |TAMS 0x0000000743f00000, 0x0000000743f00000| Untracked 
|  40|0x0000000744000000, 0x0000000744000000, 0x0000000744100000|  0%| F|  |TAMS 0x0000000744000000, 0x0000000744000000| Untracked 
|  41|0x0000000744100000, 0x0000000744100000, 0x0000000744200000|  0%| F|  |TAMS 0x0000000744100000, 0x0000000744100000| Untracked 
|  42|0x0000000744200000, 0x0000000744200000, 0x0000000744300000|  0%| F|  |TAMS 0x0000000744200000, 0x0000000744200000| Untracked 
|  43|0x0000000744300000, 0x0000000744300000, 0x0000000744400000|  0%| F|  |TAMS 0x0000000744300000, 0x0000000744300000| Untracked 
|  44|0x0000000744400000, 0x0000000744400000, 0x0000000744500000|  0%| F|  |TAMS 0x0000000744400000, 0x0000000744400000| Untracked 
|  45|0x0000000744500000, 0x0000000744500000, 0x0000000744600000|  0%| F|  |TAMS 0x0000000744500000, 0x0000000744500000| Untracked 
|  46|0x0000000744600000, 0x0000000744600000, 0x0000000744700000|  0%| F|  |TAMS 0x0000000744600000, 0x0000000744600000| Untracked 
|  47|0x0000000744700000, 0x0000000744700000, 0x0000000744800000|  0%| F|  |TAMS 0x0000000744700000, 0x0000000744700000| Untracked 
|  48|0x0000000744800000, 0x0000000744800000, 0x0000000744900000|  0%| F|  |TAMS 0x0000000744800000, 0x0000000744800000| Untracked 
|  49|0x0000000744900000, 0x0000000744900000, 0x0000000744a00000|  0%| F|  |TAMS 0x0000000744900000, 0x0000000744900000| Untracked 
|  50|0x0000000744a00000, 0x0000000744a00000, 0x0000000744b00000|  0%| F|  |TAMS 0x0000000744a00000, 0x0000000744a00000| Untracked 
|  51|0x0000000744b00000, 0x0000000744b00000, 0x0000000744c00000|  0%| F|  |TAMS 0x0000000744b00000, 0x0000000744b00000| Untracked 
|  52|0x0000000744c00000, 0x0000000744c00000, 0x0000000744d00000|  0%| F|  |TAMS 0x0000000744c00000, 0x0000000744c00000| Untracked 
|  53|0x0000000744d00000, 0x0000000744d00000, 0x0000000744e00000|  0%| F|  |TAMS 0x0000000744d00000, 0x0000000744d00000| Untracked 
|  54|0x0000000744e00000, 0x0000000744e00000, 0x0000000744f00000|  0%| F|  |TAMS 0x0000000744e00000, 0x0000000744e00000| Untracked 
|  55|0x0000000744f00000, 0x0000000744f00000, 0x0000000745000000|  0%| F|  |TAMS 0x0000000744f00000, 0x0000000744f00000| Untracked 
|  56|0x0000000745000000, 0x0000000745000000, 0x0000000745100000|  0%| F|  |TAMS 0x0000000745000000, 0x0000000745000000| Untracked 
|  57|0x0000000745100000, 0x0000000745100000, 0x0000000745200000|  0%| F|  |TAMS 0x0000000745100000, 0x0000000745100000| Untracked 
|  58|0x0000000745200000, 0x0000000745200000, 0x0000000745300000|  0%| F|  |TAMS 0x0000000745200000, 0x0000000745200000| Untracked 
|  59|0x0000000745300000, 0x0000000745300000, 0x0000000745400000|  0%| F|  |TAMS 0x0000000745300000, 0x0000000745300000| Untracked 
|  60|0x0000000745400000, 0x0000000745400000, 0x0000000745500000|  0%| F|  |TAMS 0x0000000745400000, 0x0000000745400000| Untracked 
|  61|0x0000000745500000, 0x0000000745500000, 0x0000000745600000|  0%| F|  |TAMS 0x0000000745500000, 0x0000000745500000| Untracked 
|  62|0x0000000745600000, 0x0000000745600000, 0x0000000745700000|  0%| F|  |TAMS 0x0000000745600000, 0x0000000745600000| Untracked 
|  63|0x0000000745700000, 0x0000000745700000, 0x0000000745800000|  0%| F|  |TAMS 0x0000000745700000, 0x0000000745700000| Untracked 
|  64|0x0000000745800000, 0x0000000745800000, 0x0000000745900000|  0%| F|  |TAMS 0x0000000745800000, 0x0000000745800000| Untracked 
|  65|0x0000000745900000, 0x0000000745900000, 0x0000000745a00000|  0%| F|  |TAMS 0x0000000745900000, 0x0000000745900000| Untracked 
|  66|0x0000000745a00000, 0x0000000745a00000, 0x0000000745b00000|  0%| F|  |TAMS 0x0000000745a00000, 0x0000000745a00000| Untracked 
|  67|0x0000000745b00000, 0x0000000745b00000, 0x0000000745c00000|  0%| F|  |TAMS 0x0000000745b00000, 0x0000000745b00000| Untracked 
|  68|0x0000000745c00000, 0x0000000745c00000, 0x0000000745d00000|  0%| F|  |TAMS 0x0000000745c00000, 0x0000000745c00000| Untracked 
|  69|0x0000000745d00000, 0x0000000745d00000, 0x0000000745e00000|  0%| F|  |TAMS 0x0000000745d00000, 0x0000000745d00000| Untracked 
|  70|0x0000000745e00000, 0x0000000745e00000, 0x0000000745f00000|  0%| F|  |TAMS 0x0000000745e00000, 0x0000000745e00000| Untracked 
|  71|0x0000000745f00000, 0x0000000745f00000, 0x0000000746000000|  0%| F|  |TAMS 0x0000000745f00000, 0x0000000745f00000| Untracked 
|  72|0x0000000746000000, 0x0000000746000000, 0x0000000746100000|  0%| F|  |TAMS 0x0000000746000000, 0x0000000746000000| Untracked 
|  73|0x0000000746100000, 0x0000000746100000, 0x0000000746200000|  0%| F|  |TAMS 0x0000000746100000, 0x0000000746100000| Untracked 
|  74|0x0000000746200000, 0x0000000746200000, 0x0000000746300000|  0%| F|  |TAMS 0x0000000746200000, 0x0000000746200000| Untracked 
|  75|0x0000000746300000, 0x0000000746300000, 0x0000000746400000|  0%| F|  |TAMS 0x0000000746300000, 0x0000000746300000| Untracked 
|  76|0x0000000746400000, 0x0000000746400000, 0x0000000746500000|  0%| F|  |TAMS 0x0000000746400000, 0x0000000746400000| Untracked 
|  77|0x0000000746500000, 0x0000000746500000, 0x0000000746600000|  0%| F|  |TAMS 0x0000000746500000, 0x0000000746500000| Untracked 
|  78|0x0000000746600000, 0x0000000746600000, 0x0000000746700000|  0%| F|  |TAMS 0x0000000746600000, 0x0000000746600000| Untracked 
|  79|0x0000000746700000, 0x0000000746700000, 0x0000000746800000|  0%| F|  |TAMS 0x0000000746700000, 0x0000000746700000| Untracked 
|  80|0x0000000746800000, 0x0000000746800000, 0x0000000746900000|  0%| F|  |TAMS 0x0000000746800000, 0x0000000746800000| Untracked 
|  81|0x0000000746900000, 0x0000000746900000, 0x0000000746a00000|  0%| F|  |TAMS 0x0000000746900000, 0x0000000746900000| Untracked 
|  82|0x0000000746a00000, 0x0000000746a00000, 0x0000000746b00000|  0%| F|  |TAMS 0x0000000746a00000, 0x0000000746a00000| Untracked 
|  83|0x0000000746b00000, 0x0000000746b00000, 0x0000000746c00000|  0%| F|  |TAMS 0x0000000746b00000, 0x0000000746b00000| Untracked 
|  84|0x0000000746c00000, 0x0000000746c00000, 0x0000000746d00000|  0%| F|  |TAMS 0x0000000746c00000, 0x0000000746c00000| Untracked 
|  85|0x0000000746d00000, 0x0000000746d00000, 0x0000000746e00000|  0%| F|  |TAMS 0x0000000746d00000, 0x0000000746d00000| Untracked 
|  86|0x0000000746e00000, 0x0000000746e00000, 0x0000000746f00000|  0%| F|  |TAMS 0x0000000746e00000, 0x0000000746e00000| Untracked 
|  87|0x0000000746f00000, 0x0000000746f00000, 0x0000000747000000|  0%| F|  |TAMS 0x0000000746f00000, 0x0000000746f00000| Untracked 
|  88|0x0000000747000000, 0x0000000747000000, 0x0000000747100000|  0%| F|  |TAMS 0x0000000747000000, 0x0000000747000000| Untracked 
|  89|0x0000000747100000, 0x0000000747100000, 0x0000000747200000|  0%| F|  |TAMS 0x0000000747100000, 0x0000000747100000| Untracked 
|  90|0x0000000747200000, 0x0000000747200000, 0x0000000747300000|  0%| F|  |TAMS 0x0000000747200000, 0x0000000747200000| Untracked 
|  91|0x0000000747300000, 0x0000000747300000, 0x0000000747400000|  0%| F|  |TAMS 0x0000000747300000, 0x0000000747300000| Untracked 
|  92|0x0000000747400000, 0x0000000747400000, 0x0000000747500000|  0%| F|  |TAMS 0x0000000747400000, 0x0000000747400000| Untracked 
|  93|0x0000000747500000, 0x0000000747500000, 0x0000000747600000|  0%| F|  |TAMS 0x0000000747500000, 0x0000000747500000| Untracked 
|  94|0x0000000747600000, 0x0000000747600000, 0x0000000747700000|  0%| F|  |TAMS 0x0000000747600000, 0x0000000747600000| Untracked 
|  95|0x0000000747700000, 0x0000000747700000, 0x0000000747800000|  0%| F|  |TAMS 0x0000000747700000, 0x0000000747700000| Untracked 
|  96|0x0000000747800000, 0x0000000747800000, 0x0000000747900000|  0%| F|  |TAMS 0x0000000747800000, 0x0000000747800000| Untracked 
|  97|0x0000000747900000, 0x0000000747900000, 0x0000000747a00000|  0%| F|  |TAMS 0x0000000747900000, 0x0000000747900000| Untracked 
|  98|0x0000000747a00000, 0x0000000747a00000, 0x0000000747b00000|  0%| F|  |TAMS 0x0000000747a00000, 0x0000000747a00000| Untracked 
|  99|0x0000000747b00000, 0x0000000747b00000, 0x0000000747c00000|  0%| F|  |TAMS 0x0000000747b00000, 0x0000000747b00000| Untracked 
| 100|0x0000000747c00000, 0x0000000747c00000, 0x0000000747d00000|  0%| F|  |TAMS 0x0000000747c00000, 0x0000000747c00000| Untracked 
| 101|0x0000000747d00000, 0x0000000747d00000, 0x0000000747e00000|  0%| F|  |TAMS 0x0000000747d00000, 0x0000000747d00000| Untracked 
| 102|0x0000000747e00000, 0x0000000747e00000, 0x0000000747f00000|  0%| F|  |TAMS 0x0000000747e00000, 0x0000000747e00000| Untracked 
| 103|0x0000000747f00000, 0x0000000747f00000, 0x0000000748000000|  0%| F|  |TAMS 0x0000000747f00000, 0x0000000747f00000| Untracked 
| 104|0x0000000748000000, 0x0000000748000000, 0x0000000748100000|  0%| F|  |TAMS 0x0000000748000000, 0x0000000748000000| Untracked 
| 105|0x0000000748100000, 0x0000000748100000, 0x0000000748200000|  0%| F|  |TAMS 0x0000000748100000, 0x0000000748100000| Untracked 
| 106|0x0000000748200000, 0x0000000748200000, 0x0000000748300000|  0%| F|  |TAMS 0x0000000748200000, 0x0000000748200000| Untracked 
| 107|0x0000000748300000, 0x0000000748300000, 0x0000000748400000|  0%| F|  |TAMS 0x0000000748300000, 0x0000000748300000| Untracked 
| 108|0x0000000748400000, 0x0000000748400000, 0x0000000748500000|  0%| F|  |TAMS 0x0000000748400000, 0x0000000748400000| Untracked 
| 109|0x0000000748500000, 0x0000000748500000, 0x0000000748600000|  0%| F|  |TAMS 0x0000000748500000, 0x0000000748500000| Untracked 
| 110|0x0000000748600000, 0x0000000748600000, 0x0000000748700000|  0%| F|  |TAMS 0x0000000748600000, 0x0000000748600000| Untracked 
| 111|0x0000000748700000, 0x0000000748700000, 0x0000000748800000|  0%| F|  |TAMS 0x0000000748700000, 0x0000000748700000| Untracked 
| 112|0x0000000748800000, 0x0000000748800000, 0x0000000748900000|  0%| F|  |TAMS 0x0000000748800000, 0x0000000748800000| Untracked 
| 113|0x0000000748900000, 0x0000000748900000, 0x0000000748a00000|  0%| F|  |TAMS 0x0000000748900000, 0x0000000748900000| Untracked 
| 114|0x0000000748a00000, 0x0000000748a00000, 0x0000000748b00000|  0%| F|  |TAMS 0x0000000748a00000, 0x0000000748a00000| Untracked 
| 115|0x0000000748b00000, 0x0000000748b00000, 0x0000000748c00000|  0%| F|  |TAMS 0x0000000748b00000, 0x0000000748b00000| Untracked 
| 116|0x0000000748c00000, 0x0000000748c00000, 0x0000000748d00000|  0%| F|  |TAMS 0x0000000748c00000, 0x0000000748c00000| Untracked 
| 117|0x0000000748d00000, 0x0000000748d00000, 0x0000000748e00000|  0%| F|  |TAMS 0x0000000748d00000, 0x0000000748d00000| Untracked 
| 118|0x0000000748e00000, 0x0000000748e00000, 0x0000000748f00000|  0%| F|  |TAMS 0x0000000748e00000, 0x0000000748e00000| Untracked 
| 119|0x0000000748f00000, 0x0000000748f00000, 0x0000000749000000|  0%| F|  |TAMS 0x0000000748f00000, 0x0000000748f00000| Untracked 
| 120|0x0000000749000000, 0x0000000749000000, 0x0000000749100000|  0%| F|  |TAMS 0x0000000749000000, 0x0000000749000000| Untracked 
| 121|0x0000000749100000, 0x0000000749100000, 0x0000000749200000|  0%| F|  |TAMS 0x0000000749100000, 0x0000000749100000| Untracked 
| 122|0x0000000749200000, 0x0000000749200000, 0x0000000749300000|  0%| F|  |TAMS 0x0000000749200000, 0x0000000749200000| Untracked 
| 123|0x0000000749300000, 0x0000000749300000, 0x0000000749400000|  0%| F|  |TAMS 0x0000000749300000, 0x0000000749300000| Untracked 
| 124|0x0000000749400000, 0x0000000749400000, 0x0000000749500000|  0%| F|  |TAMS 0x0000000749400000, 0x0000000749400000| Untracked 
| 125|0x0000000749500000, 0x0000000749500000, 0x0000000749600000|  0%| F|  |TAMS 0x0000000749500000, 0x0000000749500000| Untracked 
| 126|0x0000000749600000, 0x0000000749600000, 0x0000000749700000|  0%| F|  |TAMS 0x0000000749600000, 0x0000000749600000| Untracked 
| 127|0x0000000749700000, 0x0000000749700000, 0x0000000749800000|  0%| F|  |TAMS 0x0000000749700000, 0x0000000749700000| Untracked 
| 128|0x0000000749800000, 0x0000000749800000, 0x0000000749900000|  0%| F|  |TAMS 0x0000000749800000, 0x0000000749800000| Untracked 
| 129|0x0000000749900000, 0x0000000749900000, 0x0000000749a00000|  0%| F|  |TAMS 0x0000000749900000, 0x0000000749900000| Untracked 
| 130|0x0000000749a00000, 0x0000000749a00000, 0x0000000749b00000|  0%| F|  |TAMS 0x0000000749a00000, 0x0000000749a00000| Untracked 
| 131|0x0000000749b00000, 0x0000000749b00000, 0x0000000749c00000|  0%| F|  |TAMS 0x0000000749b00000, 0x0000000749b00000| Untracked 
| 132|0x0000000749c00000, 0x0000000749c00000, 0x0000000749d00000|  0%| F|  |TAMS 0x0000000749c00000, 0x0000000749c00000| Untracked 
| 133|0x0000000749d00000, 0x0000000749d00000, 0x0000000749e00000|  0%| F|  |TAMS 0x0000000749d00000, 0x0000000749d00000| Untracked 
| 134|0x0000000749e00000, 0x0000000749e00000, 0x0000000749f00000|  0%| F|  |TAMS 0x0000000749e00000, 0x0000000749e00000| Untracked 
| 135|0x0000000749f00000, 0x0000000749f00000, 0x000000074a000000|  0%| F|  |TAMS 0x0000000749f00000, 0x0000000749f00000| Untracked 
| 136|0x000000074a000000, 0x000000074a000000, 0x000000074a100000|  0%| F|  |TAMS 0x000000074a000000, 0x000000074a000000| Untracked 
| 137|0x000000074a100000, 0x000000074a100000, 0x000000074a200000|  0%| F|  |TAMS 0x000000074a100000, 0x000000074a100000| Untracked 
| 138|0x000000074a200000, 0x000000074a200000, 0x000000074a300000|  0%| F|  |TAMS 0x000000074a200000, 0x000000074a200000| Untracked 
| 139|0x000000074a300000, 0x000000074a300000, 0x000000074a400000|  0%| F|  |TAMS 0x000000074a300000, 0x000000074a300000| Untracked 
| 140|0x000000074a400000, 0x000000074a400000, 0x000000074a500000|  0%| F|  |TAMS 0x000000074a400000, 0x000000074a400000| Untracked 
| 141|0x000000074a500000, 0x000000074a500000, 0x000000074a600000|  0%| F|  |TAMS 0x000000074a500000, 0x000000074a500000| Untracked 
| 142|0x000000074a600000, 0x000000074a600000, 0x000000074a700000|  0%| F|  |TAMS 0x000000074a600000, 0x000000074a600000| Untracked 
| 143|0x000000074a700000, 0x000000074a700000, 0x000000074a800000|  0%| F|  |TAMS 0x000000074a700000, 0x000000074a700000| Untracked 
| 144|0x000000074a800000, 0x000000074a800000, 0x000000074a900000|  0%| F|  |TAMS 0x000000074a800000, 0x000000074a800000| Untracked 
| 145|0x000000074a900000, 0x000000074a900000, 0x000000074aa00000|  0%| F|  |TAMS 0x000000074a900000, 0x000000074a900000| Untracked 
| 146|0x000000074aa00000, 0x000000074aa00000, 0x000000074ab00000|  0%| F|  |TAMS 0x000000074aa00000, 0x000000074aa00000| Untracked 
| 147|0x000000074ab00000, 0x000000074ab00000, 0x000000074ac00000|  0%| F|  |TAMS 0x000000074ab00000, 0x000000074ab00000| Untracked 
| 148|0x000000074ac00000, 0x000000074ac00000, 0x000000074ad00000|  0%| F|  |TAMS 0x000000074ac00000, 0x000000074ac00000| Untracked 
| 149|0x000000074ad00000, 0x000000074ad00000, 0x000000074ae00000|  0%| F|  |TAMS 0x000000074ad00000, 0x000000074ad00000| Untracked 
| 150|0x000000074ae00000, 0x000000074ae00000, 0x000000074af00000|  0%| F|  |TAMS 0x000000074ae00000, 0x000000074ae00000| Untracked 
| 151|0x000000074af00000, 0x000000074af00000, 0x000000074b000000|  0%| F|  |TAMS 0x000000074af00000, 0x000000074af00000| Untracked 
| 152|0x000000074b000000, 0x000000074b000000, 0x000000074b100000|  0%| F|  |TAMS 0x000000074b000000, 0x000000074b000000| Untracked 
| 153|0x000000074b100000, 0x000000074b100000, 0x000000074b200000|  0%| F|  |TAMS 0x000000074b100000, 0x000000074b100000| Untracked 
| 154|0x000000074b200000, 0x000000074b200000, 0x000000074b300000|  0%| F|  |TAMS 0x000000074b200000, 0x000000074b200000| Untracked 
| 155|0x000000074b300000, 0x000000074b300000, 0x000000074b400000|  0%| F|  |TAMS 0x000000074b300000, 0x000000074b300000| Untracked 
| 156|0x000000074b400000, 0x000000074b400000, 0x000000074b500000|  0%| F|  |TAMS 0x000000074b400000, 0x000000074b400000| Untracked 
| 157|0x000000074b500000, 0x000000074b500000, 0x000000074b600000|  0%| F|  |TAMS 0x000000074b500000, 0x000000074b500000| Untracked 
| 158|0x000000074b600000, 0x000000074b600000, 0x000000074b700000|  0%| F|  |TAMS 0x000000074b600000, 0x000000074b600000| Untracked 
| 159|0x000000074b700000, 0x000000074b700000, 0x000000074b800000|  0%| F|  |TAMS 0x000000074b700000, 0x000000074b700000| Untracked 
| 160|0x000000074b800000, 0x000000074b800000, 0x000000074b900000|  0%| F|  |TAMS 0x000000074b800000, 0x000000074b800000| Untracked 
| 161|0x000000074b900000, 0x000000074b900000, 0x000000074ba00000|  0%| F|  |TAMS 0x000000074b900000, 0x000000074b900000| Untracked 
| 162|0x000000074ba00000, 0x000000074ba00000, 0x000000074bb00000|  0%| F|  |TAMS 0x000000074ba00000, 0x000000074ba00000| Untracked 
| 163|0x000000074bb00000, 0x000000074bb00000, 0x000000074bc00000|  0%| F|  |TAMS 0x000000074bb00000, 0x000000074bb00000| Untracked 
| 164|0x000000074bc00000, 0x000000074bc00000, 0x000000074bd00000|  0%| F|  |TAMS 0x000000074bc00000, 0x000000074bc00000| Untracked 
| 165|0x000000074bd00000, 0x000000074bd00000, 0x000000074be00000|  0%| F|  |TAMS 0x000000074bd00000, 0x000000074bd00000| Untracked 
| 166|0x000000074be00000, 0x000000074be00000, 0x000000074bf00000|  0%| F|  |TAMS 0x000000074be00000, 0x000000074be00000| Untracked 
| 167|0x000000074bf00000, 0x000000074bf00000, 0x000000074c000000|  0%| F|  |TAMS 0x000000074bf00000, 0x000000074bf00000| Untracked 
| 168|0x000000074c000000, 0x000000074c000000, 0x000000074c100000|  0%| F|  |TAMS 0x000000074c000000, 0x000000074c000000| Untracked 
| 169|0x000000074c100000, 0x000000074c100000, 0x000000074c200000|  0%| F|  |TAMS 0x000000074c100000, 0x000000074c100000| Untracked 
| 170|0x000000074c200000, 0x000000074c200000, 0x000000074c300000|  0%| F|  |TAMS 0x000000074c200000, 0x000000074c200000| Untracked 
| 171|0x000000074c300000, 0x000000074c300000, 0x000000074c400000|  0%| F|  |TAMS 0x000000074c300000, 0x000000074c300000| Untracked 
| 172|0x000000074c400000, 0x000000074c400000, 0x000000074c500000|  0%| F|  |TAMS 0x000000074c400000, 0x000000074c400000| Untracked 
| 173|0x000000074c500000, 0x000000074c500000, 0x000000074c600000|  0%| F|  |TAMS 0x000000074c500000, 0x000000074c500000| Untracked 
| 174|0x000000074c600000, 0x000000074c600000, 0x000000074c700000|  0%| F|  |TAMS 0x000000074c600000, 0x000000074c600000| Untracked 
| 175|0x000000074c700000, 0x000000074c700000, 0x000000074c800000|  0%| F|  |TAMS 0x000000074c700000, 0x000000074c700000| Untracked 
| 176|0x000000074c800000, 0x000000074c800000, 0x000000074c900000|  0%| F|  |TAMS 0x000000074c800000, 0x000000074c800000| Untracked 
| 177|0x000000074c900000, 0x000000074c900000, 0x000000074ca00000|  0%| F|  |TAMS 0x000000074c900000, 0x000000074c900000| Untracked 
| 178|0x000000074ca00000, 0x000000074ca00000, 0x000000074cb00000|  0%| F|  |TAMS 0x000000074ca00000, 0x000000074ca00000| Untracked 
| 179|0x000000074cb00000, 0x000000074cb00000, 0x000000074cc00000|  0%| F|  |TAMS 0x000000074cb00000, 0x000000074cb00000| Untracked 
| 180|0x000000074cc00000, 0x000000074cc56c48, 0x000000074cd00000| 33%| S|CS|TAMS 0x000000074cc00000, 0x000000074cc00000| Complete 
| 181|0x000000074cd00000, 0x000000074ce00000, 0x000000074ce00000|100%| S|CS|TAMS 0x000000074cd00000, 0x000000074cd00000| Complete 
| 182|0x000000074ce00000, 0x000000074ce00000, 0x000000074cf00000|  0%| F|  |TAMS 0x000000074ce00000, 0x000000074ce00000| Untracked 
| 183|0x000000074cf00000, 0x000000074cf00000, 0x000000074d000000|  0%| F|  |TAMS 0x000000074cf00000, 0x000000074cf00000| Untracked 
| 184|0x000000074d000000, 0x000000074d000000, 0x000000074d100000|  0%| F|  |TAMS 0x000000074d000000, 0x000000074d000000| Untracked 
| 185|0x000000074d100000, 0x000000074d100000, 0x000000074d200000|  0%| F|  |TAMS 0x000000074d100000, 0x000000074d100000| Untracked 
| 186|0x000000074d200000, 0x000000074d24baa0, 0x000000074d300000| 29%| E|  |TAMS 0x000000074d200000, 0x000000074d200000| Complete 
| 187|0x000000074d300000, 0x000000074d400000, 0x000000074d400000|100%| E|CS|TAMS 0x000000074d300000, 0x000000074d300000| Complete 
| 188|0x000000074d400000, 0x000000074d500000, 0x000000074d500000|100%| E|CS|TAMS 0x000000074d400000, 0x000000074d400000| Complete 
| 189|0x000000074d500000, 0x000000074d600000, 0x000000074d600000|100%| E|CS|TAMS 0x000000074d500000, 0x000000074d500000| Complete 
| 190|0x000000074d600000, 0x000000074d700000, 0x000000074d700000|100%| E|CS|TAMS 0x000000074d600000, 0x000000074d600000| Complete 
| 191|0x000000074d700000, 0x000000074d800000, 0x000000074d800000|100%| E|CS|TAMS 0x000000074d700000, 0x000000074d700000| Complete 

Card table byte_map: [0x000001c846940000,0x000001c846f40000] _byte_map_base: 0x000001c842f34000

Marking Bits (Prev, Next): (CMBitMap*) 0x000001c82ebdeb48, (CMBitMap*) 0x000001c82ebdeb88
 Prev Bits: [0x000001c847540000, 0x000001c84a4e0000)
 Next Bits: [0x000001c84a4e0000, 0x000001c84d480000)

Polling page: 0x000001c82c9d0000

Metaspace:

Usage:
  Non-class:     15.11 MB capacity,    14.94 MB ( 99%) used,   139.60 KB ( <1%) free+waste,    36.31 KB ( <1%) overhead. 
      Class:      2.02 MB capacity,     1.85 MB ( 92%) used,   155.07 KB (  7%) free+waste,    20.06 KB ( <1%) overhead. 
       Both:     17.14 MB capacity,    16.79 MB ( 98%) used,   294.67 KB (  2%) free+waste,    56.38 KB ( <1%) overhead. 

Virtual space:
  Non-class space:       16.00 MB reserved,      15.25 MB ( 95%) committed 
      Class space:        1.00 GB reserved,       2.13 MB ( <1%) committed 
             Both:        1.02 GB reserved,      17.38 MB (  2%) committed 

Chunk freelists:
   Non-Class:  12.00 KB
       Class:  7.00 KB
        Both:  19.00 KB

MaxMetaspaceSize: 17179869184.00 GB
CompressedClassSpaceSize: 1.00 GB

CodeHeap 'non-profiled nmethods': size=120000Kb used=690Kb max_used=690Kb free=119309Kb
 bounds [0x000001c83ee10000, 0x000001c83f080000, 0x000001c846340000]
CodeHeap 'profiled nmethods': size=120000Kb used=3525Kb max_used=3525Kb free=116474Kb
 bounds [0x000001c8378e0000, 0x000001c837c60000, 0x000001c83ee10000]
CodeHeap 'non-nmethods': size=5760Kb used=1359Kb max_used=1377Kb free=4400Kb
 bounds [0x000001c837340000, 0x000001c8375b0000, 0x000001c8378e0000]
 total_blobs=2480 nmethods=1822 adapters=570
 compilation: enabled
              stopped_count=0, restarted_count=0
 full_count=0

Compilation events (20 events):
Event: 46646.707 Thread 0x000001c850222000 1815       3       java.awt.Component::updateSelfGraphicsData (38 bytes)
Event: 46646.708 Thread 0x000001c850222000 nmethod 1815 0x000001c837c4cd90 code [0x000001c837c4cf80, 0x000001c837c4d4a8]
Event: 46646.709 Thread 0x000001c850222000 1816       1       sun.awt.NullComponentPeer::updateGraphicsData (2 bytes)
Event: 46646.709 Thread 0x000001c850222000 nmethod 1816 0x000001c83eebb610 code [0x000001c83eebb7a0, 0x000001c83eebb878]
Event: 47844.657 Thread 0x000001c850222000 1817       3       java.util.IdentityHashMap$IdentityHashMapIterator::nextIndex (72 bytes)
Event: 47844.660 Thread 0x000001c850222000 nmethod 1817 0x000001c837c4d610 code [0x000001c837c4d7e0, 0x000001c837c4dbe8]
Event: 47844.660 Thread 0x000001c850222000 1818       1       sun.java2d.SurfaceData::isValid (5 bytes)
Event: 47844.660 Thread 0x000001c850222000 nmethod 1818 0x000001c83eebb910 code [0x000001c83eebbaa0, 0x000001c83eebbb78]
Event: 47844.966 Thread 0x000001c850222000 1819       3       java.awt.geom.AffineTransform::equals (92 bytes)
Event: 47844.967 Thread 0x000001c850222000 nmethod 1819 0x000001c837c4dd90 code [0x000001c837c4df40, 0x000001c837c4e558]
Event: 47844.970 Thread 0x000001c850221000 1820  s    4       sun.java2d.loops.GraphicsPrimitive::makeUniqueID (26 bytes)
Event: 47844.970 Thread 0x000001c850222000 1821  s    3       sun.java2d.loops.GraphicsPrimitiveMgr::locatePrim (95 bytes)
Event: 47844.971 Thread 0x000001c850222000 nmethod 1821 0x000001c837c4e610 code [0x000001c837c4e820, 0x000001c837c4f248]
Event: 47844.971 Thread 0x000001c850222000 1822       3       java.beans.PropertyChangeSupport::firePropertyChange (81 bytes)
Event: 47844.972 Thread 0x000001c850221000 nmethod 1820 0x000001c83eebbc10 code [0x000001c83eebbdc0, 0x000001c83eebc098]
Event: 47844.973 Thread 0x000001c850222000 nmethod 1822 0x000001c837c4f610 code [0x000001c837c4f860, 0x000001c837c507e8]
Event: 47845.804 Thread 0x000001c850222000 1823       3       java.util.HashSet::<init> (40 bytes)
Event: 47845.806 Thread 0x000001c850222000 nmethod 1823 0x000001c837c50b90 code [0x000001c837c50dc0, 0x000001c837c51408]
Event: 47845.807 Thread 0x000001c850221000 1824       4       sun.java2d.loops.GraphicsPrimitiveMgr::locate (104 bytes)
Event: 47845.810 Thread 0x000001c850222000 1825       3       java.awt.Container::updateChildGraphicsData (55 bytes)

GC Heap History (4 events):
Event: 1.523 GC heap before
{Heap before GC invocations=0 (full 0):
 garbage-first heap   total 196608K, used 12288K [0x0000000741800000, 0x0000000800000000)
  region size 1024K, 13 young (13312K), 0 survivors (0K)
 Metaspace       used 9195K, capacity 9580K, committed 9856K, reserved 1058816K
  class space    used 966K, capacity 1096K, committed 1152K, reserved 1048576K
}
Event: 1.531 GC heap after
{Heap after GC invocations=1 (full 0):
 garbage-first heap   total 196608K, used 3538K [0x0000000741800000, 0x0000000800000000)
  region size 1024K, 2 young (2048K), 2 survivors (2048K)
 Metaspace       used 9195K, capacity 9580K, committed 9856K, reserved 1058816K
  class space    used 966K, capacity 1096K, committed 1152K, reserved 1048576K
}
Event: 2.119 GC heap before
{Heap before GC invocations=1 (full 0):
 garbage-first heap   total 196608K, used 13778K [0x0000000741800000, 0x0000000800000000)
  region size 1024K, 12 young (12288K), 2 survivors (2048K)
 Metaspace       used 15340K, capacity 15669K, committed 16000K, reserved 1062912K
  class space    used 1676K, capacity 1829K, committed 1920K, reserved 1048576K
}
Event: 2.125 GC heap after
{Heap after GC invocations=2 (full 0):
 garbage-first heap   total 196608K, used 5005K [0x0000000741800000, 0x0000000800000000)
  region size 1024K, 2 young (2048K), 2 survivors (2048K)
 Metaspace       used 15340K, capacity 15669K, committed 16000K, reserved 1062912K
  class space    used 1676K, capacity 1829K, committed 1920K, reserved 1048576K
}

Deoptimization events (20 events):
Event: 2.511 Thread 0x000001c850e47000 Uncommon trap: trap_request=0xffffff45 fr.pc=0x000001c83ee5eaa4 relative=0x0000000000000424
Event: 2.511 Thread 0x000001c850e47000 Uncommon trap: reason=unstable_if action=reinterpret pc=0x000001c83ee5eaa4 method=java.lang.String.substring(II)Ljava/lang/String; @ 31 c2
Event: 2.511 Thread 0x000001c850e47000 DEOPT PACKING pc=0x000001c83ee5eaa4 sp=0x00000076697fc850
Event: 2.511 Thread 0x000001c850e47000 DEOPT UNPACKING pc=0x000001c83738912f sp=0x00000076697fc820 mode 2
Event: 2406.722 Thread 0x000001c850e47000 Uncommon trap: trap_request=0xffffffde fr.pc=0x000001c83eeaa86c relative=0x0000000000000bec
Event: 2406.722 Thread 0x000001c850e47000 Uncommon trap: reason=class_check action=maybe_recompile pc=0x000001c83eeaa86c method=java.util.HashMap.putVal(ILjava/lang/Object;Ljava/lang/Object;ZZ)Ljava/lang/Object; @ 203 c2
Event: 2406.722 Thread 0x000001c850e47000 DEOPT PACKING pc=0x000001c83eeaa86c sp=0x00000076697feb30
Event: 2406.722 Thread 0x000001c850e47000 DEOPT UNPACKING pc=0x000001c83738912f sp=0x00000076697fea78 mode 2
Event: 2406.722 Thread 0x000001c850e47000 Uncommon trap: trap_request=0xffffffde fr.pc=0x000001c83eeaa86c relative=0x0000000000000bec
Event: 2406.722 Thread 0x000001c850e47000 Uncommon trap: reason=class_check action=maybe_recompile pc=0x000001c83eeaa86c method=java.util.HashMap.putVal(ILjava/lang/Object;Ljava/lang/Object;ZZ)Ljava/lang/Object; @ 203 c2
Event: 2406.722 Thread 0x000001c850e47000 DEOPT PACKING pc=0x000001c83eeaa86c sp=0x00000076697feb30
Event: 2406.722 Thread 0x000001c850e47000 DEOPT UNPACKING pc=0x000001c83738912f sp=0x00000076697fea78 mode 2
Event: 46638.744 Thread 0x000001c850e47000 Uncommon trap: trap_request=0xffffff45 fr.pc=0x000001c83ee70540 relative=0x00000000000002e0
Event: 46638.745 Thread 0x000001c850e47000 Uncommon trap: reason=unstable_if action=reinterpret pc=0x000001c83ee70540 method=java.util.HashMap$HashIterator.<init>(Ljava/util/HashMap;)V @ 45 c2
Event: 46638.745 Thread 0x000001c850e47000 DEOPT PACKING pc=0x000001c83ee70540 sp=0x00000076697feb90
Event: 46638.745 Thread 0x000001c850e47000 DEOPT UNPACKING pc=0x000001c83738912f sp=0x00000076697fea80 mode 2
Event: 46639.109 Thread 0x000001c850e47000 Uncommon trap: trap_request=0xffffff45 fr.pc=0x000001c83ee6feb8 relative=0x00000000000003d8
Event: 46639.109 Thread 0x000001c850e47000 Uncommon trap: reason=unstable_if action=reinterpret pc=0x000001c83ee6feb8 method=java.util.HashMap$HashIterator.<init>(Ljava/util/HashMap;)V @ 45 c2
Event: 46639.109 Thread 0x000001c850e47000 DEOPT PACKING pc=0x000001c83ee6feb8 sp=0x00000076697feae0
Event: 46639.111 Thread 0x000001c850e47000 DEOPT UNPACKING pc=0x000001c83738912f sp=0x00000076697fea98 mode 2

Classes unloaded (0 events):
No events

Classes redefined (0 events):
No events

Internal exceptions (20 events):
Event: 0.635 Thread 0x000001c82eb8b000 Exception <a 'java/lang/NoSuchMethodError'{0x000000074d4b40a0}: 'java.lang.Object java.lang.invoke.DirectMethodHandle$Holder.invokeStatic(java.lang.Object, int, java.lang.Object, java.lang.Object, java.lang.Object, java.lang.Object)'> (0x000000074d4b40a0) 
thrown [./open/src/hotspot/share/interpreter/linkResolver.cpp, line 766]
Event: 0.639 Thread 0x000001c82eb8b000 Exception <a 'java/lang/NoSuchMethodError'{0x000000074d4ba9c0}: 'java.lang.Object java.lang.invoke.DirectMethodHandle$Holder.invokeStatic(java.lang.Object, int, java.lang.Object, java.lang.Object, java.lang.Object)'> (0x000000074d4ba9c0) 
thrown [./open/src/hotspot/share/interpreter/linkResolver.cpp, line 766]
Event: 0.640 Thread 0x000001c82eb8b000 Exception <a 'java/lang/NoSuchMethodError'{0x000000074d4be210}: 'java.lang.Object java.lang.invoke.DirectMethodHandle$Holder.invokeSpecial(java.lang.Object, java.lang.Object, int, java.lang.Object, java.lang.Object, java.lang.Object)'> (0x000000074d4be210) 
thrown [./open/src/hotspot/share/interpreter/linkResolver.cpp, line 766]
Event: 0.645 Thread 0x000001c82eb8b000 Exception <a 'java/lang/NoSuchMethodError'{0x000000074d4d4800}: 'java.lang.Object java.lang.invoke.DirectMethodHandle$Holder.invokeStatic(java.lang.Object, int, java.lang.Object)'> (0x000000074d4d4800) 
thrown [./open/src/hotspot/share/interpreter/linkResolver.cpp, line 766]
Event: 0.682 Thread 0x000001c82eb8b000 Exception <a 'java/lang/ClassNotFoundException'{0x000000074d378838}: com/sun/swing/internal/plaf/metal/resources/spi/metalProvider> (0x000000074d378838) 
thrown [./open/src/hotspot/share/classfile/systemDictionary.cpp, line 226]
Event: 0.684 Thread 0x000001c82eb8b000 Exception <a 'java/lang/ClassNotFoundException'{0x000000074d37e888}: com/sun/swing/internal/plaf/basic/resources/spi/basicProvider> (0x000000074d37e888) 
thrown [./open/src/hotspot/share/classfile/systemDictionary.cpp, line 226]
Event: 1.299 Thread 0x000001c82eb8b000 Exception <a 'java/lang/NoSuchMethodError'{0x000000074cc9c500}: 'java.lang.Object java.lang.invoke.DirectMethodHandle$Holder.invokeStaticInit(java.lang.Object, int, int, int, int)'> (0x000000074cc9c500) 
thrown [./open/src/hotspot/share/interpreter/linkResolver.cpp, line 766]
Event: 1.432 Thread 0x000001c82eb8b000 Exception <a 'java/lang/NoSuchMethodError'{0x000000074ccb7cf8}: 'java.lang.Object java.lang.invoke.DirectMethodHandle$Holder.invokeStaticInit(java.lang.Object, java.lang.Object, int, int, int, int)'> (0x000000074ccb7cf8) 
thrown [./open/src/hotspot/share/interpreter/linkResolver.cpp, line 766]
Event: 1.476 Thread 0x000001c82eb8b000 Exception <a 'sun/nio/fs/WindowsException'{0x000000074cb71e80}> (0x000000074cb71e80) 
thrown [./open/src/hotspot/share/prims/jni.cpp, line 599]
Event: 1.478 Thread 0x000001c82eb8b000 Exception <a 'java/lang/NoSuchMethodError'{0x000000074cb73a38}: 'int java.lang.invoke.DirectMethodHandle$Holder.invokeSpecialIFC(java.lang.Object, java.lang.Object, int)'> (0x000000074cb73a38) 
thrown [./open/src/hotspot/share/interpreter/linkResolver.cpp, line 766]
Event: 1.491 Thread 0x000001c82eb8b000 Exception <a 'java/lang/NoSuchMethodError'{0x000000074cb9eac8}: 'int java.lang.invoke.DirectMethodHandle$Holder.invokeStaticInit(java.lang.Object, java.lang.Object, java.lang.Object, java.lang.Object)'> (0x000000074cb9eac8) 
thrown [./open/src/hotspot/share/interpreter/linkResolver.cpp, line 766]
Event: 1.492 Thread 0x000001c82eb8b000 Exception <a 'java/lang/IncompatibleClassChangeError'{0x000000074cba74d0}: Found class java.lang.Object, but interface was expected> (0x000000074cba74d0) 
thrown [./open/src/hotspot/share/interpreter/linkResolver.cpp, line 832]
Event: 1.493 Thread 0x000001c82eb8b000 Exception <a 'java/lang/NoSuchMethodError'{0x000000074cbaa050}: 'void java.lang.invoke.DirectMethodHandle$Holder.invokeStaticInit(java.lang.Object, java.lang.Object)'> (0x000000074cbaa050) 
thrown [./open/src/hotspot/share/interpreter/linkResolver.cpp, line 766]
Event: 1.494 Thread 0x000001c82eb8b000 Exception <a 'java/lang/NoSuchMethodError'{0x000000074cbaef88}: 'int java.lang.invoke.DirectMethodHandle$Holder.invokeStaticInit(java.lang.Object, java.lang.Object)'> (0x000000074cbaef88) 
thrown [./open/src/hotspot/share/interpreter/linkResolver.cpp, line 766]
Event: 1.742 Thread 0x000001c82eb8b000 Exception <a 'java/lang/NoSuchMethodError'{0x000000074d284c68}: 'void java.lang.invoke.DirectMethodHandle$Holder.invokeSpecial(java.lang.Object, java.lang.Object, java.lang.Object, java.lang.Object)'> (0x000000074d284c68) 
thrown [./open/src/hotspot/share/interpreter/linkResolver.cpp, line 766]
Event: 2.023 Thread 0x000001c82eb8b000 Implicit null exception at 0x000001c83ee31eaf to 0x000001c83ee31f2d
Event: 2.068 Thread 0x000001c82eb8b000 Exception <a 'java/io/FileNotFoundException'{0x000000074ce653a0}> (0x000000074ce653a0) 
thrown [./open/src/hotspot/share/prims/jni.cpp, line 599]
Event: 2.324 Thread 0x000001c82eb8b000 Exception <a 'java/lang/NoSuchMethodError'{0x000000074d4e1458}: 'void java.lang.invoke.DirectMethodHandle$Holder.invokeStaticInit(java.lang.Object)'> (0x000000074d4e1458) 
thrown [./open/src/hotspot/share/interpreter/linkResolver.cpp, line 766]
Event: 2.334 Thread 0x000001c82eb8b000 Exception <a 'java/lang/NoSuchMethodError'{0x000000074d341240}: 'java.lang.Object java.lang.invoke.Invokers$Holder.linkToTargetMethod(java.lang.Object, int, java.lang.Object)'> (0x000000074d341240) 
thrown [./open/src/hotspot/share/interpreter/linkResolver.cpp, line 766]
Event: 46376.944 Thread 0x000001c850e47000 Exception <a 'java/lang/NoSuchMethodError'{0x000000074d22f610}: 'void java.lang.invoke.DirectMethodHandle$Holder.invokeVirtual(java.lang.Object, java.lang.Object)'> (0x000000074d22f610) 
thrown [./open/src/hotspot/share/interpreter/linkResolver.cpp, line 766]

Events (20 events):
Event: 46377.169 Executing VM operation: HandshakeOneThread done
Event: 46377.169 Executing VM operation: HandshakeOneThread
Event: 46377.169 Executing VM operation: HandshakeOneThread done
Event: 46377.169 Executing VM operation: HandshakeOneThread
Event: 46377.169 Executing VM operation: HandshakeOneThread done
Event: 46377.169 Executing VM operation: HandshakeOneThread
Event: 46377.169 Executing VM operation: HandshakeOneThread done
Event: 46377.169 Executing VM operation: HandshakeOneThread
Event: 46377.169 Executing VM operation: HandshakeOneThread done
Event: 46377.169 Executing VM operation: HandshakeOneThread
Event: 46377.169 Executing VM operation: HandshakeOneThread done
Event: 46377.169 Executing VM operation: HandshakeOneThread
Event: 46377.169 Executing VM operation: HandshakeOneThread done
Event: 46377.170 Executing VM operation: HandshakeOneThread
Event: 46377.170 Executing VM operation: HandshakeOneThread done
Event: 46377.170 Executing VM operation: HandshakeOneThread
Event: 46377.170 Executing VM operation: HandshakeOneThread done
Event: 46377.170 Executing VM operation: BulkRevokeBias
Event: 46377.170 Executing VM operation: BulkRevokeBias done
Event: 46638.608 Loaded shared library C:\Environment\Java\jdk-14.0.2\bin\java.dll


Dynamic libraries:
0x00007ff69c0f0000 - 0x00007ff69c0ff000 	C:\Environment\Java\jdk-14.0.2\bin\java.exe
0x00007fff35b70000 - 0x00007fff35d65000 	C:\Windows\SYSTEM32\ntdll.dll
0x00007fff35a00000 - 0x00007fff35abd000 	C:\Windows\System32\KERNEL32.DLL
0x00007fff337b0000 - 0x00007fff33a78000 	C:\Windows\System32\KERNELBASE.dll
0x00007fff332b0000 - 0x00007fff333b0000 	C:\Windows\System32\ucrtbase.dll
0x00007fff211a0000 - 0x00007fff211b8000 	C:\Environment\Java\jdk-14.0.2\bin\jli.dll
0x00007fff33c00000 - 0x00007fff33cac000 	C:\Windows\System32\ADVAPI32.dll
0x00007fff35770000 - 0x00007fff3580e000 	C:\Windows\System32\msvcrt.dll
0x00007fff35520000 - 0x00007fff355bb000 	C:\Windows\System32\sechost.dll
0x00007fff34280000 - 0x00007fff343ab000 	C:\Windows\System32\RPCRT4.dll
0x00007fff340e0000 - 0x00007fff34280000 	C:\Windows\System32\USER32.dll
0x00007fff336f0000 - 0x00007fff33712000 	C:\Windows\System32\win32u.dll
0x00007fff21180000 - 0x00007fff21195000 	C:\Environment\Java\jdk-14.0.2\bin\VCRUNTIME140.dll
0x00007fff21670000 - 0x00007fff2190a000 	C:\Windows\WinSxS\amd64_microsoft.windows.common-controls_6595b64144ccf1df_6.0.19041.1052_none_60b8f8fd71f5e8cb\COMCTL32.dll
0x00007fff354f0000 - 0x00007fff3551a000 	C:\Windows\System32\GDI32.dll
0x00007fff33460000 - 0x00007fff3356b000 	C:\Windows\System32\gdi32full.dll
0x00007fff33650000 - 0x00007fff336ed000 	C:\Windows\System32\msvcp_win.dll
0x00007fff2abb0000 - 0x00007fff2abba000 	C:\Windows\SYSTEM32\VERSION.dll
0x00007fff35430000 - 0x00007fff35460000 	C:\Windows\System32\IMM32.DLL
0x00007ffed14b0000 - 0x00007ffed154b000 	C:\Environment\Java\jdk-14.0.2\bin\msvcp140.dll
0x00007ffed0490000 - 0x00007ffed0fae000 	C:\Environment\Java\jdk-14.0.2\bin\server\jvm.dll
0x00007fff343b0000 - 0x00007fff343b8000 	C:\Windows\System32\PSAPI.DLL
0x00007fff2d270000 - 0x00007fff2d279000 	C:\Windows\SYSTEM32\WSOCK32.dll
0x00007fff35ac0000 - 0x00007fff35b2b000 	C:\Windows\System32\WS2_32.dll
0x00007fff1fa40000 - 0x00007fff1fa67000 	C:\Windows\SYSTEM32\WINMM.dll
0x00007fff31b80000 - 0x00007fff31b92000 	C:\Windows\SYSTEM32\kernel.appcore.dll
0x00007ffef1320000 - 0x00007ffef132a000 	C:\Environment\Java\jdk-14.0.2\bin\jimage.dll
0x00007fff30060000 - 0x00007fff30244000 	C:\Windows\SYSTEM32\DBGHELP.DLL
0x00007fff1b3d0000 - 0x00007fff1b3fc000 	C:\Windows\SYSTEM32\dbgcore.DLL
0x00007fff33720000 - 0x00007fff337a3000 	C:\Windows\System32\bcryptPrimitives.dll
0x00007fff2e030000 - 0x00007fff2e03e000 	C:\Environment\Java\jdk-14.0.2\bin\instrument.dll
0x00007ffed5170000 - 0x00007ffed5195000 	C:\Environment\Java\jdk-14.0.2\bin\java.dll
0x00007ffed2800000 - 0x00007ffed2816000 	C:\Environment\Java\jdk-14.0.2\bin\zip.dll
0x00007fff343c0000 - 0x00007fff34aff000 	C:\Windows\System32\SHELL32.dll
0x00007fff30920000 - 0x00007fff310b0000 	C:\Windows\SYSTEM32\windows.storage.dll
0x00007fff350d0000 - 0x00007fff35425000 	C:\Windows\System32\combase.dll
0x00007fff32c50000 - 0x00007fff32c7c000 	C:\Windows\SYSTEM32\Wldp.dll
0x00007fff33cb0000 - 0x00007fff33d5e000 	C:\Windows\System32\SHCORE.dll
0x00007fff359a0000 - 0x00007fff359f5000 	C:\Windows\System32\shlwapi.dll
0x00007fff331f0000 - 0x00007fff3320f000 	C:\Windows\SYSTEM32\profapi.dll
0x00007ffed27e0000 - 0x00007ffed27f9000 	C:\Environment\Java\jdk-14.0.2\bin\net.dll
0x00007fff21310000 - 0x00007fff2141b000 	C:\Windows\SYSTEM32\WINHTTP.dll
0x00007fff329c0000 - 0x00007fff32a2a000 	C:\Windows\system32\mswsock.dll
0x00007ffed27c0000 - 0x00007ffed27d2000 	C:\Environment\Java\jdk-14.0.2\bin\nio.dll
0x00007fff2df80000 - 0x00007fff2df9a000 	F:\IntelliJ IDEA 2020.3.3\bin\breakgen64.dll
0x00007ffed5ed0000 - 0x00007ffed6069000 	C:\Environment\Java\jdk-14.0.2\bin\awt.dll
0x00007fff33fb0000 - 0x00007fff3407d000 	C:\Windows\System32\OLEAUT32.dll
0x00007fff2fce0000 - 0x00007fff2fd70000 	C:\Windows\SYSTEM32\apphelp.dll
0x00007fff30250000 - 0x00007fff3027f000 	C:\Windows\system32\DWMAPI.DLL
0x00007fff2fe40000 - 0x00007fff2fede000 	C:\Windows\system32\uxtheme.dll
0x00007fff0fbc0000 - 0x00007fff0fce6000 	C:\Windows\system32\opengl32.dll
0x00007fff0fb90000 - 0x00007fff0fbbc000 	C:\Windows\SYSTEM32\GLU32.dll
0x00007fff33e90000 - 0x00007fff33fa5000 	C:\Windows\System32\MSCTF.dll
0x00007fff33d60000 - 0x00007fff33e8a000 	C:\Windows\System32\ole32.dll
0x00007fff0ccc0000 - 0x00007fff0ccd7000 	C:\Windows\system32\napinsp.dll
0x00007fff0c8c0000 - 0x00007fff0c8db000 	C:\Windows\system32\pnrpnsp.dll
0x00007fff0c8a0000 - 0x00007fff0c8b5000 	C:\Windows\system32\wshbth.dll
0x00007fff2df00000 - 0x00007fff2df1d000 	C:\Windows\system32\NLAapi.dll
0x00007fff326b0000 - 0x00007fff326eb000 	C:\Windows\SYSTEM32\IPHLPAPI.DLL
0x00007fff326f0000 - 0x00007fff327bc000 	C:\Windows\SYSTEM32\DNSAPI.dll
0x00007fff35060000 - 0x00007fff35068000 	C:\Windows\System32\NSI.dll
0x00007fff0c880000 - 0x00007fff0c892000 	C:\Windows\System32\winrnr.dll
0x00007fff1d860000 - 0x00007fff1d86a000 	C:\Windows\System32\rasadhlp.dll
0x00007fff21590000 - 0x00007fff2160f000 	C:\Windows\System32\fwpuclnt.dll
0x00007fff33570000 - 0x00007fff33597000 	C:\Windows\System32\bcrypt.dll
0x00007fff32b90000 - 0x00007fff32ba8000 	C:\Windows\SYSTEM32\CRYPTSP.dll
0x00007fff32360000 - 0x00007fff32394000 	C:\Windows\system32\rsaenh.dll
0x00007fff331b0000 - 0x00007fff331de000 	C:\Windows\SYSTEM32\USERENV.dll
0x00007fff32bb0000 - 0x00007fff32bbc000 	C:\Windows\SYSTEM32\CRYPTBASE.dll
0x00007fff24dd0000 - 0x00007fff24de7000 	C:\Windows\SYSTEM32\dhcpcsvc6.DLL
0x00007fff252c0000 - 0x00007fff252dd000 	C:\Windows\SYSTEM32\dhcpcsvc.DLL
0x00007fff2b920000 - 0x00007fff2b92e000 	C:\Environment\Java\jdk-14.0.2\bin\sunmscapi.dll
0x00007fff33a80000 - 0x00007fff33bdf000 	C:\Windows\System32\CRYPT32.dll
0x00007fff32cc0000 - 0x00007fff32ce7000 	C:\Windows\SYSTEM32\ncrypt.dll
0x00007fff32c80000 - 0x00007fff32cbb000 	C:\Windows\SYSTEM32\NTASN1.dll
0x00007fff02d10000 - 0x00007fff02d35000 	C:\Environment\Java\jdk-14.0.2\bin\sunec.dll
0x00007ffeda4c0000 - 0x00007ffeda542000 	C:\Environment\Java\jdk-14.0.2\bin\freetype.dll
0x00007ffeda410000 - 0x00007ffeda4b6000 	C:\Environment\Java\jdk-14.0.2\bin\fontmanager.dll
0x00007ffeda3e0000 - 0x00007ffeda40d000 	C:\Environment\Java\jdk-14.0.2\bin\javajpeg.dll
0x00007fff24900000 - 0x00007fff249f9000 	C:\Windows\SYSTEM32\textinputframework.dll
0x00007fff2f2f0000 - 0x00007fff2f64e000 	C:\Windows\System32\CoreUIComponents.dll
0x00007fff2f9d0000 - 0x00007fff2fac2000 	C:\Windows\System32\CoreMessaging.dll
0x00007fff2e1d0000 - 0x00007fff2e324000 	C:\Windows\SYSTEM32\wintypes.dll
0x00007fff31ff0000 - 0x00007fff32023000 	C:\Windows\SYSTEM32\ntmarta.dll
0x00007fff21c30000 - 0x00007fff21cdc000 	C:\Windows\SYSTEM32\TextShaping.dll

dbghelp: loaded successfully - version: 4.0.5 - missing functions: none
symbol engine: initialized successfully - sym options: 0x614 - pdb path: .;C:\Environment\Java\jdk-14.0.2\bin;C:\Windows\SYSTEM32;C:\Windows\WinSxS\amd64_microsoft.windows.common-controls_6595b64144ccf1df_6.0.19041.1052_none_60b8f8fd71f5e8cb;C:\Environment\Java\jdk-14.0.2\bin\server;F:\IntelliJ IDEA 2020.3.3\bin

VM Arguments:
jvm_args: -javaagent:F:\IntelliJ IDEA 2020.3.3\lib\idea_rt.jar=56583:F:\IntelliJ IDEA 2020.3.3\bin -Dfile.encoding=UTF-8 
java_command: view.panel.SourceJPanel
java_class_path (initial): D:\JavaProject\ParkSystem\out\production\ParkSystem;C:\Environment\Java\mssql-jdbc-7.0.0.jre8.jar;C:\Environment\Java\datepicker.jar
Launcher Type: SUN_STANDARD

[Global flags]
     intx CICompilerCount                          = 3                                         {product} {ergonomic}
     uint ConcGCThreads                            = 1                                         {product} {ergonomic}
     uint G1ConcRefinementThreads                  = 4                                         {product} {ergonomic}
   size_t G1HeapRegionSize                         = 1048576                                   {product} {ergonomic}
    uintx GCDrainStackTargetSize                   = 64                                        {product} {ergonomic}
   size_t InitialHeapSize                          = 201326592                                 {product} {ergonomic}
   size_t MarkStackSize                            = 4194304                                   {product} {ergonomic}
   size_t MaxHeapSize                              = 3196059648                                {product} {ergonomic}
   size_t MaxNewSize                               = 1916796928                                {product} {ergonomic}
   size_t MinHeapDeltaBytes                        = 1048576                                   {product} {ergonomic}
   size_t MinHeapSize                              = 8388608                                   {product} {ergonomic}
    uintx NonNMethodCodeHeapSize                   = 5832780                                {pd product} {ergonomic}
    uintx NonProfiledCodeHeapSize                  = 122912730                              {pd product} {ergonomic}
    uintx ProfiledCodeHeapSize                     = 122912730                              {pd product} {ergonomic}
    uintx ReservedCodeCacheSize                    = 251658240                              {pd product} {ergonomic}
     bool SegmentedCodeCache                       = true                                      {product} {ergonomic}
   size_t SoftMaxHeapSize                          = 3196059648                             {manageable} {ergonomic}
     bool UseCompressedClassPointers               = true                                 {lp64_product} {ergonomic}
     bool UseCompressedOops                        = true                                 {lp64_product} {ergonomic}
     bool UseG1GC                                  = true                                      {product} {ergonomic}
     bool UseLargePagesIndividualAllocation        = false                                  {pd product} {ergonomic}

Logging:
Log output configuration:
 #0: stdout all=warning uptime,level,tags
 #1: stderr all=off uptime,level,tags

Environment Variables:
JAVA_HOME=C:\Environment\Java\jdk1.8.0_77\
CLASSPATH=.;C:\Environment\Java\jdk1.8.0_77\\bin;C:\Environment\Java\jdk1.8.0_77\\jre\bin
PATH=C:\Windows\system32;C:\Windows;C:\Windows\System32\Wbem;C:\Windows\System32\WindowsPowerShell\v1.0\;C:\Windows\System32\OpenSSH\;C:\Environment\Java\jdk1.8.0_77\\bin;C:\Environment\Java\jdk1.8.0_77\\jre\bin;C:\Environment\Maven\apache-maven-3.8.1\bin;C:\Environment\MinGW\MinGW\bin;C:\Environment\Java\jdk-14.0.2\\bin;C:\Environment\Java\jdk-14.0.2\\jre\bin;C:\Program Files\Microsoft SQL Server\Client SDK\ODBC\170\Tools\Binn\;C:\Program Files (x86)\Microsoft SQL Server\150\Tools\Binn\;C:\Program Files\Microsoft SQL Server\150\Tools\Binn\;C:\Program Files\Microsoft SQL Server\150\DTS\Binn\;C:\Program Files (x86)\Microsoft SQL Server\150\DTS\Binn\;C:\Program Files\Azure Data Studio\bin;G:\AndroidSDK\platform-tools;F:\MySQL\mysql-5.7.19\bin;F:\Pythonlwt\Scripts\;F:\Pythonlwt\;C:\Users\Administrator\AppData\Local\Microsoft\WindowsApps;C:\Program Files\Azure Data Studio\bin;C:\Users\Administrator\AppData\Local\Programs\Microsoft VS Code\bin;F:\Microsoft VS Code\bin
USERNAME=Administrator
OS=Windows_NT
PROCESSOR_IDENTIFIER=Intel64 Family 6 Model 142 Stepping 9, GenuineIntel



---------------  S Y S T E M  ---------------

OS: Windows 10 , 64 bit Build 19041 (10.0.19041.1023)
OS uptime: 0 days 14:26 hours

CPU:total 4 (initial active 4) (2 cores per cpu, 2 threads per core) family 6 model 142 stepping 9, cmov, cx8, fxsr, mmx, sse, sse2, sse3, ssse3, sse4.1, sse4.2, popcnt, avx, avx2, aes, clmul, erms, 3dnowpref, lzcnt, ht, tsc, tscinvbit, bmi1, bmi2, adx, fma

Memory: 4k page, system-wide physical 12186M (2873M free)
TotalPageFile size 30782M (AvailPageFile size 0M)
current process WorkingSet (physical memory assigned to process): 49M, peak: 105M
current process commit charge ("private bytes"): 296M, peak: 301M

vm_info: Java HotSpot(TM) 64-Bit Server VM (14.0.2+12-46) for windows-amd64 JRE (14.0.2+12-46), built on Jul  9 2020 00:35:52 by "mach5one" with MS VC++ 15.9 (VS2017)

END.
